[0.007s] Invoking command in '/home/zjq/MY_CODE/detectArmor_ros/DetectArmor-ros-/build/hik_camera': CMAKE_PREFIX_PATH=${CMAKE_PREFIX_PATH}:/opt/ros/humble /usr/bin/cmake /home/zjq/MY_CODE/detectArmor_ros/DetectArmor-ros-/src/hik_camera -DCMAKE_INSTALL_PREFIX=/home/zjq/MY_CODE/detectArmor_ros/DetectArmor-ros-/install/hik_camera
[0.051s] -- The C compiler identification is GNU 11.4.0
[0.091s] -- The CXX compiler identification is GNU 11.4.0
[0.095s] -- Detecting C compiler ABI info
[0.153s] -- Detecting C compiler ABI info - done
[0.158s] -- Check for working C compiler: /usr/bin/cc - skipped
[0.159s] -- Detecting C compile features
[0.159s] -- Detecting C compile features - done
[0.160s] -- Detecting CXX compiler ABI info
[0.218s] -- Detecting CXX compiler ABI info - done
[0.223s] -- Check for working CXX compiler: /usr/bin/c++ - skipped
[0.223s] -- Detecting CXX compile features
[0.223s] -- Detecting CXX compile features - done
[0.224s] -- Found ament_cmake_auto: 1.3.11 (/opt/ros/humble/share/ament_cmake_auto/cmake)
[0.338s] -- Found Python3: /usr/bin/python3 (found version "3.10.12") found components: Interpreter 
[0.449s] -- Found rosidl_generator_c: 3.1.6 (/opt/ros/humble/share/rosidl_generator_c/cmake)
[0.451s] -- Found rosidl_adapter: 3.1.6 (/opt/ros/humble/share/rosidl_adapter/cmake)
[0.455s] -- Found rosidl_generator_cpp: 3.1.6 (/opt/ros/humble/share/rosidl_generator_cpp/cmake)
[0.461s] -- Using all available rosidl_typesupport_c: rosidl_typesupport_fastrtps_c;rosidl_typesupport_introspection_c
[0.469s] -- Using all available rosidl_typesupport_cpp: rosidl_typesupport_fastrtps_cpp;rosidl_typesupport_introspection_cpp
[0.490s] -- Found rmw_implementation_cmake: 6.1.2 (/opt/ros/humble/share/rmw_implementation_cmake/cmake)
[0.491s] -- Found rmw_fastrtps_cpp: 6.2.7 (/opt/ros/humble/share/rmw_fastrtps_cpp/cmake)
[0.558s] -- Found OpenSSL: /usr/lib/x86_64-linux-gnu/libcrypto.so (found version "3.0.2")  
[0.575s] -- Found FastRTPS: /opt/ros/humble/include  
[0.598s] -- Using RMW implementation 'rmw_fastrtps_cpp' as default
[0.602s] -- Looking for pthread.h
[0.661s] -- Looking for pthread.h - found
[0.661s] -- Performing Test CMAKE_HAVE_LIBC_PTHREAD
[0.729s] -- Performing Test CMAKE_HAVE_LIBC_PTHREAD - Success
[0.730s] -- Found Threads: TRUE  
[0.823s] -- Found ament_lint_auto: 0.12.11 (/opt/ros/humble/share/ament_lint_auto/cmake)
[0.835s] -- Added test 'cppcheck' to perform static code analysis on C / C++ code
[0.835s] -- Configured cppcheck include dirs: /home/zjq/MY_CODE/detectArmor_ros/DetectArmor-ros-/src/hik_camera/include;/home/zjq/MY_CODE/detectArmor_ros/DetectArmor-ros-/src/hik_camera/hik_sdk/include
[0.835s] -- Configured cppcheck exclude dirs and/or files: 
[0.835s] -- Added test 'flake8' to check Python code syntax and style conventions
[0.836s] -- Added test 'lint_cmake' to check CMake code style
[0.837s] -- Added test 'pep257' to check Python code against some of the docstring style conventions in PEP 257
[0.838s] -- Added test 'xmllint' to check XML markup files
[0.839s] -- Configuring done
[0.846s] -- Generating done
[0.850s] -- Build files have been written to: /home/zjq/MY_CODE/detectArmor_ros/DetectArmor-ros-/build/hik_camera
[0.856s] Invoked command in '/home/zjq/MY_CODE/detectArmor_ros/DetectArmor-ros-/build/hik_camera' returned '0': CMAKE_PREFIX_PATH=${CMAKE_PREFIX_PATH}:/opt/ros/humble /usr/bin/cmake /home/zjq/MY_CODE/detectArmor_ros/DetectArmor-ros-/src/hik_camera -DCMAKE_INSTALL_PREFIX=/home/zjq/MY_CODE/detectArmor_ros/DetectArmor-ros-/install/hik_camera
[0.858s] Invoking command in '/home/zjq/MY_CODE/detectArmor_ros/DetectArmor-ros-/build/hik_camera': CMAKE_PREFIX_PATH=${CMAKE_PREFIX_PATH}:/opt/ros/humble /usr/bin/cmake --build /home/zjq/MY_CODE/detectArmor_ros/DetectArmor-ros-/build/hik_camera -- -j22 -l22
[0.900s] [ 20%] [32mBuilding CXX object CMakeFiles/hik_camera.dir/src/hik_camera_node.cpp.o[0m
[0.900s] [ 40%] [32mBuilding CXX object CMakeFiles/hik_camera.dir/src/hik_camera_setup.cpp.o[0m
[0.901s] [ 60%] [32mBuilding CXX object CMakeFiles/hik_camera_node.dir/rclcpp_components/node_main_hik_camera_node.cpp.o[0m
[2.995s] [ 80%] [32m[1mLinking CXX executable hik_camera_node[0m
[3.081s] [ 80%] Built target hik_camera_node
[3.306s] [100%] [32m[1mLinking CXX shared library libhik_camera.so[0m
[3.418s] [100%] Built target hik_camera
[3.426s] Invoked command in '/home/zjq/MY_CODE/detectArmor_ros/DetectArmor-ros-/build/hik_camera' returned '0': CMAKE_PREFIX_PATH=${CMAKE_PREFIX_PATH}:/opt/ros/humble /usr/bin/cmake --build /home/zjq/MY_CODE/detectArmor_ros/DetectArmor-ros-/build/hik_camera -- -j22 -l22
[3.428s] Invoking command in '/home/zjq/MY_CODE/detectArmor_ros/DetectArmor-ros-/build/hik_camera': CMAKE_PREFIX_PATH=${CMAKE_PREFIX_PATH}:/opt/ros/humble /usr/bin/cmake --install /home/zjq/MY_CODE/detectArmor_ros/DetectArmor-ros-/build/hik_camera
[3.437s] -- Install configuration: ""
[3.437s] -- Installing: /home/zjq/MY_CODE/detectArmor_ros/DetectArmor-ros-/install/hik_camera/lib
[3.437s] -- Installing: /home/zjq/MY_CODE/detectArmor_ros/DetectArmor-ros-/install/hik_camera/lib/MvFGProducerCXP.cti
[3.437s] -- Installing: /home/zjq/MY_CODE/detectArmor_ros/DetectArmor-ros-/install/hik_camera/lib/libLog_gcc447_v3_0.so
[3.437s] -- Installing: /home/zjq/MY_CODE/detectArmor_ros/DetectArmor-ros-/install/hik_camera/lib/libMvCamLVision.so.4.1.0.3
[3.440s] -- Installing: /home/zjq/MY_CODE/detectArmor_ros/DetectArmor-ros-/install/hik_camera/lib/libGCBase_gcc447_v3_0.so
[3.440s] -- Installing: /home/zjq/MY_CODE/detectArmor_ros/DetectArmor-ros-/install/hik_camera/lib/libMvCameraControlWrapper.so
[3.440s] -- Installing: /home/zjq/MY_CODE/detectArmor_ros/DetectArmor-ros-/install/hik_camera/lib/libMvCamLVision.so
[3.444s] -- Installing: /home/zjq/MY_CODE/detectArmor_ros/DetectArmor-ros-/install/hik_camera/lib/libFormatConversion.so
[3.444s] -- Installing: /home/zjq/MY_CODE/detectArmor_ros/DetectArmor-ros-/install/hik_camera/lib/libMVRender.so
[3.444s] -- Installing: /home/zjq/MY_CODE/detectArmor_ros/DetectArmor-ros-/install/hik_camera/lib/MvProducerGEV.cti
[3.444s] -- Installing: /home/zjq/MY_CODE/detectArmor_ros/DetectArmor-ros-/install/hik_camera/lib/MvFGProducerGEV.cti
[3.444s] -- Installing: /home/zjq/MY_CODE/detectArmor_ros/DetectArmor-ros-/install/hik_camera/lib/libMvCameraControlWrapper.so.1.0.1.0
[3.445s] -- Installing: /home/zjq/MY_CODE/detectArmor_ros/DetectArmor-ros-/install/hik_camera/lib/MvFGProducerXoF.cti
[3.445s] -- Installing: /home/zjq/MY_CODE/detectArmor_ros/DetectArmor-ros-/install/hik_camera/lib/libMVGigEVisionSDK.so.4.1.2.2
[3.445s] -- Installing: /home/zjq/MY_CODE/detectArmor_ros/DetectArmor-ros-/install/hik_camera/lib/libGenCP_gcc447_v3_0.so
[3.445s] -- Installing: /home/zjq/MY_CODE/detectArmor_ros/DetectArmor-ros-/install/hik_camera/lib/MvFGProducerCML.cti
[3.446s] -- Installing: /home/zjq/MY_CODE/detectArmor_ros/DetectArmor-ros-/install/hik_camera/lib/CommonParameters.ini
[3.446s] -- Installing: /home/zjq/MY_CODE/detectArmor_ros/DetectArmor-ros-/install/hik_camera/lib/libCLProtocol_gcc447_v3_0.so
[3.446s] -- Installing: /home/zjq/MY_CODE/detectArmor_ros/DetectArmor-ros-/install/hik_camera/lib/libCLAllSerial_gcc447_v3_0.so
[3.446s] -- Installing: /home/zjq/MY_CODE/detectArmor_ros/DetectArmor-ros-/install/hik_camera/lib/MvProducerU3V.cti
[3.446s] -- Installing: /home/zjq/MY_CODE/detectArmor_ros/DetectArmor-ros-/install/hik_camera/lib/libMVFGControl.so
[3.449s] -- Installing: /home/zjq/MY_CODE/detectArmor_ros/DetectArmor-ros-/install/hik_camera/lib/libMvCameraControl.so.4.1.2.2
[3.452s] -- Installing: /home/zjq/MY_CODE/detectArmor_ros/DetectArmor-ros-/install/hik_camera/lib/libusb-1.0.so.0
[3.452s] -- Installing: /home/zjq/MY_CODE/detectArmor_ros/DetectArmor-ros-/install/hik_camera/lib/libMediaProcess.so
[3.454s] -- Installing: /home/zjq/MY_CODE/detectArmor_ros/DetectArmor-ros-/install/hik_camera/lib/libCLSerCOM.so
[3.455s] -- Installing: /home/zjq/MY_CODE/detectArmor_ros/DetectArmor-ros-/install/hik_camera/lib/libMvUsb3vTL.so.4.1.2.2
[3.455s] -- Installing: /home/zjq/MY_CODE/detectArmor_ros/DetectArmor-ros-/install/hik_camera/lib/libMVGigEVisionSDK.so
[3.455s] -- Installing: /home/zjq/MY_CODE/detectArmor_ros/DetectArmor-ros-/install/hik_camera/lib/libavutil.so
[3.456s] -- Installing: /home/zjq/MY_CODE/detectArmor_ros/DetectArmor-ros-/install/hik_camera/lib/liblog4cpp_gcc447_v3_0.so
[3.456s] -- Installing: /home/zjq/MY_CODE/detectArmor_ros/DetectArmor-ros-/install/hik_camera/lib/libMvCameraControl.so
[3.459s] -- Installing: /home/zjq/MY_CODE/detectArmor_ros/DetectArmor-ros-/install/hik_camera/lib/libMvUsb3vTL.so
[3.459s] -- Installing: /home/zjq/MY_CODE/detectArmor_ros/DetectArmor-ros-/install/hik_camera/lib/libCLSerHvc.so
[3.459s] -- Installing: /home/zjq/MY_CODE/detectArmor_ros/DetectArmor-ros-/install/hik_camera/lib/libswscale.so
[3.460s] -- Installing: /home/zjq/MY_CODE/detectArmor_ros/DetectArmor-ros-/install/hik_camera/lib/hik_camera/hik_camera_node
[3.461s] -- Set runtime path of "/home/zjq/MY_CODE/detectArmor_ros/DetectArmor-ros-/install/hik_camera/lib/hik_camera/hik_camera_node" to ""
[3.461s] -- Installing: /home/zjq/MY_CODE/detectArmor_ros/DetectArmor-ros-/install/hik_camera/include
[3.461s] -- Installing: /home/zjq/MY_CODE/detectArmor_ros/DetectArmor-ros-/install/hik_camera/include/hik_camera_node.h
[3.461s] -- Installing: /home/zjq/MY_CODE/detectArmor_ros/DetectArmor-ros-/install/hik_camera/include/hik_camera_setup.h
[3.461s] -- Installing: /home/zjq/MY_CODE/detectArmor_ros/DetectArmor-ros-/install/hik_camera/share/hik_camera/environment/library_path.sh
[3.461s] -- Installing: /home/zjq/MY_CODE/detectArmor_ros/DetectArmor-ros-/install/hik_camera/share/hik_camera/environment/library_path.dsv
[3.461s] -- Installing: /home/zjq/MY_CODE/detectArmor_ros/DetectArmor-ros-/install/hik_camera/lib/libhik_camera.so
[3.462s] -- Set runtime path of "/home/zjq/MY_CODE/detectArmor_ros/DetectArmor-ros-/install/hik_camera/lib/libhik_camera.so" to ""
[3.462s] -- Installing: /home/zjq/MY_CODE/detectArmor_ros/DetectArmor-ros-/install/hik_camera/share/hik_camera/config
[3.462s] -- Installing: /home/zjq/MY_CODE/detectArmor_ros/DetectArmor-ros-/install/hik_camera/share/hik_camera/config/camera_params.yaml
[3.462s] -- Installing: /home/zjq/MY_CODE/detectArmor_ros/DetectArmor-ros-/install/hik_camera/share/hik_camera/config/camera_info.yaml
[3.462s] -- Installing: /home/zjq/MY_CODE/detectArmor_ros/DetectArmor-ros-/install/hik_camera/share/hik_camera/launch
[3.462s] -- Installing: /home/zjq/MY_CODE/detectArmor_ros/DetectArmor-ros-/install/hik_camera/share/hik_camera/launch/hik_camera.launch.py
[3.462s] -- Installing: /home/zjq/MY_CODE/detectArmor_ros/DetectArmor-ros-/install/hik_camera/share/ament_index/resource_index/package_run_dependencies/hik_camera
[3.462s] -- Installing: /home/zjq/MY_CODE/detectArmor_ros/DetectArmor-ros-/install/hik_camera/share/ament_index/resource_index/parent_prefix_path/hik_camera
[3.462s] -- Installing: /home/zjq/MY_CODE/detectArmor_ros/DetectArmor-ros-/install/hik_camera/share/hik_camera/environment/ament_prefix_path.sh
[3.462s] -- Installing: /home/zjq/MY_CODE/detectArmor_ros/DetectArmor-ros-/install/hik_camera/share/hik_camera/environment/ament_prefix_path.dsv
[3.462s] -- Installing: /home/zjq/MY_CODE/detectArmor_ros/DetectArmor-ros-/install/hik_camera/share/hik_camera/environment/path.sh
[3.462s] -- Installing: /home/zjq/MY_CODE/detectArmor_ros/DetectArmor-ros-/install/hik_camera/share/hik_camera/environment/path.dsv
[3.462s] -- Installing: /home/zjq/MY_CODE/detectArmor_ros/DetectArmor-ros-/install/hik_camera/share/hik_camera/local_setup.bash
[3.462s] -- Installing: /home/zjq/MY_CODE/detectArmor_ros/DetectArmor-ros-/install/hik_camera/share/hik_camera/local_setup.sh
[3.462s] -- Installing: /home/zjq/MY_CODE/detectArmor_ros/DetectArmor-ros-/install/hik_camera/share/hik_camera/local_setup.zsh
[3.462s] -- Installing: /home/zjq/MY_CODE/detectArmor_ros/DetectArmor-ros-/install/hik_camera/share/hik_camera/local_setup.dsv
[3.462s] -- Installing: /home/zjq/MY_CODE/detectArmor_ros/DetectArmor-ros-/install/hik_camera/share/hik_camera/package.dsv
[3.463s] -- Installing: /home/zjq/MY_CODE/detectArmor_ros/DetectArmor-ros-/install/hik_camera/share/ament_index/resource_index/packages/hik_camera
[3.463s] -- Installing: /home/zjq/MY_CODE/detectArmor_ros/DetectArmor-ros-/install/hik_camera/share/ament_index/resource_index/rclcpp_components/hik_camera
[3.463s] -- Installing: /home/zjq/MY_CODE/detectArmor_ros/DetectArmor-ros-/install/hik_camera/share/hik_camera/cmake/ament_cmake_export_dependencies-extras.cmake
[3.463s] -- Installing: /home/zjq/MY_CODE/detectArmor_ros/DetectArmor-ros-/install/hik_camera/share/hik_camera/cmake/ament_cmake_export_include_directories-extras.cmake
[3.463s] -- Installing: /home/zjq/MY_CODE/detectArmor_ros/DetectArmor-ros-/install/hik_camera/share/hik_camera/cmake/ament_cmake_export_libraries-extras.cmake
[3.463s] -- Installing: /home/zjq/MY_CODE/detectArmor_ros/DetectArmor-ros-/install/hik_camera/share/hik_camera/cmake/hik_cameraConfig.cmake
[3.463s] -- Installing: /home/zjq/MY_CODE/detectArmor_ros/DetectArmor-ros-/install/hik_camera/share/hik_camera/cmake/hik_cameraConfig-version.cmake
[3.463s] -- Installing: /home/zjq/MY_CODE/detectArmor_ros/DetectArmor-ros-/install/hik_camera/share/hik_camera/package.xml
[3.464s] Invoked command in '/home/zjq/MY_CODE/detectArmor_ros/DetectArmor-ros-/build/hik_camera' returned '0': CMAKE_PREFIX_PATH=${CMAKE_PREFIX_PATH}:/opt/ros/humble /usr/bin/cmake --install /home/zjq/MY_CODE/detectArmor_ros/DetectArmor-ros-/build/hik_camera
