[0.014s] Invoking command in '/home/zjq/MY_CODE/DetectArmor-ros-/build/video_reader': CMAKE_PREFIX_PATH=${CMAKE_PREFIX_PATH}:/opt/ros/humble /usr/bin/cmake /home/zjq/MY_CODE/DetectArmor-ros-/src/video_reader -DCMAKE_INSTALL_PREFIX=/home/zjq/MY_CODE/DetectArmor-ros-/install/video_reader
[0.051s] -- The C compiler identification is GNU 11.4.0
[0.085s] -- The CXX compiler identification is GNU 11.4.0
[0.090s] -- Detecting C compiler ABI info
[0.142s] -- Detecting C compiler ABI info - done
[0.149s] -- Check for working C compiler: /usr/bin/cc - skipped
[0.149s] -- Detecting C compile features
[0.149s] -- Detecting C compile features - done
[0.151s] -- Detecting CXX compiler ABI info
[0.208s] -- Detecting CXX compiler ABI info - done
[0.212s] -- Check for working CXX compiler: /usr/bin/c++ - skipped
[0.212s] -- Detecting CXX compile features
[0.213s] -- Detecting CXX compile features - done
[0.215s] -- Found ament_cmake: 1.3.11 (/opt/ros/humble/share/ament_cmake/cmake)
[0.315s] -- Found Python3: /usr/bin/python3 (found version "3.10.12") found components: Interpreter 
[0.368s] -- Found rclcpp: 16.0.11 (/opt/ros/humble/share/rclcpp/cmake)
[0.389s] -- Found rosidl_generator_c: 3.1.6 (/opt/ros/humble/share/rosidl_generator_c/cmake)
[0.391s] -- Found rosidl_adapter: 3.1.6 (/opt/ros/humble/share/rosidl_adapter/cmake)
[0.395s] -- Found rosidl_generator_cpp: 3.1.6 (/opt/ros/humble/share/rosidl_generator_cpp/cmake)
[0.402s] -- Using all available rosidl_typesupport_c: rosidl_typesupport_fastrtps_c;rosidl_typesupport_introspection_c
[0.410s] -- Using all available rosidl_typesupport_cpp: rosidl_typesupport_fastrtps_cpp;rosidl_typesupport_introspection_cpp
[0.433s] -- Found rmw_implementation_cmake: 6.1.2 (/opt/ros/humble/share/rmw_implementation_cmake/cmake)
[0.434s] -- Found rmw_fastrtps_cpp: 6.2.7 (/opt/ros/humble/share/rmw_fastrtps_cpp/cmake)
[0.490s] -- Found OpenSSL: /usr/lib/x86_64-linux-gnu/libcrypto.so (found version "3.0.2")  
[0.506s] -- Found FastRTPS: /opt/ros/humble/include  
[0.533s] -- Using RMW implementation 'rmw_fastrtps_cpp' as default
[0.540s] -- Looking for pthread.h
[0.599s] -- Looking for pthread.h - found
[0.600s] -- Performing Test CMAKE_HAVE_LIBC_PTHREAD
[0.651s] -- Performing Test CMAKE_HAVE_LIBC_PTHREAD - Success
[0.652s] -- Found Threads: TRUE  
[0.681s] -- Found sensor_msgs: 4.2.4 (/opt/ros/humble/share/sensor_msgs/cmake)
[0.698s] -- Found cv_bridge: 3.2.1 (/opt/ros/humble/share/cv_bridge/cmake)
[0.707s] -- Found OpenCV: /usr (found version "4.5.4") 
[0.749s] -- Configuring done
[0.755s] -- Generating done
[0.757s] -- Build files have been written to: /home/zjq/MY_CODE/DetectArmor-ros-/build/video_reader
[0.763s] Invoked command in '/home/zjq/MY_CODE/DetectArmor-ros-/build/video_reader' returned '0': CMAKE_PREFIX_PATH=${CMAKE_PREFIX_PATH}:/opt/ros/humble /usr/bin/cmake /home/zjq/MY_CODE/DetectArmor-ros-/src/video_reader -DCMAKE_INSTALL_PREFIX=/home/zjq/MY_CODE/DetectArmor-ros-/install/video_reader
[0.765s] Invoking command in '/home/zjq/MY_CODE/DetectArmor-ros-/build/video_reader': CMAKE_PREFIX_PATH=${CMAKE_PREFIX_PATH}:/opt/ros/humble /usr/bin/cmake --build /home/zjq/MY_CODE/DetectArmor-ros-/build/video_reader -- -j22 -l22
[0.803s] [ 50%] [32mBuilding CXX object CMakeFiles/video_reader_node.dir/src/video_reader_node.cpp.o[0m
[4.819s] [100%] [32m[1mLinking CXX executable video_reader_node[0m
[5.180s] [100%] Built target video_reader_node
[5.192s] Invoked command in '/home/zjq/MY_CODE/DetectArmor-ros-/build/video_reader' returned '0': CMAKE_PREFIX_PATH=${CMAKE_PREFIX_PATH}:/opt/ros/humble /usr/bin/cmake --build /home/zjq/MY_CODE/DetectArmor-ros-/build/video_reader -- -j22 -l22
[5.193s] Invoking command in '/home/zjq/MY_CODE/DetectArmor-ros-/build/video_reader': CMAKE_PREFIX_PATH=${CMAKE_PREFIX_PATH}:/opt/ros/humble /usr/bin/cmake --install /home/zjq/MY_CODE/DetectArmor-ros-/build/video_reader
[5.203s] -- Install configuration: ""
[5.203s] -- Installing: /home/zjq/MY_CODE/DetectArmor-ros-/install/video_reader/lib/video_reader/video_reader_node
[5.204s] -- Set runtime path of "/home/zjq/MY_CODE/DetectArmor-ros-/install/video_reader/lib/video_reader/video_reader_node" to ""
[5.204s] -- Installing: /home/zjq/MY_CODE/DetectArmor-ros-/install/video_reader/share/ament_index/resource_index/package_run_dependencies/video_reader
[5.204s] -- Installing: /home/zjq/MY_CODE/DetectArmor-ros-/install/video_reader/share/ament_index/resource_index/parent_prefix_path/video_reader
[5.204s] -- Installing: /home/zjq/MY_CODE/DetectArmor-ros-/install/video_reader/share/video_reader/environment/ament_prefix_path.sh
[5.204s] -- Installing: /home/zjq/MY_CODE/DetectArmor-ros-/install/video_reader/share/video_reader/environment/ament_prefix_path.dsv
[5.204s] -- Installing: /home/zjq/MY_CODE/DetectArmor-ros-/install/video_reader/share/video_reader/environment/path.sh
[5.204s] -- Installing: /home/zjq/MY_CODE/DetectArmor-ros-/install/video_reader/share/video_reader/environment/path.dsv
[5.204s] -- Installing: /home/zjq/MY_CODE/DetectArmor-ros-/install/video_reader/share/video_reader/local_setup.bash
[5.204s] -- Installing: /home/zjq/MY_CODE/DetectArmor-ros-/install/video_reader/share/video_reader/local_setup.sh
[5.204s] -- Installing: /home/zjq/MY_CODE/DetectArmor-ros-/install/video_reader/share/video_reader/local_setup.zsh
[5.205s] -- Installing: /home/zjq/MY_CODE/DetectArmor-ros-/install/video_reader/share/video_reader/local_setup.dsv
[5.205s] -- Installing: /home/zjq/MY_CODE/DetectArmor-ros-/install/video_reader/share/video_reader/package.dsv
[5.205s] -- Installing: /home/zjq/MY_CODE/DetectArmor-ros-/install/video_reader/share/ament_index/resource_index/packages/video_reader
[5.205s] -- Installing: /home/zjq/MY_CODE/DetectArmor-ros-/install/video_reader/share/video_reader/cmake/video_readerConfig.cmake
[5.205s] -- Installing: /home/zjq/MY_CODE/DetectArmor-ros-/install/video_reader/share/video_reader/cmake/video_readerConfig-version.cmake
[5.205s] -- Installing: /home/zjq/MY_CODE/DetectArmor-ros-/install/video_reader/share/video_reader/package.xml
[5.207s] Invoked command in '/home/zjq/MY_CODE/DetectArmor-ros-/build/video_reader' returned '0': CMAKE_PREFIX_PATH=${CMAKE_PREFIX_PATH}:/opt/ros/humble /usr/bin/cmake --install /home/zjq/MY_CODE/DetectArmor-ros-/build/video_reader
