-- The C compiler identification is GNU 11.4.0
-- The CXX compiler identification is GNU 11.4.0
-- Detecting C compiler ABI info
-- Detecting C compiler ABI info - done
-- Check for working C compiler: /usr/bin/cc - skipped
-- Detecting C compile features
-- Detecting C compile features - done
-- Detecting CXX compiler ABI info
-- Detecting CXX compiler ABI info - done
-- Check for working CXX compiler: /usr/bin/c++ - skipped
-- Detecting CXX compile features
-- Detecting CXX compile features - done
-- Looking for pthread.h
-- Looking for pthread.h - found
-- Performing Test CMAKE_HAVE_LIBC_PTHREAD
-- Performing Test CMAKE_HAVE_LIBC_PTHREAD - Success
-- Found Threads: TRUE  
-- Found OpenCV: /usr (found version "4.5.4") 
-- Found ament_cmake_auto: 1.3.11 (/opt/ros/humble/share/ament_cmake_auto/cmake)
-- Found Python3: /usr/bin/python3 (found version "3.10.12") found components: Interpreter 
-- Found rosidl_generator_c: 3.1.6 (/opt/ros/humble/share/rosidl_generator_c/cmake)
-- Found rosidl_adapter: 3.1.6 (/opt/ros/humble/share/rosidl_adapter/cmake)
-- Found rosidl_generator_cpp: 3.1.6 (/opt/ros/humble/share/rosidl_generator_cpp/cmake)
-- Using all available rosidl_typesupport_c: rosidl_typesupport_fastrtps_c;rosidl_typesupport_introspection_c
-- Using all available rosidl_typesupport_cpp: rosidl_typesupport_fastrtps_cpp;rosidl_typesupport_introspection_cpp
-- Found rmw_implementation_cmake: 6.1.2 (/opt/ros/humble/share/rmw_implementation_cmake/cmake)
-- Found rmw_fastrtps_cpp: 6.2.7 (/opt/ros/humble/share/rmw_fastrtps_cpp/cmake)
-- Found OpenSSL: /usr/lib/x86_64-linux-gnu/libcrypto.so (found version "3.0.2")  
-- Found FastRTPS: /opt/ros/humble/include  
-- Using RMW implementation 'rmw_fastrtps_cpp' as default
-- Found eigen3_cmake_module: 0.1.1 (/opt/ros/humble/share/eigen3_cmake_module/cmake)
-- Found Eigen3: TRUE (found version "3.4.0") 
-- Ensuring Eigen3 include directory is part of orocos-kdl CMake target
-- Configuring done
-- Generating done
-- Build files have been written to: /home/zjq/MY_CODE/detectArmor_ros/DetectArmor-ros-/build/armor_detect
[  5%] [32mBuilding CXX object HikDriver/CMakeFiles/hik_driver.dir/src/HikDriver.cpp.o[0m
[ 11%] [32mBuilding CXX object CMakeFiles/armor_detect_node.dir/rclcpp_components/node_main_armor_detect_node.cpp.o[0m
[ 16%] [32mBuilding CXX object CMakeFiles/video_reader_node.dir/src/ArmorDetectNode/VideoReaderNode.cpp.o[0m
[ 22%] [32m[1mLinking CXX static library libhik_driver.a[0m
[ 22%] Built target hik_driver
[ 27%] [32mBuilding CXX object CMakeFiles/armor_detect.dir/src/ArmorDetectNode/VideoReaderNode.cpp.o[0m
[ 33%] [32mBuilding CXX object CMakeFiles/armor_detect.dir/src/Pnpslover/PnPslover.cpp.o[0m
[ 38%] [32mBuilding CXX object CMakeFiles/armor_detect.dir/src/detectArmor/findLightBar.cpp.o[0m
[ 44%] [32mBuilding CXX object CMakeFiles/armor_detect.dir/src/detectArmor/imageDetect.cpp.o[0m
[ 50%] [32mBuilding CXX object CMakeFiles/armor_detect.dir/src/ArmorDetectNode/ArmorDetectNode.cpp.o[0m
[ 55%] [32mBuilding CXX object CMakeFiles/armor_detect.dir/src/detectArmor/imageDispose.cpp.o[0m
[ 61%] [32mBuilding CXX object CMakeFiles/armor_detect.dir/src/detectArmor/findArmor.cpp.o[0m
[ 66%] [32mBuilding CXX object CMakeFiles/armor_detect.dir/src/detectArmor/setThreshold.cpp.o[0m
[ 72%] [32mBuilding CXX object CMakeFiles/armor_detect.dir/src/detectArmor/matchingLightBar.cpp.o[0m
[ 77%] [32mBuilding CXX object CMakeFiles/armor_detect.dir/src/getImage/getImage.cpp.o[0m
[ 83%] [32mBuilding CXX object CMakeFiles/armor_detect.dir/src/detectArmor/matchingArmor.cpp.o[0m
[ 88%] [32m[1mLinking CXX executable armor_detect_node[0m
[ 88%] Built target armor_detect_node
[ 94%] [32m[1mLinking CXX executable video_reader_node[0m
[ 94%] Built target video_reader_node
[100%] [32m[1mLinking CXX shared library libarmor_detect.so[0m
[100%] Built target armor_detect
-- Install configuration: "Release"
-- Installing: /home/zjq/MY_CODE/detectArmor_ros/DetectArmor-ros-/install/armor_detect/lib/armor_detect/armor_detect_node
-- Set runtime path of "/home/zjq/MY_CODE/detectArmor_ros/DetectArmor-ros-/install/armor_detect/lib/armor_detect/armor_detect_node" to ""
-- Installing: /home/zjq/MY_CODE/detectArmor_ros/DetectArmor-ros-/install/armor_detect/lib/armor_detect/video_reader_node
-- Set runtime path of "/home/zjq/MY_CODE/detectArmor_ros/DetectArmor-ros-/install/armor_detect/lib/armor_detect/video_reader_node" to ""
-- Installing: /home/zjq/MY_CODE/detectArmor_ros/DetectArmor-ros-/install/armor_detect/include
-- Installing: /home/zjq/MY_CODE/detectArmor_ros/DetectArmor-ros-/install/armor_detect/include/PnPslover.h
-- Installing: /home/zjq/MY_CODE/detectArmor_ros/DetectArmor-ros-/install/armor_detect/include/ArmorDetectNode.h
-- Installing: /home/zjq/MY_CODE/detectArmor_ros/DetectArmor-ros-/install/armor_detect/include/ImageSubscriberNode.hpp
-- Installing: /home/zjq/MY_CODE/detectArmor_ros/DetectArmor-ros-/install/armor_detect/include/detect.h
-- Installing: /home/zjq/MY_CODE/detectArmor_ros/DetectArmor-ros-/install/armor_detect/share/armor_detect/environment/library_path.sh
-- Installing: /home/zjq/MY_CODE/detectArmor_ros/DetectArmor-ros-/install/armor_detect/share/armor_detect/environment/library_path.dsv
-- Installing: /home/zjq/MY_CODE/detectArmor_ros/DetectArmor-ros-/install/armor_detect/lib/libarmor_detect.so
-- Set runtime path of "/home/zjq/MY_CODE/detectArmor_ros/DetectArmor-ros-/install/armor_detect/lib/libarmor_detect.so" to ""
-- Installing: /home/zjq/MY_CODE/detectArmor_ros/DetectArmor-ros-/install/armor_detect/share/armor_detect/launch
-- Installing: /home/zjq/MY_CODE/detectArmor_ros/DetectArmor-ros-/install/armor_detect/share/armor_detect/launch/detect_nodes_launch.py
-- Installing: /home/zjq/MY_CODE/detectArmor_ros/DetectArmor-ros-/install/armor_detect/share/ament_index/resource_index/package_run_dependencies/armor_detect
-- Installing: /home/zjq/MY_CODE/detectArmor_ros/DetectArmor-ros-/install/armor_detect/share/ament_index/resource_index/parent_prefix_path/armor_detect
-- Installing: /home/zjq/MY_CODE/detectArmor_ros/DetectArmor-ros-/install/armor_detect/share/armor_detect/environment/ament_prefix_path.sh
-- Installing: /home/zjq/MY_CODE/detectArmor_ros/DetectArmor-ros-/install/armor_detect/share/armor_detect/environment/ament_prefix_path.dsv
-- Installing: /home/zjq/MY_CODE/detectArmor_ros/DetectArmor-ros-/install/armor_detect/share/armor_detect/environment/path.sh
-- Installing: /home/zjq/MY_CODE/detectArmor_ros/DetectArmor-ros-/install/armor_detect/share/armor_detect/environment/path.dsv
-- Installing: /home/zjq/MY_CODE/detectArmor_ros/DetectArmor-ros-/install/armor_detect/share/armor_detect/local_setup.bash
-- Installing: /home/zjq/MY_CODE/detectArmor_ros/DetectArmor-ros-/install/armor_detect/share/armor_detect/local_setup.sh
-- Installing: /home/zjq/MY_CODE/detectArmor_ros/DetectArmor-ros-/install/armor_detect/share/armor_detect/local_setup.zsh
-- Installing: /home/zjq/MY_CODE/detectArmor_ros/DetectArmor-ros-/install/armor_detect/share/armor_detect/local_setup.dsv
-- Installing: /home/zjq/MY_CODE/detectArmor_ros/DetectArmor-ros-/install/armor_detect/share/armor_detect/package.dsv
-- Installing: /home/zjq/MY_CODE/detectArmor_ros/DetectArmor-ros-/install/armor_detect/share/ament_index/resource_index/packages/armor_detect
-- Installing: /home/zjq/MY_CODE/detectArmor_ros/DetectArmor-ros-/install/armor_detect/share/ament_index/resource_index/rclcpp_components/armor_detect
-- Installing: /home/zjq/MY_CODE/detectArmor_ros/DetectArmor-ros-/install/armor_detect/share/armor_detect/cmake/ament_cmake_export_dependencies-extras.cmake
-- Installing: /home/zjq/MY_CODE/detectArmor_ros/DetectArmor-ros-/install/armor_detect/share/armor_detect/cmake/ament_cmake_export_include_directories-extras.cmake
-- Installing: /home/zjq/MY_CODE/detectArmor_ros/DetectArmor-ros-/install/armor_detect/share/armor_detect/cmake/ament_cmake_export_libraries-extras.cmake
-- Installing: /home/zjq/MY_CODE/detectArmor_ros/DetectArmor-ros-/install/armor_detect/share/armor_detect/cmake/armor_detectConfig.cmake
-- Installing: /home/zjq/MY_CODE/detectArmor_ros/DetectArmor-ros-/install/armor_detect/share/armor_detect/cmake/armor_detectConfig-version.cmake
-- Installing: /home/zjq/MY_CODE/detectArmor_ros/DetectArmor-ros-/install/armor_detect/share/armor_detect/package.xml
