[0.009s] Invoking command in '/home/zjq/MY_CODE/detectArmor_ros/DetectArmor-ros-/build/armor_interfaces': CMAKE_PREFIX_PATH=${CMAKE_PREFIX_PATH}:/opt/ros/humble /usr/bin/cmake /home/zjq/MY_CODE/detectArmor_ros/DetectArmor-ros-/src/armor_interfaces -DCMAKE_INSTALL_PREFIX=/home/zjq/MY_CODE/detectArmor_ros/DetectArmor-ros-/install/armor_interfaces
[0.054s] -- The C compiler identification is GNU 11.4.0
[0.092s] -- The CXX compiler identification is GNU 11.4.0
[0.097s] -- Detecting C compiler ABI info
[0.152s] -- Detecting C compiler ABI info - done
[0.157s] -- Check for working C compiler: /usr/bin/cc - skipped
[0.158s] -- Detecting C compile features
[0.158s] -- Detecting C compile features - done
[0.160s] -- Detecting CXX compiler ABI info
[0.216s] -- Detecting CXX compiler ABI info - done
[0.221s] -- Check for working CXX compiler: /usr/bin/c++ - skipped
[0.221s] -- Detecting CXX compile features
[0.221s] -- Detecting CXX compile features - done
[0.222s] -- Found ament_cmake: 1.3.11 (/opt/ros/humble/share/ament_cmake/cmake)
[0.323s] -- Found Python3: /usr/bin/python3 (found version "3.10.12") found components: Interpreter 
[0.370s] -- Found ament_cmake_auto: 1.3.11 (/opt/ros/humble/share/ament_cmake_auto/cmake)
[0.370s] -- Found geometry_msgs: 4.2.4 (/opt/ros/humble/share/geometry_msgs/cmake)
[0.388s] -- Found rosidl_generator_c: 3.1.6 (/opt/ros/humble/share/rosidl_generator_c/cmake)
[0.390s] -- Found rosidl_adapter: 3.1.6 (/opt/ros/humble/share/rosidl_adapter/cmake)
[0.394s] -- Found rosidl_generator_cpp: 3.1.6 (/opt/ros/humble/share/rosidl_generator_cpp/cmake)
[0.399s] -- Using all available rosidl_typesupport_c: rosidl_typesupport_fastrtps_c;rosidl_typesupport_introspection_c
[0.407s] -- Using all available rosidl_typesupport_cpp: rosidl_typesupport_fastrtps_cpp;rosidl_typesupport_introspection_cpp
[0.428s] -- Found rosidl_default_generators: 1.2.0 (/opt/ros/humble/share/rosidl_default_generators/cmake)
[0.620s] -- Found ament_cmake_ros: 0.10.0 (/opt/ros/humble/share/ament_cmake_ros/cmake)
[0.878s] -- Using all available rosidl_typesupport_c: rosidl_typesupport_fastrtps_c;rosidl_typesupport_introspection_c
[0.977s] -- Using all available rosidl_typesupport_cpp: rosidl_typesupport_fastrtps_cpp;rosidl_typesupport_introspection_cpp
[0.997s] -- Found PythonInterp: /usr/bin/python3 (found suitable version "3.10.12", minimum required is "3.6") 
[0.997s] -- Found python_cmake_module: 0.10.0 (/opt/ros/humble/share/python_cmake_module/cmake)
[1.018s] -- Found PythonLibs: /usr/lib/x86_64-linux-gnu/libpython3.10.so (found suitable version "3.10.12", minimum required is "3.5") 
[1.018s] -- Using PYTHON_EXECUTABLE: /usr/bin/python3
[1.018s] -- Using PYTHON_INCLUDE_DIRS: /usr/include/python3.10
[1.018s] -- Using PYTHON_LIBRARIES: /usr/lib/x86_64-linux-gnu/libpython3.10.so
[1.035s] -- Found PythonExtra: .so  
[1.073s] -- Configuring done
[1.095s] -- Generating done
[1.102s] -- Build files have been written to: /home/zjq/MY_CODE/detectArmor_ros/DetectArmor-ros-/build/armor_interfaces
[1.111s] Invoked command in '/home/zjq/MY_CODE/detectArmor_ros/DetectArmor-ros-/build/armor_interfaces' returned '0': CMAKE_PREFIX_PATH=${CMAKE_PREFIX_PATH}:/opt/ros/humble /usr/bin/cmake /home/zjq/MY_CODE/detectArmor_ros/DetectArmor-ros-/src/armor_interfaces -DCMAKE_INSTALL_PREFIX=/home/zjq/MY_CODE/detectArmor_ros/DetectArmor-ros-/install/armor_interfaces
[1.112s] Invoking command in '/home/zjq/MY_CODE/detectArmor_ros/DetectArmor-ros-/build/armor_interfaces': CMAKE_PREFIX_PATH=${CMAKE_PREFIX_PATH}:/opt/ros/humble /usr/bin/cmake --build /home/zjq/MY_CODE/detectArmor_ros/DetectArmor-ros-/build/armor_interfaces -- -j22 -l22
[1.152s] [  2%] [34m[1mGenerating C code for ROS interfaces[0m
[1.160s] [  4%] [34m[1mGenerating C++ code for ROS interfaces[0m
[1.171s] [  4%] Built target ament_cmake_python_copy_armor_interfaces
[1.340s] running egg_info
[1.340s] creating armor_interfaces.egg-info
[1.340s] writing armor_interfaces.egg-info/PKG-INFO
[1.340s] writing dependency_links to armor_interfaces.egg-info/dependency_links.txt
[1.340s] writing top-level names to armor_interfaces.egg-info/top_level.txt
[1.340s] writing manifest file 'armor_interfaces.egg-info/SOURCES.txt'
[1.341s] reading manifest file 'armor_interfaces.egg-info/SOURCES.txt'
[1.342s] writing manifest file 'armor_interfaces.egg-info/SOURCES.txt'
[1.365s] [  4%] Built target ament_cmake_python_build_armor_interfaces_egg
[1.399s] [  4%] Built target armor_interfaces__cpp
[1.407s] [ 10%] [32mBuilding C object CMakeFiles/armor_interfaces__rosidl_generator_c.dir/rosidl_generator_c/armor_interfaces/msg/detail/target__functions.c.o[0m
[1.408s] [ 10%] [34m[1mGenerating C++ type support for eProsima Fast-RTPS[0m
[1.408s] [ 10%] [32mBuilding C object CMakeFiles/armor_interfaces__rosidl_generator_c.dir/rosidl_generator_c/armor_interfaces/msg/detail/armors__functions.c.o[0m
[1.409s] [ 12%] [34m[1mGenerating C++ type support dispatch for ROS interfaces[0m
[1.409s] [ 14%] [34m[1mGenerating C++ introspection for ROS interfaces[0m
[1.410s] [ 17%] [32mBuilding C object CMakeFiles/armor_interfaces__rosidl_generator_c.dir/rosidl_generator_c/armor_interfaces/msg/detail/armor__functions.c.o[0m
[1.463s] [ 19%] [32m[1mLinking C shared library libarmor_interfaces__rosidl_generator_c.so[0m
[1.499s] [ 19%] Built target armor_interfaces__rosidl_generator_c
[1.508s] [ 21%] [34m[1mGenerating C type support for eProsima Fast-RTPS[0m
[1.510s] [ 25%] [34m[1mGenerating C introspection for ROS interfaces[0m
[1.510s] [ 25%] [34m[1mGenerating C type support dispatch for ROS interfaces[0m
[1.595s] [ 27%] [32mBuilding CXX object CMakeFiles/armor_interfaces__rosidl_typesupport_cpp.dir/rosidl_typesupport_cpp/armor_interfaces/msg/target__type_support.cpp.o[0m
[1.598s] [ 31%] [32mBuilding CXX object CMakeFiles/armor_interfaces__rosidl_typesupport_cpp.dir/rosidl_typesupport_cpp/armor_interfaces/msg/armor__type_support.cpp.o[0m
[1.598s] [ 31%] [32mBuilding CXX object CMakeFiles/armor_interfaces__rosidl_typesupport_cpp.dir/rosidl_typesupport_cpp/armor_interfaces/msg/armors__type_support.cpp.o[0m
[1.625s] [ 34%] [32mBuilding CXX object CMakeFiles/armor_interfaces__rosidl_typesupport_fastrtps_cpp.dir/rosidl_typesupport_fastrtps_cpp/armor_interfaces/msg/detail/dds_fastrtps/armor__type_support.cpp.o[0m
[1.627s] [ 36%] [32mBuilding CXX object CMakeFiles/armor_interfaces__rosidl_typesupport_fastrtps_cpp.dir/rosidl_typesupport_fastrtps_cpp/armor_interfaces/msg/detail/dds_fastrtps/armors__type_support.cpp.o[0m
[1.628s] [ 38%] [32mBuilding CXX object CMakeFiles/armor_interfaces__rosidl_typesupport_fastrtps_cpp.dir/rosidl_typesupport_fastrtps_cpp/armor_interfaces/msg/detail/dds_fastrtps/target__type_support.cpp.o[0m
[1.639s] [ 42%] [32mBuilding CXX object CMakeFiles/armor_interfaces__rosidl_typesupport_introspection_cpp.dir/rosidl_typesupport_introspection_cpp/armor_interfaces/msg/detail/armor__type_support.cpp.o[0m
[1.640s] [ 42%] [32mBuilding CXX object CMakeFiles/armor_interfaces__rosidl_typesupport_introspection_cpp.dir/rosidl_typesupport_introspection_cpp/armor_interfaces/msg/detail/target__type_support.cpp.o[0m
[1.640s] [ 44%] [32mBuilding CXX object CMakeFiles/armor_interfaces__rosidl_typesupport_introspection_cpp.dir/rosidl_typesupport_introspection_cpp/armor_interfaces/msg/detail/armors__type_support.cpp.o[0m
[1.704s] [ 46%] [32mBuilding CXX object CMakeFiles/armor_interfaces__rosidl_typesupport_c.dir/rosidl_typesupport_c/armor_interfaces/msg/armor__type_support.cpp.o[0m
[1.705s] [ 48%] [32mBuilding CXX object CMakeFiles/armor_interfaces__rosidl_typesupport_c.dir/rosidl_typesupport_c/armor_interfaces/msg/target__type_support.cpp.o[0m
[1.705s] [ 51%] [32mBuilding CXX object CMakeFiles/armor_interfaces__rosidl_typesupport_c.dir/rosidl_typesupport_c/armor_interfaces/msg/armors__type_support.cpp.o[0m
[1.744s] [ 53%] [32m[1mLinking CXX shared library libarmor_interfaces__rosidl_typesupport_c.so[0m
[1.774s] [ 53%] Built target armor_interfaces__rosidl_typesupport_c
[1.789s] [ 55%] [32mBuilding CXX object CMakeFiles/armor_interfaces__rosidl_typesupport_fastrtps_c.dir/rosidl_typesupport_fastrtps_c/armor_interfaces/msg/detail/armor__type_support_c.cpp.o[0m
[1.790s] [ 57%] [32mBuilding CXX object CMakeFiles/armor_interfaces__rosidl_typesupport_fastrtps_c.dir/rosidl_typesupport_fastrtps_c/armor_interfaces/msg/detail/target__type_support_c.cpp.o[0m
[1.790s] [ 59%] [32mBuilding CXX object CMakeFiles/armor_interfaces__rosidl_typesupport_fastrtps_c.dir/rosidl_typesupport_fastrtps_c/armor_interfaces/msg/detail/armors__type_support_c.cpp.o[0m
[1.890s] [ 61%] [32mBuilding C object CMakeFiles/armor_interfaces__rosidl_typesupport_introspection_c.dir/rosidl_typesupport_introspection_c/armor_interfaces/msg/detail/armor__type_support.c.o[0m
[1.891s] [ 63%] [32mBuilding C object CMakeFiles/armor_interfaces__rosidl_typesupport_introspection_c.dir/rosidl_typesupport_introspection_c/armor_interfaces/msg/detail/armors__type_support.c.o[0m
[1.893s] [ 65%] [32mBuilding C object CMakeFiles/armor_interfaces__rosidl_typesupport_introspection_c.dir/rosidl_typesupport_introspection_c/armor_interfaces/msg/detail/target__type_support.c.o[0m
[1.913s] [ 68%] [32m[1mLinking CXX shared library libarmor_interfaces__rosidl_typesupport_cpp.so[0m
[1.928s] [ 70%] [32m[1mLinking C shared library libarmor_interfaces__rosidl_typesupport_introspection_c.so[0m
[1.949s] [ 70%] Built target armor_interfaces__rosidl_typesupport_introspection_c
[1.959s] [ 70%] Built target armor_interfaces__rosidl_typesupport_cpp
[2.074s] [ 72%] [32m[1mLinking CXX shared library libarmor_interfaces__rosidl_typesupport_fastrtps_c.so[0m
[2.091s] [ 74%] [32m[1mLinking CXX shared library libarmor_interfaces__rosidl_typesupport_fastrtps_cpp.so[0m
[2.106s] [ 76%] [32m[1mLinking CXX shared library libarmor_interfaces__rosidl_typesupport_introspection_cpp.so[0m
[2.140s] [ 76%] Built target armor_interfaces__rosidl_typesupport_fastrtps_c
[2.157s] [ 76%] Built target armor_interfaces__rosidl_typesupport_fastrtps_cpp
[2.161s] [ 76%] Built target armor_interfaces__rosidl_typesupport_introspection_cpp
[2.176s] [ 76%] Built target armor_interfaces
[2.191s] [ 78%] [34m[1mGenerating Python code for ROS interfaces[0m
[2.493s] [ 78%] Built target armor_interfaces__py
[2.507s] [ 80%] [32mBuilding C object CMakeFiles/armor_interfaces__rosidl_generator_py.dir/rosidl_generator_py/armor_interfaces/msg/_armors_s.c.o[0m
[2.507s] [ 82%] [32mBuilding C object CMakeFiles/armor_interfaces__rosidl_generator_py.dir/rosidl_generator_py/armor_interfaces/msg/_target_s.c.o[0m
[2.508s] [ 85%] [32mBuilding C object CMakeFiles/armor_interfaces__rosidl_generator_py.dir/rosidl_generator_py/armor_interfaces/msg/_armor_s.c.o[0m
[2.584s] [ 87%] [32m[1mLinking C shared library rosidl_generator_py/armor_interfaces/libarmor_interfaces__rosidl_generator_py.so[0m
[2.625s] [ 87%] Built target armor_interfaces__rosidl_generator_py
[2.644s] [ 89%] [32mBuilding C object CMakeFiles/armor_interfaces__rosidl_typesupport_introspection_c__pyext.dir/rosidl_generator_py/armor_interfaces/_armor_interfaces_s.ep.rosidl_typesupport_introspection_c.c.o[0m
[2.644s] [ 91%] [32mBuilding C object CMakeFiles/armor_interfaces__rosidl_typesupport_fastrtps_c__pyext.dir/rosidl_generator_py/armor_interfaces/_armor_interfaces_s.ep.rosidl_typesupport_fastrtps_c.c.o[0m
[2.645s] [ 93%] [32mBuilding C object CMakeFiles/armor_interfaces__rosidl_typesupport_c__pyext.dir/rosidl_generator_py/armor_interfaces/_armor_interfaces_s.ep.rosidl_typesupport_c.c.o[0m
[2.710s] [ 95%] [32m[1mLinking C shared library rosidl_generator_py/armor_interfaces/armor_interfaces_s__rosidl_typesupport_introspection_c.cpython-310-x86_64-linux-gnu.so[0m
[2.714s] [100%] [32m[1mLinking C shared library rosidl_generator_py/armor_interfaces/armor_interfaces_s__rosidl_typesupport_fastrtps_c.cpython-310-x86_64-linux-gnu.so[0m
[2.714s] [100%] [32m[1mLinking C shared library rosidl_generator_py/armor_interfaces/armor_interfaces_s__rosidl_typesupport_c.cpython-310-x86_64-linux-gnu.so[0m
[2.736s] [100%] Built target armor_interfaces__rosidl_typesupport_introspection_c__pyext
[2.741s] [100%] Built target armor_interfaces__rosidl_typesupport_c__pyext
[2.745s] [100%] Built target armor_interfaces__rosidl_typesupport_fastrtps_c__pyext
[2.754s] Invoked command in '/home/zjq/MY_CODE/detectArmor_ros/DetectArmor-ros-/build/armor_interfaces' returned '0': CMAKE_PREFIX_PATH=${CMAKE_PREFIX_PATH}:/opt/ros/humble /usr/bin/cmake --build /home/zjq/MY_CODE/detectArmor_ros/DetectArmor-ros-/build/armor_interfaces -- -j22 -l22
[2.761s] Invoking command in '/home/zjq/MY_CODE/detectArmor_ros/DetectArmor-ros-/build/armor_interfaces': CMAKE_PREFIX_PATH=${CMAKE_PREFIX_PATH}:/opt/ros/humble /usr/bin/cmake --install /home/zjq/MY_CODE/detectArmor_ros/DetectArmor-ros-/build/armor_interfaces
[2.769s] -- Install configuration: ""
[2.769s] -- Installing: /home/zjq/MY_CODE/detectArmor_ros/DetectArmor-ros-/install/armor_interfaces/share/ament_index/resource_index/rosidl_interfaces/armor_interfaces
[2.769s] -- Installing: /home/zjq/MY_CODE/detectArmor_ros/DetectArmor-ros-/install/armor_interfaces/include/armor_interfaces/armor_interfaces
[2.769s] -- Installing: /home/zjq/MY_CODE/detectArmor_ros/DetectArmor-ros-/install/armor_interfaces/include/armor_interfaces/armor_interfaces/msg
[2.769s] -- Installing: /home/zjq/MY_CODE/detectArmor_ros/DetectArmor-ros-/install/armor_interfaces/include/armor_interfaces/armor_interfaces/msg/target.h
[2.769s] -- Installing: /home/zjq/MY_CODE/detectArmor_ros/DetectArmor-ros-/install/armor_interfaces/include/armor_interfaces/armor_interfaces/msg/rosidl_generator_c__visibility_control.h
[2.769s] -- Installing: /home/zjq/MY_CODE/detectArmor_ros/DetectArmor-ros-/install/armor_interfaces/include/armor_interfaces/armor_interfaces/msg/armor.h
[2.769s] -- Installing: /home/zjq/MY_CODE/detectArmor_ros/DetectArmor-ros-/install/armor_interfaces/include/armor_interfaces/armor_interfaces/msg/detail
[2.769s] -- Installing: /home/zjq/MY_CODE/detectArmor_ros/DetectArmor-ros-/install/armor_interfaces/include/armor_interfaces/armor_interfaces/msg/detail/armor__struct.h
[2.769s] -- Installing: /home/zjq/MY_CODE/detectArmor_ros/DetectArmor-ros-/install/armor_interfaces/include/armor_interfaces/armor_interfaces/msg/detail/target__struct.h
[2.769s] -- Installing: /home/zjq/MY_CODE/detectArmor_ros/DetectArmor-ros-/install/armor_interfaces/include/armor_interfaces/armor_interfaces/msg/detail/target__functions.c
[2.769s] -- Installing: /home/zjq/MY_CODE/detectArmor_ros/DetectArmor-ros-/install/armor_interfaces/include/armor_interfaces/armor_interfaces/msg/detail/target__type_support.h
[2.770s] -- Installing: /home/zjq/MY_CODE/detectArmor_ros/DetectArmor-ros-/install/armor_interfaces/include/armor_interfaces/armor_interfaces/msg/detail/armors__type_support.h
[2.770s] -- Installing: /home/zjq/MY_CODE/detectArmor_ros/DetectArmor-ros-/install/armor_interfaces/include/armor_interfaces/armor_interfaces/msg/detail/armor__type_support.h
[2.770s] -- Installing: /home/zjq/MY_CODE/detectArmor_ros/DetectArmor-ros-/install/armor_interfaces/include/armor_interfaces/armor_interfaces/msg/detail/armor__functions.h
[2.770s] -- Installing: /home/zjq/MY_CODE/detectArmor_ros/DetectArmor-ros-/install/armor_interfaces/include/armor_interfaces/armor_interfaces/msg/detail/armors__struct.h
[2.770s] -- Installing: /home/zjq/MY_CODE/detectArmor_ros/DetectArmor-ros-/install/armor_interfaces/include/armor_interfaces/armor_interfaces/msg/detail/target__functions.h
[2.770s] -- Installing: /home/zjq/MY_CODE/detectArmor_ros/DetectArmor-ros-/install/armor_interfaces/include/armor_interfaces/armor_interfaces/msg/detail/armors__functions.h
[2.770s] -- Installing: /home/zjq/MY_CODE/detectArmor_ros/DetectArmor-ros-/install/armor_interfaces/include/armor_interfaces/armor_interfaces/msg/detail/armor__functions.c
[2.770s] -- Installing: /home/zjq/MY_CODE/detectArmor_ros/DetectArmor-ros-/install/armor_interfaces/include/armor_interfaces/armor_interfaces/msg/detail/armors__functions.c
[2.770s] -- Installing: /home/zjq/MY_CODE/detectArmor_ros/DetectArmor-ros-/install/armor_interfaces/include/armor_interfaces/armor_interfaces/msg/armors.h
[2.770s] -- Installing: /home/zjq/MY_CODE/detectArmor_ros/DetectArmor-ros-/install/armor_interfaces/share/armor_interfaces/environment/library_path.sh
[2.770s] -- Installing: /home/zjq/MY_CODE/detectArmor_ros/DetectArmor-ros-/install/armor_interfaces/share/armor_interfaces/environment/library_path.dsv
[2.770s] -- Installing: /home/zjq/MY_CODE/detectArmor_ros/DetectArmor-ros-/install/armor_interfaces/lib/libarmor_interfaces__rosidl_generator_c.so
[2.770s] -- Set runtime path of "/home/zjq/MY_CODE/detectArmor_ros/DetectArmor-ros-/install/armor_interfaces/lib/libarmor_interfaces__rosidl_generator_c.so" to ""
[2.770s] -- Up-to-date: /home/zjq/MY_CODE/detectArmor_ros/DetectArmor-ros-/install/armor_interfaces/include/armor_interfaces/armor_interfaces
[2.770s] -- Up-to-date: /home/zjq/MY_CODE/detectArmor_ros/DetectArmor-ros-/install/armor_interfaces/include/armor_interfaces/armor_interfaces/msg
[2.770s] -- Installing: /home/zjq/MY_CODE/detectArmor_ros/DetectArmor-ros-/install/armor_interfaces/include/armor_interfaces/armor_interfaces/msg/rosidl_typesupport_fastrtps_c__visibility_control.h
[2.770s] -- Up-to-date: /home/zjq/MY_CODE/detectArmor_ros/DetectArmor-ros-/install/armor_interfaces/include/armor_interfaces/armor_interfaces/msg/detail
[2.770s] -- Installing: /home/zjq/MY_CODE/detectArmor_ros/DetectArmor-ros-/install/armor_interfaces/include/armor_interfaces/armor_interfaces/msg/detail/target__rosidl_typesupport_fastrtps_c.h
[2.770s] -- Installing: /home/zjq/MY_CODE/detectArmor_ros/DetectArmor-ros-/install/armor_interfaces/include/armor_interfaces/armor_interfaces/msg/detail/armors__rosidl_typesupport_fastrtps_c.h
[2.770s] -- Installing: /home/zjq/MY_CODE/detectArmor_ros/DetectArmor-ros-/install/armor_interfaces/include/armor_interfaces/armor_interfaces/msg/detail/armor__rosidl_typesupport_fastrtps_c.h
[2.771s] -- Installing: /home/zjq/MY_CODE/detectArmor_ros/DetectArmor-ros-/install/armor_interfaces/lib/libarmor_interfaces__rosidl_typesupport_fastrtps_c.so
[2.771s] -- Set runtime path of "/home/zjq/MY_CODE/detectArmor_ros/DetectArmor-ros-/install/armor_interfaces/lib/libarmor_interfaces__rosidl_typesupport_fastrtps_c.so" to ""
[2.771s] -- Up-to-date: /home/zjq/MY_CODE/detectArmor_ros/DetectArmor-ros-/install/armor_interfaces/include/armor_interfaces/armor_interfaces
[2.771s] -- Up-to-date: /home/zjq/MY_CODE/detectArmor_ros/DetectArmor-ros-/install/armor_interfaces/include/armor_interfaces/armor_interfaces/msg
[2.771s] -- Installing: /home/zjq/MY_CODE/detectArmor_ros/DetectArmor-ros-/install/armor_interfaces/include/armor_interfaces/armor_interfaces/msg/armor.hpp
[2.771s] -- Installing: /home/zjq/MY_CODE/detectArmor_ros/DetectArmor-ros-/install/armor_interfaces/include/armor_interfaces/armor_interfaces/msg/rosidl_generator_cpp__visibility_control.hpp
[2.771s] -- Installing: /home/zjq/MY_CODE/detectArmor_ros/DetectArmor-ros-/install/armor_interfaces/include/armor_interfaces/armor_interfaces/msg/armors.hpp
[2.771s] -- Up-to-date: /home/zjq/MY_CODE/detectArmor_ros/DetectArmor-ros-/install/armor_interfaces/include/armor_interfaces/armor_interfaces/msg/detail
[2.771s] -- Installing: /home/zjq/MY_CODE/detectArmor_ros/DetectArmor-ros-/install/armor_interfaces/include/armor_interfaces/armor_interfaces/msg/detail/armors__traits.hpp
[2.771s] -- Installing: /home/zjq/MY_CODE/detectArmor_ros/DetectArmor-ros-/install/armor_interfaces/include/armor_interfaces/armor_interfaces/msg/detail/armor__struct.hpp
[2.771s] -- Installing: /home/zjq/MY_CODE/detectArmor_ros/DetectArmor-ros-/install/armor_interfaces/include/armor_interfaces/armor_interfaces/msg/detail/armor__type_support.hpp
[2.771s] -- Installing: /home/zjq/MY_CODE/detectArmor_ros/DetectArmor-ros-/install/armor_interfaces/include/armor_interfaces/armor_interfaces/msg/detail/armor__builder.hpp
[2.771s] -- Installing: /home/zjq/MY_CODE/detectArmor_ros/DetectArmor-ros-/install/armor_interfaces/include/armor_interfaces/armor_interfaces/msg/detail/armors__struct.hpp
[2.771s] -- Installing: /home/zjq/MY_CODE/detectArmor_ros/DetectArmor-ros-/install/armor_interfaces/include/armor_interfaces/armor_interfaces/msg/detail/target__type_support.hpp
[2.771s] -- Installing: /home/zjq/MY_CODE/detectArmor_ros/DetectArmor-ros-/install/armor_interfaces/include/armor_interfaces/armor_interfaces/msg/detail/target__traits.hpp
[2.771s] -- Installing: /home/zjq/MY_CODE/detectArmor_ros/DetectArmor-ros-/install/armor_interfaces/include/armor_interfaces/armor_interfaces/msg/detail/target__builder.hpp
[2.771s] -- Installing: /home/zjq/MY_CODE/detectArmor_ros/DetectArmor-ros-/install/armor_interfaces/include/armor_interfaces/armor_interfaces/msg/detail/armor__traits.hpp
[2.771s] -- Installing: /home/zjq/MY_CODE/detectArmor_ros/DetectArmor-ros-/install/armor_interfaces/include/armor_interfaces/armor_interfaces/msg/detail/target__struct.hpp
[2.771s] -- Installing: /home/zjq/MY_CODE/detectArmor_ros/DetectArmor-ros-/install/armor_interfaces/include/armor_interfaces/armor_interfaces/msg/detail/armors__type_support.hpp
[2.771s] -- Installing: /home/zjq/MY_CODE/detectArmor_ros/DetectArmor-ros-/install/armor_interfaces/include/armor_interfaces/armor_interfaces/msg/detail/armors__builder.hpp
[2.771s] -- Installing: /home/zjq/MY_CODE/detectArmor_ros/DetectArmor-ros-/install/armor_interfaces/include/armor_interfaces/armor_interfaces/msg/target.hpp
[2.771s] -- Up-to-date: /home/zjq/MY_CODE/detectArmor_ros/DetectArmor-ros-/install/armor_interfaces/include/armor_interfaces/armor_interfaces
[2.771s] -- Up-to-date: /home/zjq/MY_CODE/detectArmor_ros/DetectArmor-ros-/install/armor_interfaces/include/armor_interfaces/armor_interfaces/msg
[2.771s] -- Installing: /home/zjq/MY_CODE/detectArmor_ros/DetectArmor-ros-/install/armor_interfaces/include/armor_interfaces/armor_interfaces/msg/rosidl_typesupport_fastrtps_cpp__visibility_control.h
[2.772s] -- Up-to-date: /home/zjq/MY_CODE/detectArmor_ros/DetectArmor-ros-/install/armor_interfaces/include/armor_interfaces/armor_interfaces/msg/detail
[2.772s] -- Installing: /home/zjq/MY_CODE/detectArmor_ros/DetectArmor-ros-/install/armor_interfaces/include/armor_interfaces/armor_interfaces/msg/detail/target__rosidl_typesupport_fastrtps_cpp.hpp
[2.772s] -- Installing: /home/zjq/MY_CODE/detectArmor_ros/DetectArmor-ros-/install/armor_interfaces/include/armor_interfaces/armor_interfaces/msg/detail/armor__rosidl_typesupport_fastrtps_cpp.hpp
[2.772s] -- Installing: /home/zjq/MY_CODE/detectArmor_ros/DetectArmor-ros-/install/armor_interfaces/include/armor_interfaces/armor_interfaces/msg/detail/dds_fastrtps
[2.772s] -- Installing: /home/zjq/MY_CODE/detectArmor_ros/DetectArmor-ros-/install/armor_interfaces/include/armor_interfaces/armor_interfaces/msg/detail/armors__rosidl_typesupport_fastrtps_cpp.hpp
[2.772s] -- Installing: /home/zjq/MY_CODE/detectArmor_ros/DetectArmor-ros-/install/armor_interfaces/lib/libarmor_interfaces__rosidl_typesupport_fastrtps_cpp.so
[2.772s] -- Set runtime path of "/home/zjq/MY_CODE/detectArmor_ros/DetectArmor-ros-/install/armor_interfaces/lib/libarmor_interfaces__rosidl_typesupport_fastrtps_cpp.so" to ""
[2.772s] -- Up-to-date: /home/zjq/MY_CODE/detectArmor_ros/DetectArmor-ros-/install/armor_interfaces/include/armor_interfaces/armor_interfaces
[2.772s] -- Up-to-date: /home/zjq/MY_CODE/detectArmor_ros/DetectArmor-ros-/install/armor_interfaces/include/armor_interfaces/armor_interfaces/msg
[2.772s] -- Installing: /home/zjq/MY_CODE/detectArmor_ros/DetectArmor-ros-/install/armor_interfaces/include/armor_interfaces/armor_interfaces/msg/rosidl_typesupport_introspection_c__visibility_control.h
[2.772s] -- Up-to-date: /home/zjq/MY_CODE/detectArmor_ros/DetectArmor-ros-/install/armor_interfaces/include/armor_interfaces/armor_interfaces/msg/detail
[2.772s] -- Installing: /home/zjq/MY_CODE/detectArmor_ros/DetectArmor-ros-/install/armor_interfaces/include/armor_interfaces/armor_interfaces/msg/detail/target__rosidl_typesupport_introspection_c.h
[2.772s] -- Installing: /home/zjq/MY_CODE/detectArmor_ros/DetectArmor-ros-/install/armor_interfaces/include/armor_interfaces/armor_interfaces/msg/detail/armors__rosidl_typesupport_introspection_c.h
[2.772s] -- Installing: /home/zjq/MY_CODE/detectArmor_ros/DetectArmor-ros-/install/armor_interfaces/include/armor_interfaces/armor_interfaces/msg/detail/armor__type_support.c
[2.772s] -- Installing: /home/zjq/MY_CODE/detectArmor_ros/DetectArmor-ros-/install/armor_interfaces/include/armor_interfaces/armor_interfaces/msg/detail/target__type_support.c
[2.772s] -- Installing: /home/zjq/MY_CODE/detectArmor_ros/DetectArmor-ros-/install/armor_interfaces/include/armor_interfaces/armor_interfaces/msg/detail/armors__type_support.c
[2.772s] -- Installing: /home/zjq/MY_CODE/detectArmor_ros/DetectArmor-ros-/install/armor_interfaces/include/armor_interfaces/armor_interfaces/msg/detail/armor__rosidl_typesupport_introspection_c.h
[2.773s] -- Installing: /home/zjq/MY_CODE/detectArmor_ros/DetectArmor-ros-/install/armor_interfaces/lib/libarmor_interfaces__rosidl_typesupport_introspection_c.so
[2.773s] -- Set runtime path of "/home/zjq/MY_CODE/detectArmor_ros/DetectArmor-ros-/install/armor_interfaces/lib/libarmor_interfaces__rosidl_typesupport_introspection_c.so" to ""
[2.773s] -- Installing: /home/zjq/MY_CODE/detectArmor_ros/DetectArmor-ros-/install/armor_interfaces/lib/libarmor_interfaces__rosidl_typesupport_c.so
[2.773s] -- Set runtime path of "/home/zjq/MY_CODE/detectArmor_ros/DetectArmor-ros-/install/armor_interfaces/lib/libarmor_interfaces__rosidl_typesupport_c.so" to ""
[2.773s] -- Up-to-date: /home/zjq/MY_CODE/detectArmor_ros/DetectArmor-ros-/install/armor_interfaces/include/armor_interfaces/armor_interfaces
[2.773s] -- Up-to-date: /home/zjq/MY_CODE/detectArmor_ros/DetectArmor-ros-/install/armor_interfaces/include/armor_interfaces/armor_interfaces/msg
[2.773s] -- Up-to-date: /home/zjq/MY_CODE/detectArmor_ros/DetectArmor-ros-/install/armor_interfaces/include/armor_interfaces/armor_interfaces/msg/detail
[2.773s] -- Installing: /home/zjq/MY_CODE/detectArmor_ros/DetectArmor-ros-/install/armor_interfaces/include/armor_interfaces/armor_interfaces/msg/detail/armors__rosidl_typesupport_introspection_cpp.hpp
[2.773s] -- Installing: /home/zjq/MY_CODE/detectArmor_ros/DetectArmor-ros-/install/armor_interfaces/include/armor_interfaces/armor_interfaces/msg/detail/target__rosidl_typesupport_introspection_cpp.hpp
[2.773s] -- Installing: /home/zjq/MY_CODE/detectArmor_ros/DetectArmor-ros-/install/armor_interfaces/include/armor_interfaces/armor_interfaces/msg/detail/armor__rosidl_typesupport_introspection_cpp.hpp
[2.773s] -- Installing: /home/zjq/MY_CODE/detectArmor_ros/DetectArmor-ros-/install/armor_interfaces/include/armor_interfaces/armor_interfaces/msg/detail/armor__type_support.cpp
[2.773s] -- Installing: /home/zjq/MY_CODE/detectArmor_ros/DetectArmor-ros-/install/armor_interfaces/include/armor_interfaces/armor_interfaces/msg/detail/target__type_support.cpp
[2.773s] -- Installing: /home/zjq/MY_CODE/detectArmor_ros/DetectArmor-ros-/install/armor_interfaces/include/armor_interfaces/armor_interfaces/msg/detail/armors__type_support.cpp
[2.773s] -- Installing: /home/zjq/MY_CODE/detectArmor_ros/DetectArmor-ros-/install/armor_interfaces/lib/libarmor_interfaces__rosidl_typesupport_introspection_cpp.so
[2.773s] -- Set runtime path of "/home/zjq/MY_CODE/detectArmor_ros/DetectArmor-ros-/install/armor_interfaces/lib/libarmor_interfaces__rosidl_typesupport_introspection_cpp.so" to ""
[2.773s] -- Installing: /home/zjq/MY_CODE/detectArmor_ros/DetectArmor-ros-/install/armor_interfaces/lib/libarmor_interfaces__rosidl_typesupport_cpp.so
[2.773s] -- Set runtime path of "/home/zjq/MY_CODE/detectArmor_ros/DetectArmor-ros-/install/armor_interfaces/lib/libarmor_interfaces__rosidl_typesupport_cpp.so" to ""
[2.773s] -- Installing: /home/zjq/MY_CODE/detectArmor_ros/DetectArmor-ros-/install/armor_interfaces/share/armor_interfaces/environment/pythonpath.sh
[2.773s] -- Installing: /home/zjq/MY_CODE/detectArmor_ros/DetectArmor-ros-/install/armor_interfaces/share/armor_interfaces/environment/pythonpath.dsv
[2.773s] -- Installing: /home/zjq/MY_CODE/detectArmor_ros/DetectArmor-ros-/install/armor_interfaces/local/lib/python3.10/dist-packages/armor_interfaces-0.0.0-py3.10.egg-info
[2.773s] -- Installing: /home/zjq/MY_CODE/detectArmor_ros/DetectArmor-ros-/install/armor_interfaces/local/lib/python3.10/dist-packages/armor_interfaces-0.0.0-py3.10.egg-info/SOURCES.txt
[2.773s] -- Installing: /home/zjq/MY_CODE/detectArmor_ros/DetectArmor-ros-/install/armor_interfaces/local/lib/python3.10/dist-packages/armor_interfaces-0.0.0-py3.10.egg-info/PKG-INFO
[2.773s] -- Installing: /home/zjq/MY_CODE/detectArmor_ros/DetectArmor-ros-/install/armor_interfaces/local/lib/python3.10/dist-packages/armor_interfaces-0.0.0-py3.10.egg-info/top_level.txt
[2.773s] -- Installing: /home/zjq/MY_CODE/detectArmor_ros/DetectArmor-ros-/install/armor_interfaces/local/lib/python3.10/dist-packages/armor_interfaces-0.0.0-py3.10.egg-info/dependency_links.txt
[2.773s] -- Installing: /home/zjq/MY_CODE/detectArmor_ros/DetectArmor-ros-/install/armor_interfaces/local/lib/python3.10/dist-packages/armor_interfaces
[2.773s] -- Installing: /home/zjq/MY_CODE/detectArmor_ros/DetectArmor-ros-/install/armor_interfaces/local/lib/python3.10/dist-packages/armor_interfaces/__init__.py
[2.773s] -- Installing: /home/zjq/MY_CODE/detectArmor_ros/DetectArmor-ros-/install/armor_interfaces/local/lib/python3.10/dist-packages/armor_interfaces/armor_interfaces_s__rosidl_typesupport_c.cpython-310-x86_64-linux-gnu.so
[2.773s] -- Installing: /home/zjq/MY_CODE/detectArmor_ros/DetectArmor-ros-/install/armor_interfaces/local/lib/python3.10/dist-packages/armor_interfaces/_armor_interfaces_s.ep.rosidl_typesupport_c.c
[2.774s] -- Installing: /home/zjq/MY_CODE/detectArmor_ros/DetectArmor-ros-/install/armor_interfaces/local/lib/python3.10/dist-packages/armor_interfaces/_armor_interfaces_s.ep.rosidl_typesupport_fastrtps_c.c
[2.774s] -- Installing: /home/zjq/MY_CODE/detectArmor_ros/DetectArmor-ros-/install/armor_interfaces/local/lib/python3.10/dist-packages/armor_interfaces/armor_interfaces_s__rosidl_typesupport_fastrtps_c.cpython-310-x86_64-linux-gnu.so
[2.774s] -- Installing: /home/zjq/MY_CODE/detectArmor_ros/DetectArmor-ros-/install/armor_interfaces/local/lib/python3.10/dist-packages/armor_interfaces/msg
[2.774s] -- Installing: /home/zjq/MY_CODE/detectArmor_ros/DetectArmor-ros-/install/armor_interfaces/local/lib/python3.10/dist-packages/armor_interfaces/msg/__init__.py
[2.774s] -- Installing: /home/zjq/MY_CODE/detectArmor_ros/DetectArmor-ros-/install/armor_interfaces/local/lib/python3.10/dist-packages/armor_interfaces/msg/_armor.py
[2.774s] -- Installing: /home/zjq/MY_CODE/detectArmor_ros/DetectArmor-ros-/install/armor_interfaces/local/lib/python3.10/dist-packages/armor_interfaces/msg/_target.py
[2.774s] -- Installing: /home/zjq/MY_CODE/detectArmor_ros/DetectArmor-ros-/install/armor_interfaces/local/lib/python3.10/dist-packages/armor_interfaces/msg/_armors.py
[2.774s] -- Installing: /home/zjq/MY_CODE/detectArmor_ros/DetectArmor-ros-/install/armor_interfaces/local/lib/python3.10/dist-packages/armor_interfaces/msg/_target_s.c
[2.774s] -- Installing: /home/zjq/MY_CODE/detectArmor_ros/DetectArmor-ros-/install/armor_interfaces/local/lib/python3.10/dist-packages/armor_interfaces/msg/_armor_s.c
[2.774s] -- Installing: /home/zjq/MY_CODE/detectArmor_ros/DetectArmor-ros-/install/armor_interfaces/local/lib/python3.10/dist-packages/armor_interfaces/msg/_armors_s.c
[2.774s] -- Installing: /home/zjq/MY_CODE/detectArmor_ros/DetectArmor-ros-/install/armor_interfaces/local/lib/python3.10/dist-packages/armor_interfaces/libarmor_interfaces__rosidl_generator_py.so
[2.774s] -- Installing: /home/zjq/MY_CODE/detectArmor_ros/DetectArmor-ros-/install/armor_interfaces/local/lib/python3.10/dist-packages/armor_interfaces/_armor_interfaces_s.ep.rosidl_typesupport_introspection_c.c
[2.774s] -- Installing: /home/zjq/MY_CODE/detectArmor_ros/DetectArmor-ros-/install/armor_interfaces/local/lib/python3.10/dist-packages/armor_interfaces/armor_interfaces_s__rosidl_typesupport_introspection_c.cpython-310-x86_64-linux-gnu.so
[2.795s] Listing '/home/zjq/MY_CODE/detectArmor_ros/DetectArmor-ros-/install/armor_interfaces/local/lib/python3.10/dist-packages/armor_interfaces'...
[2.795s] Compiling '/home/zjq/MY_CODE/detectArmor_ros/DetectArmor-ros-/install/armor_interfaces/local/lib/python3.10/dist-packages/armor_interfaces/__init__.py'...
[2.795s] Listing '/home/zjq/MY_CODE/detectArmor_ros/DetectArmor-ros-/install/armor_interfaces/local/lib/python3.10/dist-packages/armor_interfaces/msg'...
[2.796s] Compiling '/home/zjq/MY_CODE/detectArmor_ros/DetectArmor-ros-/install/armor_interfaces/local/lib/python3.10/dist-packages/armor_interfaces/msg/__init__.py'...
[2.796s] Compiling '/home/zjq/MY_CODE/detectArmor_ros/DetectArmor-ros-/install/armor_interfaces/local/lib/python3.10/dist-packages/armor_interfaces/msg/_armor.py'...
[2.796s] Compiling '/home/zjq/MY_CODE/detectArmor_ros/DetectArmor-ros-/install/armor_interfaces/local/lib/python3.10/dist-packages/armor_interfaces/msg/_armors.py'...
[2.796s] Compiling '/home/zjq/MY_CODE/detectArmor_ros/DetectArmor-ros-/install/armor_interfaces/local/lib/python3.10/dist-packages/armor_interfaces/msg/_target.py'...
[2.798s] -- Installing: /home/zjq/MY_CODE/detectArmor_ros/DetectArmor-ros-/install/armor_interfaces/local/lib/python3.10/dist-packages/armor_interfaces/armor_interfaces_s__rosidl_typesupport_fastrtps_c.cpython-310-x86_64-linux-gnu.so
[2.798s] -- Set runtime path of "/home/zjq/MY_CODE/detectArmor_ros/DetectArmor-ros-/install/armor_interfaces/local/lib/python3.10/dist-packages/armor_interfaces/armor_interfaces_s__rosidl_typesupport_fastrtps_c.cpython-310-x86_64-linux-gnu.so" to ""
[2.798s] -- Installing: /home/zjq/MY_CODE/detectArmor_ros/DetectArmor-ros-/install/armor_interfaces/local/lib/python3.10/dist-packages/armor_interfaces/armor_interfaces_s__rosidl_typesupport_introspection_c.cpython-310-x86_64-linux-gnu.so
[2.799s] -- Set runtime path of "/home/zjq/MY_CODE/detectArmor_ros/DetectArmor-ros-/install/armor_interfaces/local/lib/python3.10/dist-packages/armor_interfaces/armor_interfaces_s__rosidl_typesupport_introspection_c.cpython-310-x86_64-linux-gnu.so" to ""
[2.799s] -- Installing: /home/zjq/MY_CODE/detectArmor_ros/DetectArmor-ros-/install/armor_interfaces/local/lib/python3.10/dist-packages/armor_interfaces/armor_interfaces_s__rosidl_typesupport_c.cpython-310-x86_64-linux-gnu.so
[2.799s] -- Set runtime path of "/home/zjq/MY_CODE/detectArmor_ros/DetectArmor-ros-/install/armor_interfaces/local/lib/python3.10/dist-packages/armor_interfaces/armor_interfaces_s__rosidl_typesupport_c.cpython-310-x86_64-linux-gnu.so" to ""
[2.799s] -- Installing: /home/zjq/MY_CODE/detectArmor_ros/DetectArmor-ros-/install/armor_interfaces/lib/libarmor_interfaces__rosidl_generator_py.so
[2.800s] -- Set runtime path of "/home/zjq/MY_CODE/detectArmor_ros/DetectArmor-ros-/install/armor_interfaces/lib/libarmor_interfaces__rosidl_generator_py.so" to ""
[2.800s] -- Installing: /home/zjq/MY_CODE/detectArmor_ros/DetectArmor-ros-/install/armor_interfaces/share/armor_interfaces/msg/Armor.idl
[2.800s] -- Installing: /home/zjq/MY_CODE/detectArmor_ros/DetectArmor-ros-/install/armor_interfaces/share/armor_interfaces/msg/Armors.idl
[2.800s] -- Installing: /home/zjq/MY_CODE/detectArmor_ros/DetectArmor-ros-/install/armor_interfaces/share/armor_interfaces/msg/Target.idl
[2.800s] -- Installing: /home/zjq/MY_CODE/detectArmor_ros/DetectArmor-ros-/install/armor_interfaces/share/armor_interfaces/msg/Armor.msg
[2.800s] -- Installing: /home/zjq/MY_CODE/detectArmor_ros/DetectArmor-ros-/install/armor_interfaces/share/armor_interfaces/msg/Armors.msg
[2.800s] -- Installing: /home/zjq/MY_CODE/detectArmor_ros/DetectArmor-ros-/install/armor_interfaces/share/armor_interfaces/msg/Target.msg
[2.800s] -- Installing: /home/zjq/MY_CODE/detectArmor_ros/DetectArmor-ros-/install/armor_interfaces/share/ament_index/resource_index/package_run_dependencies/armor_interfaces
[2.800s] -- Installing: /home/zjq/MY_CODE/detectArmor_ros/DetectArmor-ros-/install/armor_interfaces/share/ament_index/resource_index/parent_prefix_path/armor_interfaces
[2.800s] -- Installing: /home/zjq/MY_CODE/detectArmor_ros/DetectArmor-ros-/install/armor_interfaces/share/armor_interfaces/environment/ament_prefix_path.sh
[2.800s] -- Installing: /home/zjq/MY_CODE/detectArmor_ros/DetectArmor-ros-/install/armor_interfaces/share/armor_interfaces/environment/ament_prefix_path.dsv
[2.800s] -- Installing: /home/zjq/MY_CODE/detectArmor_ros/DetectArmor-ros-/install/armor_interfaces/share/armor_interfaces/environment/path.sh
[2.800s] -- Installing: /home/zjq/MY_CODE/detectArmor_ros/DetectArmor-ros-/install/armor_interfaces/share/armor_interfaces/environment/path.dsv
[2.800s] -- Installing: /home/zjq/MY_CODE/detectArmor_ros/DetectArmor-ros-/install/armor_interfaces/share/armor_interfaces/local_setup.bash
[2.800s] -- Installing: /home/zjq/MY_CODE/detectArmor_ros/DetectArmor-ros-/install/armor_interfaces/share/armor_interfaces/local_setup.sh
[2.801s] -- Installing: /home/zjq/MY_CODE/detectArmor_ros/DetectArmor-ros-/install/armor_interfaces/share/armor_interfaces/local_setup.zsh
[2.801s] -- Installing: /home/zjq/MY_CODE/detectArmor_ros/DetectArmor-ros-/install/armor_interfaces/share/armor_interfaces/local_setup.dsv
[2.801s] -- Installing: /home/zjq/MY_CODE/detectArmor_ros/DetectArmor-ros-/install/armor_interfaces/share/armor_interfaces/package.dsv
[2.801s] -- Installing: /home/zjq/MY_CODE/detectArmor_ros/DetectArmor-ros-/install/armor_interfaces/share/ament_index/resource_index/packages/armor_interfaces
[2.801s] -- Installing: /home/zjq/MY_CODE/detectArmor_ros/DetectArmor-ros-/install/armor_interfaces/share/armor_interfaces/cmake/export_armor_interfaces__rosidl_generator_cExport.cmake
[2.801s] -- Installing: /home/zjq/MY_CODE/detectArmor_ros/DetectArmor-ros-/install/armor_interfaces/share/armor_interfaces/cmake/export_armor_interfaces__rosidl_generator_cExport-noconfig.cmake
[2.801s] -- Installing: /home/zjq/MY_CODE/detectArmor_ros/DetectArmor-ros-/install/armor_interfaces/share/armor_interfaces/cmake/export_armor_interfaces__rosidl_typesupport_fastrtps_cExport.cmake
[2.801s] -- Installing: /home/zjq/MY_CODE/detectArmor_ros/DetectArmor-ros-/install/armor_interfaces/share/armor_interfaces/cmake/export_armor_interfaces__rosidl_typesupport_fastrtps_cExport-noconfig.cmake
[2.801s] -- Installing: /home/zjq/MY_CODE/detectArmor_ros/DetectArmor-ros-/install/armor_interfaces/share/armor_interfaces/cmake/export_armor_interfaces__rosidl_generator_cppExport.cmake
[2.801s] -- Installing: /home/zjq/MY_CODE/detectArmor_ros/DetectArmor-ros-/install/armor_interfaces/share/armor_interfaces/cmake/export_armor_interfaces__rosidl_typesupport_fastrtps_cppExport.cmake
[2.801s] -- Installing: /home/zjq/MY_CODE/detectArmor_ros/DetectArmor-ros-/install/armor_interfaces/share/armor_interfaces/cmake/export_armor_interfaces__rosidl_typesupport_fastrtps_cppExport-noconfig.cmake
[2.801s] -- Installing: /home/zjq/MY_CODE/detectArmor_ros/DetectArmor-ros-/install/armor_interfaces/share/armor_interfaces/cmake/armor_interfaces__rosidl_typesupport_introspection_cExport.cmake
[2.801s] -- Installing: /home/zjq/MY_CODE/detectArmor_ros/DetectArmor-ros-/install/armor_interfaces/share/armor_interfaces/cmake/armor_interfaces__rosidl_typesupport_introspection_cExport-noconfig.cmake
[2.801s] -- Installing: /home/zjq/MY_CODE/detectArmor_ros/DetectArmor-ros-/install/armor_interfaces/share/armor_interfaces/cmake/armor_interfaces__rosidl_typesupport_cExport.cmake
[2.801s] -- Installing: /home/zjq/MY_CODE/detectArmor_ros/DetectArmor-ros-/install/armor_interfaces/share/armor_interfaces/cmake/armor_interfaces__rosidl_typesupport_cExport-noconfig.cmake
[2.801s] -- Installing: /home/zjq/MY_CODE/detectArmor_ros/DetectArmor-ros-/install/armor_interfaces/share/armor_interfaces/cmake/armor_interfaces__rosidl_typesupport_introspection_cppExport.cmake
[2.801s] -- Installing: /home/zjq/MY_CODE/detectArmor_ros/DetectArmor-ros-/install/armor_interfaces/share/armor_interfaces/cmake/armor_interfaces__rosidl_typesupport_introspection_cppExport-noconfig.cmake
[2.802s] -- Installing: /home/zjq/MY_CODE/detectArmor_ros/DetectArmor-ros-/install/armor_interfaces/share/armor_interfaces/cmake/armor_interfaces__rosidl_typesupport_cppExport.cmake
[2.802s] -- Installing: /home/zjq/MY_CODE/detectArmor_ros/DetectArmor-ros-/install/armor_interfaces/share/armor_interfaces/cmake/armor_interfaces__rosidl_typesupport_cppExport-noconfig.cmake
[2.802s] -- Installing: /home/zjq/MY_CODE/detectArmor_ros/DetectArmor-ros-/install/armor_interfaces/share/armor_interfaces/cmake/export_armor_interfaces__rosidl_generator_pyExport.cmake
[2.802s] -- Installing: /home/zjq/MY_CODE/detectArmor_ros/DetectArmor-ros-/install/armor_interfaces/share/armor_interfaces/cmake/export_armor_interfaces__rosidl_generator_pyExport-noconfig.cmake
[2.802s] -- Installing: /home/zjq/MY_CODE/detectArmor_ros/DetectArmor-ros-/install/armor_interfaces/share/armor_interfaces/cmake/rosidl_cmake-extras.cmake
[2.802s] -- Installing: /home/zjq/MY_CODE/detectArmor_ros/DetectArmor-ros-/install/armor_interfaces/share/armor_interfaces/cmake/ament_cmake_export_dependencies-extras.cmake
[2.802s] -- Installing: /home/zjq/MY_CODE/detectArmor_ros/DetectArmor-ros-/install/armor_interfaces/share/armor_interfaces/cmake/ament_cmake_export_include_directories-extras.cmake
[2.802s] -- Installing: /home/zjq/MY_CODE/detectArmor_ros/DetectArmor-ros-/install/armor_interfaces/share/armor_interfaces/cmake/ament_cmake_export_libraries-extras.cmake
[2.802s] -- Installing: /home/zjq/MY_CODE/detectArmor_ros/DetectArmor-ros-/install/armor_interfaces/share/armor_interfaces/cmake/ament_cmake_export_targets-extras.cmake
[2.802s] -- Installing: /home/zjq/MY_CODE/detectArmor_ros/DetectArmor-ros-/install/armor_interfaces/share/armor_interfaces/cmake/rosidl_cmake_export_typesupport_targets-extras.cmake
[2.802s] -- Installing: /home/zjq/MY_CODE/detectArmor_ros/DetectArmor-ros-/install/armor_interfaces/share/armor_interfaces/cmake/rosidl_cmake_export_typesupport_libraries-extras.cmake
[2.802s] -- Installing: /home/zjq/MY_CODE/detectArmor_ros/DetectArmor-ros-/install/armor_interfaces/share/armor_interfaces/cmake/armor_interfacesConfig.cmake
[2.802s] -- Installing: /home/zjq/MY_CODE/detectArmor_ros/DetectArmor-ros-/install/armor_interfaces/share/armor_interfaces/cmake/armor_interfacesConfig-version.cmake
[2.802s] -- Installing: /home/zjq/MY_CODE/detectArmor_ros/DetectArmor-ros-/install/armor_interfaces/share/armor_interfaces/package.xml
[2.804s] Invoked command in '/home/zjq/MY_CODE/detectArmor_ros/DetectArmor-ros-/build/armor_interfaces' returned '0': CMAKE_PREFIX_PATH=${CMAKE_PREFIX_PATH}:/opt/ros/humble /usr/bin/cmake --install /home/zjq/MY_CODE/detectArmor_ros/DetectArmor-ros-/build/armor_interfaces
