[0.013s] Invoking command in '/home/zjq/MY_CODE/DetectArmor-ros-/build/auto_aim': CMAKE_PREFIX_PATH=${CMAKE_PREFIX_PATH}:/opt/ros/humble /usr/bin/cmake /home/zjq/MY_CODE/DetectArmor-ros-/src/auto_aim -DCMAKE_INSTALL_PREFIX=/home/zjq/MY_CODE/DetectArmor-ros-/install/auto_aim
[0.057s] -- The C compiler identification is GNU 11.4.0
[0.097s] -- The CXX compiler identification is GNU 11.4.0
[0.104s] -- Detecting C compiler ABI info
[0.150s] -- Detecting C compiler ABI info - done
[0.154s] -- Check for working C compiler: /usr/bin/cc - skipped
[0.154s] -- Detecting C compile features
[0.155s] -- Detecting C compile features - done
[0.156s] -- Detecting CXX compiler ABI info
[0.213s] -- Detecting CXX compiler ABI info - done
[0.217s] -- Check for working CXX compiler: /usr/bin/c++ - skipped
[0.217s] -- Detecting CXX compile features
[0.218s] -- Detecting CXX compile features - done
[0.219s] -- Found ament_cmake: 1.3.11 (/opt/ros/humble/share/ament_cmake/cmake)
[0.321s] -- Found Python3: /usr/bin/python3 (found version "3.10.12") found components: Interpreter 
[0.381s] -- Found rclcpp: 16.0.11 (/opt/ros/humble/share/rclcpp/cmake)
[0.412s] -- Found rosidl_generator_c: 3.1.6 (/opt/ros/humble/share/rosidl_generator_c/cmake)
[0.415s] -- Found rosidl_adapter: 3.1.6 (/opt/ros/humble/share/rosidl_adapter/cmake)
[0.419s] -- Found rosidl_generator_cpp: 3.1.6 (/opt/ros/humble/share/rosidl_generator_cpp/cmake)
[0.427s] -- Using all available rosidl_typesupport_c: rosidl_typesupport_fastrtps_c;rosidl_typesupport_introspection_c
[0.437s] -- Using all available rosidl_typesupport_cpp: rosidl_typesupport_fastrtps_cpp;rosidl_typesupport_introspection_cpp
[0.464s] -- Found rmw_implementation_cmake: 6.1.2 (/opt/ros/humble/share/rmw_implementation_cmake/cmake)
[0.466s] -- Found rmw_fastrtps_cpp: 6.2.7 (/opt/ros/humble/share/rmw_fastrtps_cpp/cmake)
[0.523s] -- Found OpenSSL: /usr/lib/x86_64-linux-gnu/libcrypto.so (found version "3.0.2")  
[0.539s] -- Found FastRTPS: /opt/ros/humble/include  
[0.569s] -- Using RMW implementation 'rmw_fastrtps_cpp' as default
[0.573s] -- Looking for pthread.h
[0.631s] -- Looking for pthread.h - found
[0.631s] -- Performing Test CMAKE_HAVE_LIBC_PTHREAD
[0.685s] -- Performing Test CMAKE_HAVE_LIBC_PTHREAD - Success
[0.687s] -- Found Threads: TRUE  
[0.716s] -- Found ament_lint_auto: 0.12.11 (/opt/ros/humble/share/ament_lint_auto/cmake)
[0.778s] -- Added test 'flake8' to check Python code syntax and style conventions
[0.778s] -- Added test 'lint_cmake' to check CMake code style
[0.778s] -- Added test 'pep257' to check Python code against some of the docstring style conventions in PEP 257
[0.779s] -- Added test 'xmllint' to check XML markup files
[0.779s] -- Configuring done
[0.782s] -- Generating done
[0.783s] -- Build files have been written to: /home/zjq/MY_CODE/DetectArmor-ros-/build/auto_aim
[0.790s] Invoked command in '/home/zjq/MY_CODE/DetectArmor-ros-/build/auto_aim' returned '0': CMAKE_PREFIX_PATH=${CMAKE_PREFIX_PATH}:/opt/ros/humble /usr/bin/cmake /home/zjq/MY_CODE/DetectArmor-ros-/src/auto_aim -DCMAKE_INSTALL_PREFIX=/home/zjq/MY_CODE/DetectArmor-ros-/install/auto_aim
[0.792s] Invoking command in '/home/zjq/MY_CODE/DetectArmor-ros-/build/auto_aim': CMAKE_PREFIX_PATH=${CMAKE_PREFIX_PATH}:/opt/ros/humble /usr/bin/cmake --build /home/zjq/MY_CODE/DetectArmor-ros-/build/auto_aim -- -j22 -l22
[0.825s] Invoked command in '/home/zjq/MY_CODE/DetectArmor-ros-/build/auto_aim' returned '0': CMAKE_PREFIX_PATH=${CMAKE_PREFIX_PATH}:/opt/ros/humble /usr/bin/cmake --build /home/zjq/MY_CODE/DetectArmor-ros-/build/auto_aim -- -j22 -l22
[0.834s] Invoking command in '/home/zjq/MY_CODE/DetectArmor-ros-/build/auto_aim': CMAKE_PREFIX_PATH=${CMAKE_PREFIX_PATH}:/opt/ros/humble /usr/bin/cmake --install /home/zjq/MY_CODE/DetectArmor-ros-/build/auto_aim
[0.840s] -- Install configuration: ""
[0.840s] -- Installing: /home/zjq/MY_CODE/DetectArmor-ros-/install/auto_aim/share/auto_aim/config
[0.840s] -- Installing: /home/zjq/MY_CODE/DetectArmor-ros-/install/auto_aim/share/auto_aim/config/auto_aim_params.yaml
[0.840s] -- Installing: /home/zjq/MY_CODE/DetectArmor-ros-/install/auto_aim/share/auto_aim/launch
[0.840s] -- Installing: /home/zjq/MY_CODE/DetectArmor-ros-/install/auto_aim/share/auto_aim/launch/translation_armor.launch.py
[0.840s] -- Installing: /home/zjq/MY_CODE/DetectArmor-ros-/install/auto_aim/share/ament_index/resource_index/package_run_dependencies/auto_aim
[0.840s] -- Installing: /home/zjq/MY_CODE/DetectArmor-ros-/install/auto_aim/share/ament_index/resource_index/parent_prefix_path/auto_aim
[0.840s] -- Installing: /home/zjq/MY_CODE/DetectArmor-ros-/install/auto_aim/share/auto_aim/environment/ament_prefix_path.sh
[0.840s] -- Installing: /home/zjq/MY_CODE/DetectArmor-ros-/install/auto_aim/share/auto_aim/environment/ament_prefix_path.dsv
[0.840s] -- Installing: /home/zjq/MY_CODE/DetectArmor-ros-/install/auto_aim/share/auto_aim/environment/path.sh
[0.840s] -- Installing: /home/zjq/MY_CODE/DetectArmor-ros-/install/auto_aim/share/auto_aim/environment/path.dsv
[0.840s] -- Installing: /home/zjq/MY_CODE/DetectArmor-ros-/install/auto_aim/share/auto_aim/local_setup.bash
[0.840s] -- Installing: /home/zjq/MY_CODE/DetectArmor-ros-/install/auto_aim/share/auto_aim/local_setup.sh
[0.840s] -- Installing: /home/zjq/MY_CODE/DetectArmor-ros-/install/auto_aim/share/auto_aim/local_setup.zsh
[0.840s] -- Installing: /home/zjq/MY_CODE/DetectArmor-ros-/install/auto_aim/share/auto_aim/local_setup.dsv
[0.840s] -- Installing: /home/zjq/MY_CODE/DetectArmor-ros-/install/auto_aim/share/auto_aim/package.dsv
[0.840s] -- Installing: /home/zjq/MY_CODE/DetectArmor-ros-/install/auto_aim/share/ament_index/resource_index/packages/auto_aim
[0.840s] -- Installing: /home/zjq/MY_CODE/DetectArmor-ros-/install/auto_aim/share/auto_aim/cmake/auto_aimConfig.cmake
[0.841s] -- Installing: /home/zjq/MY_CODE/DetectArmor-ros-/install/auto_aim/share/auto_aim/cmake/auto_aimConfig-version.cmake
[0.841s] -- Installing: /home/zjq/MY_CODE/DetectArmor-ros-/install/auto_aim/share/auto_aim/package.xml
[0.843s] Invoked command in '/home/zjq/MY_CODE/DetectArmor-ros-/build/auto_aim' returned '0': CMAKE_PREFIX_PATH=${CMAKE_PREFIX_PATH}:/opt/ros/humble /usr/bin/cmake --install /home/zjq/MY_CODE/DetectArmor-ros-/build/auto_aim
