[0.007s] Invoking command in '/home/zjq/MY_CODE/detectArmor_ros/DetectArmor-ros-/build/armor_tracker': CMAKE_PREFIX_PATH=/home/zjq/MY_CODE/detectArmor_ros/DetectArmor-ros-/install/armor_interfaces:/home/zjq/MY_CODE/detectArmor_ros/DetectArmor-ros-/install/video_reader:/home/zjq/MY_CODE/detectArmor_ros/DetectArmor-ros-/install/image_subscriber:/home/zjq/MY_CODE/detectArmor_ros/DetectArmor-ros-/install/armor_detect:/home/zjq/MY_CODE/detectArmor_ros/DetectArmor-ros-/install/hik_camera:/home/zjq/MY_CODE/detectArmor_ros/DetectArmor-ros-/install/armor_tracker:/opt/ros/humble LD_LIBRARY_PATH=/home/zjq/MY_CODE/detectArmor_ros/DetectArmor-ros-/install/armor_interfaces/lib:/home/zjq/MY_CODE/detectArmor_ros/DetectArmor-ros-/install/armor_detect/lib:/home/zjq/MY_CODE/detectArmor_ros/DetectArmor-ros-/install/hik_camera/lib:/home/zjq/MY_CODE/detectArmor_ros/DetectArmor-ros-/install/armor_tracker/lib:/opt/MVS/lib/64:/opt/MVS/lib/32:/opt/MVS/lib/64:/opt/MVS/lib/32:/opt/MVS/lib/64:/opt/MVS/lib/32:/opt/ros/humble/opt/rviz_ogre_vendor/lib:/opt/ros/humble/lib/x86_64-linux-gnu:/opt/ros/humble/lib:/opt/MVS/lib/64:/opt/MVS/lib/32:/opt/MVS/lib/64:/opt/MVS/lib/32:/opt/MVS/lib/64:/opt/MVS/lib/32 /usr/bin/cmake /home/zjq/MY_CODE/detectArmor_ros/DetectArmor-ros-/src/ArmorTracker -DCMAKE_INSTALL_PREFIX=/home/zjq/MY_CODE/detectArmor_ros/DetectArmor-ros-/install/armor_tracker
[0.054s] -- The C compiler identification is GNU 11.4.0
[0.090s] -- The CXX compiler identification is GNU 11.4.0
[0.094s] -- Detecting C compiler ABI info
[0.157s] -- Detecting C compiler ABI info - done
[0.162s] -- Check for working C compiler: /usr/bin/cc - skipped
[0.162s] -- Detecting C compile features
[0.163s] -- Detecting C compile features - done
[0.164s] -- Detecting CXX compiler ABI info
[0.232s] -- Detecting CXX compiler ABI info - done
[0.238s] -- Check for working CXX compiler: /usr/bin/c++ - skipped
[0.239s] -- Detecting CXX compile features
[0.239s] -- Detecting CXX compile features - done
[0.239s] [0m-- CMAKE_BUILD_TYPE: Release[0m
[0.240s] -- Found ament_cmake_auto: 1.3.11 (/opt/ros/humble/share/ament_cmake_auto/cmake)
[0.358s] -- Found Python3: /usr/bin/python3 (found version "3.10.12") found components: Interpreter 
[0.417s] -- Looking for pthread.h
[0.485s] -- Looking for pthread.h - found
[0.485s] -- Performing Test CMAKE_HAVE_LIBC_PTHREAD
[0.542s] -- Performing Test CMAKE_HAVE_LIBC_PTHREAD - Success
[0.543s] -- Found Threads: TRUE  
[0.551s] -- Found OpenCV: /usr (found version "4.5.4") 
[0.625s] -- Found rosidl_generator_c: 3.1.6 (/opt/ros/humble/share/rosidl_generator_c/cmake)
[0.627s] -- Found rosidl_adapter: 3.1.6 (/opt/ros/humble/share/rosidl_adapter/cmake)
[0.632s] -- Found rosidl_generator_cpp: 3.1.6 (/opt/ros/humble/share/rosidl_generator_cpp/cmake)
[0.638s] -- Using all available rosidl_typesupport_c: rosidl_typesupport_fastrtps_c;rosidl_typesupport_introspection_c
[0.646s] -- Using all available rosidl_typesupport_cpp: rosidl_typesupport_fastrtps_cpp;rosidl_typesupport_introspection_cpp
[0.669s] -- Found rmw_implementation_cmake: 6.1.2 (/opt/ros/humble/share/rmw_implementation_cmake/cmake)
[0.671s] -- Found rmw_fastrtps_cpp: 6.2.7 (/opt/ros/humble/share/rmw_fastrtps_cpp/cmake)
[0.732s] -- Found OpenSSL: /usr/lib/x86_64-linux-gnu/libcrypto.so (found version "3.0.2")  
[0.750s] -- Found FastRTPS: /opt/ros/humble/include  
[0.776s] -- Using RMW implementation 'rmw_fastrtps_cpp' as default
[0.919s] -- Found eigen3_cmake_module: 0.1.1 (/opt/ros/humble/share/eigen3_cmake_module/cmake)
[0.920s] -- Found Eigen3: TRUE (found version "3.4.0") 
[0.920s] -- Ensuring Eigen3 include directory is part of orocos-kdl CMake target
[0.936s] -- Configuring done
[0.947s] -- Generating done
[0.951s] -- Build files have been written to: /home/zjq/MY_CODE/detectArmor_ros/DetectArmor-ros-/build/armor_tracker
[0.958s] Invoked command in '/home/zjq/MY_CODE/detectArmor_ros/DetectArmor-ros-/build/armor_tracker' returned '0': CMAKE_PREFIX_PATH=/home/zjq/MY_CODE/detectArmor_ros/DetectArmor-ros-/install/armor_interfaces:/home/zjq/MY_CODE/detectArmor_ros/DetectArmor-ros-/install/video_reader:/home/zjq/MY_CODE/detectArmor_ros/DetectArmor-ros-/install/image_subscriber:/home/zjq/MY_CODE/detectArmor_ros/DetectArmor-ros-/install/armor_detect:/home/zjq/MY_CODE/detectArmor_ros/DetectArmor-ros-/install/hik_camera:/home/zjq/MY_CODE/detectArmor_ros/DetectArmor-ros-/install/armor_tracker:/opt/ros/humble LD_LIBRARY_PATH=/home/zjq/MY_CODE/detectArmor_ros/DetectArmor-ros-/install/armor_interfaces/lib:/home/zjq/MY_CODE/detectArmor_ros/DetectArmor-ros-/install/armor_detect/lib:/home/zjq/MY_CODE/detectArmor_ros/DetectArmor-ros-/install/hik_camera/lib:/home/zjq/MY_CODE/detectArmor_ros/DetectArmor-ros-/install/armor_tracker/lib:/opt/MVS/lib/64:/opt/MVS/lib/32:/opt/MVS/lib/64:/opt/MVS/lib/32:/opt/MVS/lib/64:/opt/MVS/lib/32:/opt/ros/humble/opt/rviz_ogre_vendor/lib:/opt/ros/humble/lib/x86_64-linux-gnu:/opt/ros/humble/lib:/opt/MVS/lib/64:/opt/MVS/lib/32:/opt/MVS/lib/64:/opt/MVS/lib/32:/opt/MVS/lib/64:/opt/MVS/lib/32 /usr/bin/cmake /home/zjq/MY_CODE/detectArmor_ros/DetectArmor-ros-/src/ArmorTracker -DCMAKE_INSTALL_PREFIX=/home/zjq/MY_CODE/detectArmor_ros/DetectArmor-ros-/install/armor_tracker
[0.959s] Invoking command in '/home/zjq/MY_CODE/detectArmor_ros/DetectArmor-ros-/build/armor_tracker': CMAKE_PREFIX_PATH=/home/zjq/MY_CODE/detectArmor_ros/DetectArmor-ros-/install/armor_interfaces:/home/zjq/MY_CODE/detectArmor_ros/DetectArmor-ros-/install/video_reader:/home/zjq/MY_CODE/detectArmor_ros/DetectArmor-ros-/install/image_subscriber:/home/zjq/MY_CODE/detectArmor_ros/DetectArmor-ros-/install/armor_detect:/home/zjq/MY_CODE/detectArmor_ros/DetectArmor-ros-/install/hik_camera:/home/zjq/MY_CODE/detectArmor_ros/DetectArmor-ros-/install/armor_tracker:/opt/ros/humble LD_LIBRARY_PATH=/home/zjq/MY_CODE/detectArmor_ros/DetectArmor-ros-/install/armor_interfaces/lib:/home/zjq/MY_CODE/detectArmor_ros/DetectArmor-ros-/install/armor_detect/lib:/home/zjq/MY_CODE/detectArmor_ros/DetectArmor-ros-/install/hik_camera/lib:/home/zjq/MY_CODE/detectArmor_ros/DetectArmor-ros-/install/armor_tracker/lib:/opt/MVS/lib/64:/opt/MVS/lib/32:/opt/MVS/lib/64:/opt/MVS/lib/32:/opt/MVS/lib/64:/opt/MVS/lib/32:/opt/ros/humble/opt/rviz_ogre_vendor/lib:/opt/ros/humble/lib/x86_64-linux-gnu:/opt/ros/humble/lib:/opt/MVS/lib/64:/opt/MVS/lib/32:/opt/MVS/lib/64:/opt/MVS/lib/32:/opt/MVS/lib/64:/opt/MVS/lib/32 /usr/bin/cmake --build /home/zjq/MY_CODE/detectArmor_ros/DetectArmor-ros-/build/armor_tracker -- -j22 -l22
[1.002s] [ 25%] [32mBuilding CXX object CMakeFiles/armor_tracker_node.dir/rclcpp_components/node_main_armor_tracker_node.cpp.o[0m
[1.004s] [ 50%] [32mBuilding CXX object CMakeFiles/armor_tracker.dir/src/ArmorTrackerNode.cpp.o[0m
[3.245s] [ 75%] [32m[1mLinking CXX executable armor_tracker_node[0m
[3.393s] [ 75%] Built target armor_tracker_node
[13.930s] [100%] [32m[1mLinking CXX shared library libarmor_tracker.so[0m
[14.076s] [100%] Built target armor_tracker
[14.089s] Invoked command in '/home/zjq/MY_CODE/detectArmor_ros/DetectArmor-ros-/build/armor_tracker' returned '0': CMAKE_PREFIX_PATH=/home/zjq/MY_CODE/detectArmor_ros/DetectArmor-ros-/install/armor_interfaces:/home/zjq/MY_CODE/detectArmor_ros/DetectArmor-ros-/install/video_reader:/home/zjq/MY_CODE/detectArmor_ros/DetectArmor-ros-/install/image_subscriber:/home/zjq/MY_CODE/detectArmor_ros/DetectArmor-ros-/install/armor_detect:/home/zjq/MY_CODE/detectArmor_ros/DetectArmor-ros-/install/hik_camera:/home/zjq/MY_CODE/detectArmor_ros/DetectArmor-ros-/install/armor_tracker:/opt/ros/humble LD_LIBRARY_PATH=/home/zjq/MY_CODE/detectArmor_ros/DetectArmor-ros-/install/armor_interfaces/lib:/home/zjq/MY_CODE/detectArmor_ros/DetectArmor-ros-/install/armor_detect/lib:/home/zjq/MY_CODE/detectArmor_ros/DetectArmor-ros-/install/hik_camera/lib:/home/zjq/MY_CODE/detectArmor_ros/DetectArmor-ros-/install/armor_tracker/lib:/opt/MVS/lib/64:/opt/MVS/lib/32:/opt/MVS/lib/64:/opt/MVS/lib/32:/opt/MVS/lib/64:/opt/MVS/lib/32:/opt/ros/humble/opt/rviz_ogre_vendor/lib:/opt/ros/humble/lib/x86_64-linux-gnu:/opt/ros/humble/lib:/opt/MVS/lib/64:/opt/MVS/lib/32:/opt/MVS/lib/64:/opt/MVS/lib/32:/opt/MVS/lib/64:/opt/MVS/lib/32 /usr/bin/cmake --build /home/zjq/MY_CODE/detectArmor_ros/DetectArmor-ros-/build/armor_tracker -- -j22 -l22
[14.090s] Invoking command in '/home/zjq/MY_CODE/detectArmor_ros/DetectArmor-ros-/build/armor_tracker': CMAKE_PREFIX_PATH=/home/zjq/MY_CODE/detectArmor_ros/DetectArmor-ros-/install/armor_interfaces:/home/zjq/MY_CODE/detectArmor_ros/DetectArmor-ros-/install/video_reader:/home/zjq/MY_CODE/detectArmor_ros/DetectArmor-ros-/install/image_subscriber:/home/zjq/MY_CODE/detectArmor_ros/DetectArmor-ros-/install/armor_detect:/home/zjq/MY_CODE/detectArmor_ros/DetectArmor-ros-/install/hik_camera:/home/zjq/MY_CODE/detectArmor_ros/DetectArmor-ros-/install/armor_tracker:/opt/ros/humble LD_LIBRARY_PATH=/home/zjq/MY_CODE/detectArmor_ros/DetectArmor-ros-/install/armor_interfaces/lib:/home/zjq/MY_CODE/detectArmor_ros/DetectArmor-ros-/install/armor_detect/lib:/home/zjq/MY_CODE/detectArmor_ros/DetectArmor-ros-/install/hik_camera/lib:/home/zjq/MY_CODE/detectArmor_ros/DetectArmor-ros-/install/armor_tracker/lib:/opt/MVS/lib/64:/opt/MVS/lib/32:/opt/MVS/lib/64:/opt/MVS/lib/32:/opt/MVS/lib/64:/opt/MVS/lib/32:/opt/ros/humble/opt/rviz_ogre_vendor/lib:/opt/ros/humble/lib/x86_64-linux-gnu:/opt/ros/humble/lib:/opt/MVS/lib/64:/opt/MVS/lib/32:/opt/MVS/lib/64:/opt/MVS/lib/32:/opt/MVS/lib/64:/opt/MVS/lib/32 /usr/bin/cmake --install /home/zjq/MY_CODE/detectArmor_ros/DetectArmor-ros-/build/armor_tracker
[14.098s] -- Install configuration: "Release"
[14.098s] -- Installing: /home/zjq/MY_CODE/detectArmor_ros/DetectArmor-ros-/install/armor_tracker/lib/armor_tracker/armor_tracker_node
[14.098s] -- Set runtime path of "/home/zjq/MY_CODE/detectArmor_ros/DetectArmor-ros-/install/armor_tracker/lib/armor_tracker/armor_tracker_node" to ""
[14.098s] -- Installing: /home/zjq/MY_CODE/detectArmor_ros/DetectArmor-ros-/install/armor_tracker/include
[14.098s] -- Installing: /home/zjq/MY_CODE/detectArmor_ros/DetectArmor-ros-/install/armor_tracker/include/Ekf.hpp
[14.098s] -- Installing: /home/zjq/MY_CODE/detectArmor_ros/DetectArmor-ros-/install/armor_tracker/include/ArmorTrackerNode.h
[14.098s] -- Installing: /home/zjq/MY_CODE/detectArmor_ros/DetectArmor-ros-/install/armor_tracker/share/armor_tracker/environment/library_path.sh
[14.098s] -- Installing: /home/zjq/MY_CODE/detectArmor_ros/DetectArmor-ros-/install/armor_tracker/share/armor_tracker/environment/library_path.dsv
[14.099s] -- Installing: /home/zjq/MY_CODE/detectArmor_ros/DetectArmor-ros-/install/armor_tracker/lib/libarmor_tracker.so
[14.100s] -- Set runtime path of "/home/zjq/MY_CODE/detectArmor_ros/DetectArmor-ros-/install/armor_tracker/lib/libarmor_tracker.so" to ""
[14.100s] -- Installing: /home/zjq/MY_CODE/detectArmor_ros/DetectArmor-ros-/install/armor_tracker/share/armor_tracker/launch
[14.100s] -- Installing: /home/zjq/MY_CODE/detectArmor_ros/DetectArmor-ros-/install/armor_tracker/share/ament_index/resource_index/package_run_dependencies/armor_tracker
[14.100s] -- Installing: /home/zjq/MY_CODE/detectArmor_ros/DetectArmor-ros-/install/armor_tracker/share/ament_index/resource_index/parent_prefix_path/armor_tracker
[14.100s] -- Installing: /home/zjq/MY_CODE/detectArmor_ros/DetectArmor-ros-/install/armor_tracker/share/armor_tracker/environment/ament_prefix_path.sh
[14.100s] -- Installing: /home/zjq/MY_CODE/detectArmor_ros/DetectArmor-ros-/install/armor_tracker/share/armor_tracker/environment/ament_prefix_path.dsv
[14.100s] -- Installing: /home/zjq/MY_CODE/detectArmor_ros/DetectArmor-ros-/install/armor_tracker/share/armor_tracker/environment/path.sh
[14.100s] -- Installing: /home/zjq/MY_CODE/detectArmor_ros/DetectArmor-ros-/install/armor_tracker/share/armor_tracker/environment/path.dsv
[14.100s] -- Installing: /home/zjq/MY_CODE/detectArmor_ros/DetectArmor-ros-/install/armor_tracker/share/armor_tracker/local_setup.bash
[14.100s] -- Installing: /home/zjq/MY_CODE/detectArmor_ros/DetectArmor-ros-/install/armor_tracker/share/armor_tracker/local_setup.sh
[14.101s] -- Installing: /home/zjq/MY_CODE/detectArmor_ros/DetectArmor-ros-/install/armor_tracker/share/armor_tracker/local_setup.zsh
[14.101s] -- Installing: /home/zjq/MY_CODE/detectArmor_ros/DetectArmor-ros-/install/armor_tracker/share/armor_tracker/local_setup.dsv
[14.101s] -- Installing: /home/zjq/MY_CODE/detectArmor_ros/DetectArmor-ros-/install/armor_tracker/share/armor_tracker/package.dsv
[14.101s] -- Installing: /home/zjq/MY_CODE/detectArmor_ros/DetectArmor-ros-/install/armor_tracker/share/ament_index/resource_index/packages/armor_tracker
[14.101s] -- Installing: /home/zjq/MY_CODE/detectArmor_ros/DetectArmor-ros-/install/armor_tracker/share/ament_index/resource_index/rclcpp_components/armor_tracker
[14.101s] -- Installing: /home/zjq/MY_CODE/detectArmor_ros/DetectArmor-ros-/install/armor_tracker/share/armor_tracker/cmake/ament_cmake_export_dependencies-extras.cmake
[14.101s] -- Installing: /home/zjq/MY_CODE/detectArmor_ros/DetectArmor-ros-/install/armor_tracker/share/armor_tracker/cmake/ament_cmake_export_include_directories-extras.cmake
[14.101s] -- Installing: /home/zjq/MY_CODE/detectArmor_ros/DetectArmor-ros-/install/armor_tracker/share/armor_tracker/cmake/ament_cmake_export_libraries-extras.cmake
[14.101s] -- Installing: /home/zjq/MY_CODE/detectArmor_ros/DetectArmor-ros-/install/armor_tracker/share/armor_tracker/cmake/armor_trackerConfig.cmake
[14.101s] -- Installing: /home/zjq/MY_CODE/detectArmor_ros/DetectArmor-ros-/install/armor_tracker/share/armor_tracker/cmake/armor_trackerConfig-version.cmake
[14.101s] -- Installing: /home/zjq/MY_CODE/detectArmor_ros/DetectArmor-ros-/install/armor_tracker/share/armor_tracker/package.xml
[14.102s] Invoked command in '/home/zjq/MY_CODE/detectArmor_ros/DetectArmor-ros-/build/armor_tracker' returned '0': CMAKE_PREFIX_PATH=/home/zjq/MY_CODE/detectArmor_ros/DetectArmor-ros-/install/armor_interfaces:/home/zjq/MY_CODE/detectArmor_ros/DetectArmor-ros-/install/video_reader:/home/zjq/MY_CODE/detectArmor_ros/DetectArmor-ros-/install/image_subscriber:/home/zjq/MY_CODE/detectArmor_ros/DetectArmor-ros-/install/armor_detect:/home/zjq/MY_CODE/detectArmor_ros/DetectArmor-ros-/install/hik_camera:/home/zjq/MY_CODE/detectArmor_ros/DetectArmor-ros-/install/armor_tracker:/opt/ros/humble LD_LIBRARY_PATH=/home/zjq/MY_CODE/detectArmor_ros/DetectArmor-ros-/install/armor_interfaces/lib:/home/zjq/MY_CODE/detectArmor_ros/DetectArmor-ros-/install/armor_detect/lib:/home/zjq/MY_CODE/detectArmor_ros/DetectArmor-ros-/install/hik_camera/lib:/home/zjq/MY_CODE/detectArmor_ros/DetectArmor-ros-/install/armor_tracker/lib:/opt/MVS/lib/64:/opt/MVS/lib/32:/opt/MVS/lib/64:/opt/MVS/lib/32:/opt/MVS/lib/64:/opt/MVS/lib/32:/opt/ros/humble/opt/rviz_ogre_vendor/lib:/opt/ros/humble/lib/x86_64-linux-gnu:/opt/ros/humble/lib:/opt/MVS/lib/64:/opt/MVS/lib/32:/opt/MVS/lib/64:/opt/MVS/lib/32:/opt/MVS/lib/64:/opt/MVS/lib/32 /usr/bin/cmake --install /home/zjq/MY_CODE/detectArmor_ros/DetectArmor-ros-/build/armor_tracker
