[0.008s] Invoking command in '/home/zjq/MY_CODE/DetectArmor-ros-/build/armor_tracker': CMAKE_PREFIX_PATH=/home/zjq/MY_CODE/DetectArmor-ros-/install/armor_interfaces:/home/zjq/MY_CODE/DetectArmor-ros-/install/video_reader:/home/zjq/MY_CODE/DetectArmor-ros-/install/image_subscriber:/home/zjq/MY_CODE/DetectArmor-ros-/install/armor_detect:/home/zjq/MY_CODE/DetectArmor-ros-/install/hik_camera:/home/zjq/MY_CODE/DetectArmor-ros-/install/auto_aim:/home/zjq/MY_CODE/DetectArmor-ros-/install/armor_tracker:/opt/ros/humble LD_LIBRARY_PATH=/home/zjq/MY_CODE/DetectArmor-ros-/install/armor_interfaces/lib:/home/zjq/MY_CODE/DetectArmor-ros-/install/armor_detect/lib:/home/zjq/MY_CODE/DetectArmor-ros-/install/hik_camera/lib:/home/zjq/MY_CODE/DetectArmor-ros-/install/armor_tracker/lib:/opt/MVS/lib/64:/opt/MVS/lib/32:/opt/MVS/lib/64:/opt/MVS/lib/32:/opt/ros/humble/opt/rviz_ogre_vendor/lib:/opt/ros/humble/lib/x86_64-linux-gnu:/opt/ros/humble/lib:/opt/MVS/lib/64:/opt/MVS/lib/32:/opt/MVS/lib/64:/opt/MVS/lib/32 /usr/bin/cmake /home/zjq/MY_CODE/DetectArmor-ros-/src/ArmorTracker -DCMAKE_INSTALL_PREFIX=/home/zjq/MY_CODE/DetectArmor-ros-/install/armor_tracker
[0.054s] -- The C compiler identification is GNU 11.4.0
[0.102s] -- The CXX compiler identification is GNU 11.4.0
[0.109s] -- Detecting C compiler ABI info
[0.172s] -- Detecting C compiler ABI info - done
[0.178s] -- Check for working C compiler: /usr/bin/cc - skipped
[0.178s] -- Detecting C compile features
[0.178s] -- Detecting C compile features - done
[0.180s] -- Detecting CXX compiler ABI info
[0.248s] -- Detecting CXX compiler ABI info - done
[0.254s] -- Check for working CXX compiler: /usr/bin/c++ - skipped
[0.254s] -- Detecting CXX compile features
[0.255s] -- Detecting CXX compile features - done
[0.255s] [0m-- CMAKE_BUILD_TYPE: Release[0m
[0.256s] -- Found ament_cmake_auto: 1.3.11 (/opt/ros/humble/share/ament_cmake_auto/cmake)
[0.377s] -- Found Python3: /usr/bin/python3 (found version "3.10.12") found components: Interpreter 
[0.449s] -- Looking for pthread.h
[0.511s] -- Looking for pthread.h - found
[0.512s] -- Performing Test CMAKE_HAVE_LIBC_PTHREAD
[0.580s] -- Performing Test CMAKE_HAVE_LIBC_PTHREAD - Success
[0.581s] -- Found Threads: TRUE  
[0.589s] -- Found OpenCV: /usr (found version "4.5.4") 
[0.657s] -- Found rosidl_generator_c: 3.1.6 (/opt/ros/humble/share/rosidl_generator_c/cmake)
[0.660s] -- Found rosidl_adapter: 3.1.6 (/opt/ros/humble/share/rosidl_adapter/cmake)
[0.664s] -- Found rosidl_generator_cpp: 3.1.6 (/opt/ros/humble/share/rosidl_generator_cpp/cmake)
[0.671s] -- Using all available rosidl_typesupport_c: rosidl_typesupport_fastrtps_c;rosidl_typesupport_introspection_c
[0.680s] -- Using all available rosidl_typesupport_cpp: rosidl_typesupport_fastrtps_cpp;rosidl_typesupport_introspection_cpp
[0.705s] -- Found rmw_implementation_cmake: 6.1.2 (/opt/ros/humble/share/rmw_implementation_cmake/cmake)
[0.706s] -- Found rmw_fastrtps_cpp: 6.2.7 (/opt/ros/humble/share/rmw_fastrtps_cpp/cmake)
[0.775s] -- Found OpenSSL: /usr/lib/x86_64-linux-gnu/libcrypto.so (found version "3.0.2")  
[0.809s] -- Found FastRTPS: /opt/ros/humble/include  
[0.842s] -- Using RMW implementation 'rmw_fastrtps_cpp' as default
[0.994s] -- Found eigen3_cmake_module: 0.1.1 (/opt/ros/humble/share/eigen3_cmake_module/cmake)
[0.995s] -- Found Eigen3: TRUE (found version "3.4.0") 
[0.995s] -- Ensuring Eigen3 include directory is part of orocos-kdl CMake target
[1.013s] -- Configuring done
[1.025s] -- Generating done
[1.028s] -- Build files have been written to: /home/zjq/MY_CODE/DetectArmor-ros-/build/armor_tracker
[1.036s] Invoked command in '/home/zjq/MY_CODE/DetectArmor-ros-/build/armor_tracker' returned '0': CMAKE_PREFIX_PATH=/home/zjq/MY_CODE/DetectArmor-ros-/install/armor_interfaces:/home/zjq/MY_CODE/DetectArmor-ros-/install/video_reader:/home/zjq/MY_CODE/DetectArmor-ros-/install/image_subscriber:/home/zjq/MY_CODE/DetectArmor-ros-/install/armor_detect:/home/zjq/MY_CODE/DetectArmor-ros-/install/hik_camera:/home/zjq/MY_CODE/DetectArmor-ros-/install/auto_aim:/home/zjq/MY_CODE/DetectArmor-ros-/install/armor_tracker:/opt/ros/humble LD_LIBRARY_PATH=/home/zjq/MY_CODE/DetectArmor-ros-/install/armor_interfaces/lib:/home/zjq/MY_CODE/DetectArmor-ros-/install/armor_detect/lib:/home/zjq/MY_CODE/DetectArmor-ros-/install/hik_camera/lib:/home/zjq/MY_CODE/DetectArmor-ros-/install/armor_tracker/lib:/opt/MVS/lib/64:/opt/MVS/lib/32:/opt/MVS/lib/64:/opt/MVS/lib/32:/opt/ros/humble/opt/rviz_ogre_vendor/lib:/opt/ros/humble/lib/x86_64-linux-gnu:/opt/ros/humble/lib:/opt/MVS/lib/64:/opt/MVS/lib/32:/opt/MVS/lib/64:/opt/MVS/lib/32 /usr/bin/cmake /home/zjq/MY_CODE/DetectArmor-ros-/src/ArmorTracker -DCMAKE_INSTALL_PREFIX=/home/zjq/MY_CODE/DetectArmor-ros-/install/armor_tracker
[1.038s] Invoking command in '/home/zjq/MY_CODE/DetectArmor-ros-/build/armor_tracker': CMAKE_PREFIX_PATH=/home/zjq/MY_CODE/DetectArmor-ros-/install/armor_interfaces:/home/zjq/MY_CODE/DetectArmor-ros-/install/video_reader:/home/zjq/MY_CODE/DetectArmor-ros-/install/image_subscriber:/home/zjq/MY_CODE/DetectArmor-ros-/install/armor_detect:/home/zjq/MY_CODE/DetectArmor-ros-/install/hik_camera:/home/zjq/MY_CODE/DetectArmor-ros-/install/auto_aim:/home/zjq/MY_CODE/DetectArmor-ros-/install/armor_tracker:/opt/ros/humble LD_LIBRARY_PATH=/home/zjq/MY_CODE/DetectArmor-ros-/install/armor_interfaces/lib:/home/zjq/MY_CODE/DetectArmor-ros-/install/armor_detect/lib:/home/zjq/MY_CODE/DetectArmor-ros-/install/hik_camera/lib:/home/zjq/MY_CODE/DetectArmor-ros-/install/armor_tracker/lib:/opt/MVS/lib/64:/opt/MVS/lib/32:/opt/MVS/lib/64:/opt/MVS/lib/32:/opt/ros/humble/opt/rviz_ogre_vendor/lib:/opt/ros/humble/lib/x86_64-linux-gnu:/opt/ros/humble/lib:/opt/MVS/lib/64:/opt/MVS/lib/32:/opt/MVS/lib/64:/opt/MVS/lib/32 /usr/bin/cmake --build /home/zjq/MY_CODE/DetectArmor-ros-/build/armor_tracker -- -j22 -l22
[1.078s] [ 25%] [32mBuilding CXX object CMakeFiles/armor_tracker.dir/src/ArmorTrackerNode.cpp.o[0m
[1.081s] [ 50%] [32mBuilding CXX object CMakeFiles/armor_tracker_node.dir/rclcpp_components/node_main_armor_tracker_node.cpp.o[0m
[3.355s] [ 75%] [32m[1mLinking CXX executable armor_tracker_node[0m
[3.497s] [ 75%] Built target armor_tracker_node
[15.023s] [100%] [32m[1mLinking CXX shared library libarmor_tracker.so[0m
[15.176s] [100%] Built target armor_tracker
[15.188s] Invoked command in '/home/zjq/MY_CODE/DetectArmor-ros-/build/armor_tracker' returned '0': CMAKE_PREFIX_PATH=/home/zjq/MY_CODE/DetectArmor-ros-/install/armor_interfaces:/home/zjq/MY_CODE/DetectArmor-ros-/install/video_reader:/home/zjq/MY_CODE/DetectArmor-ros-/install/image_subscriber:/home/zjq/MY_CODE/DetectArmor-ros-/install/armor_detect:/home/zjq/MY_CODE/DetectArmor-ros-/install/hik_camera:/home/zjq/MY_CODE/DetectArmor-ros-/install/auto_aim:/home/zjq/MY_CODE/DetectArmor-ros-/install/armor_tracker:/opt/ros/humble LD_LIBRARY_PATH=/home/zjq/MY_CODE/DetectArmor-ros-/install/armor_interfaces/lib:/home/zjq/MY_CODE/DetectArmor-ros-/install/armor_detect/lib:/home/zjq/MY_CODE/DetectArmor-ros-/install/hik_camera/lib:/home/zjq/MY_CODE/DetectArmor-ros-/install/armor_tracker/lib:/opt/MVS/lib/64:/opt/MVS/lib/32:/opt/MVS/lib/64:/opt/MVS/lib/32:/opt/ros/humble/opt/rviz_ogre_vendor/lib:/opt/ros/humble/lib/x86_64-linux-gnu:/opt/ros/humble/lib:/opt/MVS/lib/64:/opt/MVS/lib/32:/opt/MVS/lib/64:/opt/MVS/lib/32 /usr/bin/cmake --build /home/zjq/MY_CODE/DetectArmor-ros-/build/armor_tracker -- -j22 -l22
[15.189s] Invoking command in '/home/zjq/MY_CODE/DetectArmor-ros-/build/armor_tracker': CMAKE_PREFIX_PATH=/home/zjq/MY_CODE/DetectArmor-ros-/install/armor_interfaces:/home/zjq/MY_CODE/DetectArmor-ros-/install/video_reader:/home/zjq/MY_CODE/DetectArmor-ros-/install/image_subscriber:/home/zjq/MY_CODE/DetectArmor-ros-/install/armor_detect:/home/zjq/MY_CODE/DetectArmor-ros-/install/hik_camera:/home/zjq/MY_CODE/DetectArmor-ros-/install/auto_aim:/home/zjq/MY_CODE/DetectArmor-ros-/install/armor_tracker:/opt/ros/humble LD_LIBRARY_PATH=/home/zjq/MY_CODE/DetectArmor-ros-/install/armor_interfaces/lib:/home/zjq/MY_CODE/DetectArmor-ros-/install/armor_detect/lib:/home/zjq/MY_CODE/DetectArmor-ros-/install/hik_camera/lib:/home/zjq/MY_CODE/DetectArmor-ros-/install/armor_tracker/lib:/opt/MVS/lib/64:/opt/MVS/lib/32:/opt/MVS/lib/64:/opt/MVS/lib/32:/opt/ros/humble/opt/rviz_ogre_vendor/lib:/opt/ros/humble/lib/x86_64-linux-gnu:/opt/ros/humble/lib:/opt/MVS/lib/64:/opt/MVS/lib/32:/opt/MVS/lib/64:/opt/MVS/lib/32 /usr/bin/cmake --install /home/zjq/MY_CODE/DetectArmor-ros-/build/armor_tracker
[15.192s] -- Install configuration: "Release"
[15.192s] -- Installing: /home/zjq/MY_CODE/DetectArmor-ros-/install/armor_tracker/lib/armor_tracker/armor_tracker_node
[15.192s] -- Set runtime path of "/home/zjq/MY_CODE/DetectArmor-ros-/install/armor_tracker/lib/armor_tracker/armor_tracker_node" to ""
[15.193s] -- Installing: /home/zjq/MY_CODE/DetectArmor-ros-/install/armor_tracker/include
[15.193s] -- Installing: /home/zjq/MY_CODE/DetectArmor-ros-/install/armor_tracker/include/Ekf.hpp
[15.193s] -- Installing: /home/zjq/MY_CODE/DetectArmor-ros-/install/armor_tracker/include/ArmorTrackerNode.h
[15.193s] -- Installing: /home/zjq/MY_CODE/DetectArmor-ros-/install/armor_tracker/share/armor_tracker/environment/library_path.sh
[15.193s] -- Installing: /home/zjq/MY_CODE/DetectArmor-ros-/install/armor_tracker/share/armor_tracker/environment/library_path.dsv
[15.193s] -- Installing: /home/zjq/MY_CODE/DetectArmor-ros-/install/armor_tracker/lib/libarmor_tracker.so
[15.193s] -- Set runtime path of "/home/zjq/MY_CODE/DetectArmor-ros-/install/armor_tracker/lib/libarmor_tracker.so" to ""
[15.193s] -- Installing: /home/zjq/MY_CODE/DetectArmor-ros-/install/armor_tracker/share/armor_tracker/launch
[15.193s] -- Installing: /home/zjq/MY_CODE/DetectArmor-ros-/install/armor_tracker/share/ament_index/resource_index/package_run_dependencies/armor_tracker
[15.193s] -- Installing: /home/zjq/MY_CODE/DetectArmor-ros-/install/armor_tracker/share/ament_index/resource_index/parent_prefix_path/armor_tracker
[15.193s] -- Installing: /home/zjq/MY_CODE/DetectArmor-ros-/install/armor_tracker/share/armor_tracker/environment/ament_prefix_path.sh
[15.193s] -- Installing: /home/zjq/MY_CODE/DetectArmor-ros-/install/armor_tracker/share/armor_tracker/environment/ament_prefix_path.dsv
[15.193s] -- Installing: /home/zjq/MY_CODE/DetectArmor-ros-/install/armor_tracker/share/armor_tracker/environment/path.sh
[15.194s] -- Installing: /home/zjq/MY_CODE/DetectArmor-ros-/install/armor_tracker/share/armor_tracker/environment/path.dsv
[15.194s] -- Installing: /home/zjq/MY_CODE/DetectArmor-ros-/install/armor_tracker/share/armor_tracker/local_setup.bash
[15.194s] -- Installing: /home/zjq/MY_CODE/DetectArmor-ros-/install/armor_tracker/share/armor_tracker/local_setup.sh
[15.194s] -- Installing: /home/zjq/MY_CODE/DetectArmor-ros-/install/armor_tracker/share/armor_tracker/local_setup.zsh
[15.194s] -- Installing: /home/zjq/MY_CODE/DetectArmor-ros-/install/armor_tracker/share/armor_tracker/local_setup.dsv
[15.194s] -- Installing: /home/zjq/MY_CODE/DetectArmor-ros-/install/armor_tracker/share/armor_tracker/package.dsv
[15.194s] -- Installing: /home/zjq/MY_CODE/DetectArmor-ros-/install/armor_tracker/share/ament_index/resource_index/packages/armor_tracker
[15.194s] -- Installing: /home/zjq/MY_CODE/DetectArmor-ros-/install/armor_tracker/share/ament_index/resource_index/rclcpp_components/armor_tracker
[15.194s] -- Installing: /home/zjq/MY_CODE/DetectArmor-ros-/install/armor_tracker/share/armor_tracker/cmake/ament_cmake_export_dependencies-extras.cmake
[15.194s] -- Installing: /home/zjq/MY_CODE/DetectArmor-ros-/install/armor_tracker/share/armor_tracker/cmake/ament_cmake_export_include_directories-extras.cmake
[15.194s] -- Installing: /home/zjq/MY_CODE/DetectArmor-ros-/install/armor_tracker/share/armor_tracker/cmake/ament_cmake_export_libraries-extras.cmake
[15.194s] -- Installing: /home/zjq/MY_CODE/DetectArmor-ros-/install/armor_tracker/share/armor_tracker/cmake/armor_trackerConfig.cmake
[15.194s] -- Installing: /home/zjq/MY_CODE/DetectArmor-ros-/install/armor_tracker/share/armor_tracker/cmake/armor_trackerConfig-version.cmake
[15.194s] -- Installing: /home/zjq/MY_CODE/DetectArmor-ros-/install/armor_tracker/share/armor_tracker/package.xml
[15.195s] Invoked command in '/home/zjq/MY_CODE/DetectArmor-ros-/build/armor_tracker' returned '0': CMAKE_PREFIX_PATH=/home/zjq/MY_CODE/DetectArmor-ros-/install/armor_interfaces:/home/zjq/MY_CODE/DetectArmor-ros-/install/video_reader:/home/zjq/MY_CODE/DetectArmor-ros-/install/image_subscriber:/home/zjq/MY_CODE/DetectArmor-ros-/install/armor_detect:/home/zjq/MY_CODE/DetectArmor-ros-/install/hik_camera:/home/zjq/MY_CODE/DetectArmor-ros-/install/auto_aim:/home/zjq/MY_CODE/DetectArmor-ros-/install/armor_tracker:/opt/ros/humble LD_LIBRARY_PATH=/home/zjq/MY_CODE/DetectArmor-ros-/install/armor_interfaces/lib:/home/zjq/MY_CODE/DetectArmor-ros-/install/armor_detect/lib:/home/zjq/MY_CODE/DetectArmor-ros-/install/hik_camera/lib:/home/zjq/MY_CODE/DetectArmor-ros-/install/armor_tracker/lib:/opt/MVS/lib/64:/opt/MVS/lib/32:/opt/MVS/lib/64:/opt/MVS/lib/32:/opt/ros/humble/opt/rviz_ogre_vendor/lib:/opt/ros/humble/lib/x86_64-linux-gnu:/opt/ros/humble/lib:/opt/MVS/lib/64:/opt/MVS/lib/32:/opt/MVS/lib/64:/opt/MVS/lib/32 /usr/bin/cmake --install /home/zjq/MY_CODE/DetectArmor-ros-/build/armor_tracker
