[0.012s] Invoking command in '/home/zjq/MY_CODE/detectArmor_ros/DetectArmor-ros-/build/video_reader': CMAKE_PREFIX_PATH=${CMAKE_PREFIX_PATH}:/opt/ros/humble /usr/bin/cmake /home/zjq/MY_CODE/detectArmor_ros/DetectArmor-ros-/src/video_reader -DCMAKE_INSTALL_PREFIX=/home/zjq/MY_CODE/detectArmor_ros/DetectArmor-ros-/install/video_reader
[0.048s] -- The C compiler identification is GNU 11.4.0
[0.089s] -- The CXX compiler identification is GNU 11.4.0
[0.094s] -- Detecting C compiler ABI info
[0.146s] -- Detecting C compiler ABI info - done
[0.150s] -- Check for working C compiler: /usr/bin/cc - skipped
[0.150s] -- Detecting C compile features
[0.150s] -- Detecting C compile features - done
[0.152s] -- Detecting CXX compiler ABI info
[0.210s] -- Detecting CXX compiler ABI info - done
[0.215s] -- Check for working CXX compiler: /usr/bin/c++ - skipped
[0.215s] -- Detecting CXX compile features
[0.215s] -- Detecting CXX compile features - done
[0.216s] -- Found ament_cmake: 1.3.11 (/opt/ros/humble/share/ament_cmake/cmake)
[0.326s] -- Found Python3: /usr/bin/python3 (found version "3.10.12") found components: Interpreter 
[0.379s] -- Found rclcpp: 16.0.11 (/opt/ros/humble/share/rclcpp/cmake)
[0.400s] -- Found rosidl_generator_c: 3.1.6 (/opt/ros/humble/share/rosidl_generator_c/cmake)
[0.402s] -- Found rosidl_adapter: 3.1.6 (/opt/ros/humble/share/rosidl_adapter/cmake)
[0.406s] -- Found rosidl_generator_cpp: 3.1.6 (/opt/ros/humble/share/rosidl_generator_cpp/cmake)
[0.412s] -- Using all available rosidl_typesupport_c: rosidl_typesupport_fastrtps_c;rosidl_typesupport_introspection_c
[0.421s] -- Using all available rosidl_typesupport_cpp: rosidl_typesupport_fastrtps_cpp;rosidl_typesupport_introspection_cpp
[0.443s] -- Found rmw_implementation_cmake: 6.1.2 (/opt/ros/humble/share/rmw_implementation_cmake/cmake)
[0.444s] -- Found rmw_fastrtps_cpp: 6.2.7 (/opt/ros/humble/share/rmw_fastrtps_cpp/cmake)
[0.506s] -- Found OpenSSL: /usr/lib/x86_64-linux-gnu/libcrypto.so (found version "3.0.2")  
[0.526s] -- Found FastRTPS: /opt/ros/humble/include  
[0.552s] -- Using RMW implementation 'rmw_fastrtps_cpp' as default
[0.556s] -- Looking for pthread.h
[0.618s] -- Looking for pthread.h - found
[0.618s] -- Performing Test CMAKE_HAVE_LIBC_PTHREAD
[0.676s] -- Performing Test CMAKE_HAVE_LIBC_PTHREAD - Success
[0.677s] -- Found Threads: TRUE  
[0.706s] -- Found sensor_msgs: 4.2.4 (/opt/ros/humble/share/sensor_msgs/cmake)
[0.724s] -- Found cv_bridge: 3.2.1 (/opt/ros/humble/share/cv_bridge/cmake)
[0.732s] -- Found OpenCV: /usr (found version "4.5.4") 
[0.774s] -- Configuring done
[0.785s] -- Generating done
[0.790s] -- Build files have been written to: /home/zjq/MY_CODE/detectArmor_ros/DetectArmor-ros-/build/video_reader
[0.804s] Invoked command in '/home/zjq/MY_CODE/detectArmor_ros/DetectArmor-ros-/build/video_reader' returned '0': CMAKE_PREFIX_PATH=${CMAKE_PREFIX_PATH}:/opt/ros/humble /usr/bin/cmake /home/zjq/MY_CODE/detectArmor_ros/DetectArmor-ros-/src/video_reader -DCMAKE_INSTALL_PREFIX=/home/zjq/MY_CODE/detectArmor_ros/DetectArmor-ros-/install/video_reader
[0.805s] Invoking command in '/home/zjq/MY_CODE/detectArmor_ros/DetectArmor-ros-/build/video_reader': CMAKE_PREFIX_PATH=${CMAKE_PREFIX_PATH}:/opt/ros/humble /usr/bin/cmake --build /home/zjq/MY_CODE/detectArmor_ros/DetectArmor-ros-/build/video_reader -- -j22 -l22
[0.839s] [ 50%] [32mBuilding CXX object CMakeFiles/video_reader_node.dir/src/video_reader_node.cpp.o[0m
[4.948s] [100%] [32m[1mLinking CXX executable video_reader_node[0m
[5.326s] [100%] Built target video_reader_node
[5.336s] Invoked command in '/home/zjq/MY_CODE/detectArmor_ros/DetectArmor-ros-/build/video_reader' returned '0': CMAKE_PREFIX_PATH=${CMAKE_PREFIX_PATH}:/opt/ros/humble /usr/bin/cmake --build /home/zjq/MY_CODE/detectArmor_ros/DetectArmor-ros-/build/video_reader -- -j22 -l22
[5.337s] Invoking command in '/home/zjq/MY_CODE/detectArmor_ros/DetectArmor-ros-/build/video_reader': CMAKE_PREFIX_PATH=${CMAKE_PREFIX_PATH}:/opt/ros/humble /usr/bin/cmake --install /home/zjq/MY_CODE/detectArmor_ros/DetectArmor-ros-/build/video_reader
[5.346s] -- Install configuration: ""
[5.346s] -- Installing: /home/zjq/MY_CODE/detectArmor_ros/DetectArmor-ros-/install/video_reader/lib/video_reader/video_reader_node
[5.347s] -- Set runtime path of "/home/zjq/MY_CODE/detectArmor_ros/DetectArmor-ros-/install/video_reader/lib/video_reader/video_reader_node" to ""
[5.347s] -- Installing: /home/zjq/MY_CODE/detectArmor_ros/DetectArmor-ros-/install/video_reader/share/ament_index/resource_index/package_run_dependencies/video_reader
[5.347s] -- Installing: /home/zjq/MY_CODE/detectArmor_ros/DetectArmor-ros-/install/video_reader/share/ament_index/resource_index/parent_prefix_path/video_reader
[5.347s] -- Installing: /home/zjq/MY_CODE/detectArmor_ros/DetectArmor-ros-/install/video_reader/share/video_reader/environment/ament_prefix_path.sh
[5.347s] -- Installing: /home/zjq/MY_CODE/detectArmor_ros/DetectArmor-ros-/install/video_reader/share/video_reader/environment/ament_prefix_path.dsv
[5.347s] -- Installing: /home/zjq/MY_CODE/detectArmor_ros/DetectArmor-ros-/install/video_reader/share/video_reader/environment/path.sh
[5.347s] -- Installing: /home/zjq/MY_CODE/detectArmor_ros/DetectArmor-ros-/install/video_reader/share/video_reader/environment/path.dsv
[5.347s] -- Installing: /home/zjq/MY_CODE/detectArmor_ros/DetectArmor-ros-/install/video_reader/share/video_reader/local_setup.bash
[5.347s] -- Installing: /home/zjq/MY_CODE/detectArmor_ros/DetectArmor-ros-/install/video_reader/share/video_reader/local_setup.sh
[5.347s] -- Installing: /home/zjq/MY_CODE/detectArmor_ros/DetectArmor-ros-/install/video_reader/share/video_reader/local_setup.zsh
[5.348s] -- Installing: /home/zjq/MY_CODE/detectArmor_ros/DetectArmor-ros-/install/video_reader/share/video_reader/local_setup.dsv
[5.348s] -- Installing: /home/zjq/MY_CODE/detectArmor_ros/DetectArmor-ros-/install/video_reader/share/video_reader/package.dsv
[5.348s] -- Installing: /home/zjq/MY_CODE/detectArmor_ros/DetectArmor-ros-/install/video_reader/share/ament_index/resource_index/packages/video_reader
[5.348s] -- Installing: /home/zjq/MY_CODE/detectArmor_ros/DetectArmor-ros-/install/video_reader/share/video_reader/cmake/video_readerConfig.cmake
[5.348s] -- Installing: /home/zjq/MY_CODE/detectArmor_ros/DetectArmor-ros-/install/video_reader/share/video_reader/cmake/video_readerConfig-version.cmake
[5.348s] -- Installing: /home/zjq/MY_CODE/detectArmor_ros/DetectArmor-ros-/install/video_reader/share/video_reader/package.xml
[5.350s] Invoked command in '/home/zjq/MY_CODE/detectArmor_ros/DetectArmor-ros-/build/video_reader' returned '0': CMAKE_PREFIX_PATH=${CMAKE_PREFIX_PATH}:/opt/ros/humble /usr/bin/cmake --install /home/zjq/MY_CODE/detectArmor_ros/DetectArmor-ros-/build/video_reader
