[0.011s] Invoking command in '/home/zjq/MY_CODE/DetectArmor-ros-/build/auto_aim': CMAKE_PREFIX_PATH=${CMAKE_PREFIX_PATH}:/opt/ros/humble /usr/bin/cmake /home/zjq/MY_CODE/DetectArmor-ros-/src/auto_aim -DCMAKE_INSTALL_PREFIX=/home/zjq/MY_CODE/DetectArmor-ros-/install/auto_aim
[0.049s] -- The C compiler identification is GNU 11.4.0
[0.092s] -- The CXX compiler identification is GNU 11.4.0
[0.097s] -- Detecting C compiler ABI info
[0.145s] -- Detecting C compiler ABI info - done
[0.149s] -- Check for working C compiler: /usr/bin/cc - skipped
[0.149s] -- Detecting C compile features
[0.150s] -- Detecting C compile features - done
[0.151s] -- Detecting CXX compiler ABI info
[0.204s] -- Detecting CXX compiler ABI info - done
[0.208s] -- Check for working CXX compiler: /usr/bin/c++ - skipped
[0.208s] -- Detecting CXX compile features
[0.209s] -- Detecting CXX compile features - done
[0.210s] -- Found ament_cmake: 1.3.11 (/opt/ros/humble/share/ament_cmake/cmake)
[0.302s] -- Found Python3: /usr/bin/python3 (found version "3.10.12") found components: Interpreter 
[0.353s] -- Found rclcpp: 16.0.11 (/opt/ros/humble/share/rclcpp/cmake)
[0.375s] -- Found rosidl_generator_c: 3.1.6 (/opt/ros/humble/share/rosidl_generator_c/cmake)
[0.377s] -- Found rosidl_adapter: 3.1.6 (/opt/ros/humble/share/rosidl_adapter/cmake)
[0.381s] -- Found rosidl_generator_cpp: 3.1.6 (/opt/ros/humble/share/rosidl_generator_cpp/cmake)
[0.387s] -- Using all available rosidl_typesupport_c: rosidl_typesupport_fastrtps_c;rosidl_typesupport_introspection_c
[0.396s] -- Using all available rosidl_typesupport_cpp: rosidl_typesupport_fastrtps_cpp;rosidl_typesupport_introspection_cpp
[0.419s] -- Found rmw_implementation_cmake: 6.1.2 (/opt/ros/humble/share/rmw_implementation_cmake/cmake)
[0.420s] -- Found rmw_fastrtps_cpp: 6.2.7 (/opt/ros/humble/share/rmw_fastrtps_cpp/cmake)
[0.483s] -- Found OpenSSL: /usr/lib/x86_64-linux-gnu/libcrypto.so (found version "3.0.2")  
[0.510s] -- Found FastRTPS: /opt/ros/humble/include  
[0.545s] -- Using RMW implementation 'rmw_fastrtps_cpp' as default
[0.549s] -- Looking for pthread.h
[0.606s] -- Looking for pthread.h - found
[0.606s] -- Performing Test CMAKE_HAVE_LIBC_PTHREAD
[0.662s] -- Performing Test CMAKE_HAVE_LIBC_PTHREAD - Success
[0.663s] -- Found Threads: TRUE  
[0.691s] -- Found ament_lint_auto: 0.12.11 (/opt/ros/humble/share/ament_lint_auto/cmake)
[0.738s] -- Added test 'flake8' to check Python code syntax and style conventions
[0.738s] -- Added test 'lint_cmake' to check CMake code style
[0.738s] -- Added test 'pep257' to check Python code against some of the docstring style conventions in PEP 257
[0.739s] -- Added test 'xmllint' to check XML markup files
[0.739s] -- Configuring done
[0.741s] -- Generating done
[0.742s] -- Build files have been written to: /home/zjq/MY_CODE/DetectArmor-ros-/build/auto_aim
[0.748s] Invoked command in '/home/zjq/MY_CODE/DetectArmor-ros-/build/auto_aim' returned '0': CMAKE_PREFIX_PATH=${CMAKE_PREFIX_PATH}:/opt/ros/humble /usr/bin/cmake /home/zjq/MY_CODE/DetectArmor-ros-/src/auto_aim -DCMAKE_INSTALL_PREFIX=/home/zjq/MY_CODE/DetectArmor-ros-/install/auto_aim
[0.751s] Invoking command in '/home/zjq/MY_CODE/DetectArmor-ros-/build/auto_aim': CMAKE_PREFIX_PATH=${CMAKE_PREFIX_PATH}:/opt/ros/humble /usr/bin/cmake --build /home/zjq/MY_CODE/DetectArmor-ros-/build/auto_aim -- -j22 -l22
[0.779s] Invoked command in '/home/zjq/MY_CODE/DetectArmor-ros-/build/auto_aim' returned '0': CMAKE_PREFIX_PATH=${CMAKE_PREFIX_PATH}:/opt/ros/humble /usr/bin/cmake --build /home/zjq/MY_CODE/DetectArmor-ros-/build/auto_aim -- -j22 -l22
[0.786s] Invoking command in '/home/zjq/MY_CODE/DetectArmor-ros-/build/auto_aim': CMAKE_PREFIX_PATH=${CMAKE_PREFIX_PATH}:/opt/ros/humble /usr/bin/cmake --install /home/zjq/MY_CODE/DetectArmor-ros-/build/auto_aim
[0.791s] -- Install configuration: ""
[0.791s] -- Installing: /home/zjq/MY_CODE/DetectArmor-ros-/install/auto_aim/share/auto_aim/launch
[0.791s] -- Installing: /home/zjq/MY_CODE/DetectArmor-ros-/install/auto_aim/share/auto_aim/launch/translation_armor.launch.py
[0.792s] -- Installing: /home/zjq/MY_CODE/DetectArmor-ros-/install/auto_aim/share/ament_index/resource_index/package_run_dependencies/auto_aim
[0.792s] -- Installing: /home/zjq/MY_CODE/DetectArmor-ros-/install/auto_aim/share/ament_index/resource_index/parent_prefix_path/auto_aim
[0.792s] -- Installing: /home/zjq/MY_CODE/DetectArmor-ros-/install/auto_aim/share/auto_aim/environment/ament_prefix_path.sh
[0.792s] -- Installing: /home/zjq/MY_CODE/DetectArmor-ros-/install/auto_aim/share/auto_aim/environment/ament_prefix_path.dsv
[0.792s] -- Installing: /home/zjq/MY_CODE/DetectArmor-ros-/install/auto_aim/share/auto_aim/environment/path.sh
[0.792s] -- Installing: /home/zjq/MY_CODE/DetectArmor-ros-/install/auto_aim/share/auto_aim/environment/path.dsv
[0.792s] -- Installing: /home/zjq/MY_CODE/DetectArmor-ros-/install/auto_aim/share/auto_aim/local_setup.bash
[0.792s] -- Installing: /home/zjq/MY_CODE/DetectArmor-ros-/install/auto_aim/share/auto_aim/local_setup.sh
[0.792s] -- Installing: /home/zjq/MY_CODE/DetectArmor-ros-/install/auto_aim/share/auto_aim/local_setup.zsh
[0.792s] -- Installing: /home/zjq/MY_CODE/DetectArmor-ros-/install/auto_aim/share/auto_aim/local_setup.dsv
[0.792s] -- Installing: /home/zjq/MY_CODE/DetectArmor-ros-/install/auto_aim/share/auto_aim/package.dsv
[0.792s] -- Installing: /home/zjq/MY_CODE/DetectArmor-ros-/install/auto_aim/share/ament_index/resource_index/packages/auto_aim
[0.792s] -- Installing: /home/zjq/MY_CODE/DetectArmor-ros-/install/auto_aim/share/auto_aim/cmake/auto_aimConfig.cmake
[0.793s] -- Installing: /home/zjq/MY_CODE/DetectArmor-ros-/install/auto_aim/share/auto_aim/cmake/auto_aimConfig-version.cmake
[0.793s] -- Installing: /home/zjq/MY_CODE/DetectArmor-ros-/install/auto_aim/share/auto_aim/package.xml
[0.793s] Invoked command in '/home/zjq/MY_CODE/DetectArmor-ros-/build/auto_aim' returned '0': CMAKE_PREFIX_PATH=${CMAKE_PREFIX_PATH}:/opt/ros/humble /usr/bin/cmake --install /home/zjq/MY_CODE/DetectArmor-ros-/build/auto_aim
