[0.054s] DEBUG:colcon:Command line arguments: ['/usr/bin/colcon', 'build']
[0.054s] DEBUG:colcon:Parsed command line arguments: Namespace(log_base=None, log_level=None, verb_name='build', build_base='build', install_base='install', merge_install=False, symlink_install=False, test_result_base=None, continue_on_error=False, executor='parallel', parallel_workers=22, event_handlers=None, ignore_user_meta=False, metas=['./colcon.meta'], base_paths=['.'], packages_ignore=None, packages_ignore_regex=None, paths=None, packages_up_to=None, packages_up_to_regex=None, packages_above=None, packages_above_and_dependencies=None, packages_above_depth=None, packages_select_by_dep=None, packages_skip_by_dep=None, packages_skip_up_to=None, packages_select_build_failed=False, packages_skip_build_finished=False, packages_select_test_failures=False, packages_skip_test_passed=False, packages_select=None, packages_skip=None, packages_select_regex=None, packages_skip_regex=None, packages_start=None, packages_end=None, allow_overriding=[], cmake_args=None, cmake_target=None, cmake_target_skip_unavailable=False, cmake_clean_cache=False, cmake_clean_first=False, cmake_force_configure=False, ament_cmake_args=None, catkin_cmake_args=None, catkin_skip_building_tests=False, verb_parser=<colcon_defaults.argument_parser.defaults.DefaultArgumentsDecorator object at 0x7043e3414460>, verb_extension=<colcon_core.verb.build.BuildVerb object at 0x7043e35b1ab0>, main=<bound method BuildVerb.main of <colcon_core.verb.build.BuildVerb object at 0x7043e35b1ab0>>)
[0.134s] Level 1:colcon.colcon_core.package_discovery:discover_packages(colcon_meta) check parameters
[0.134s] Level 1:colcon.colcon_core.package_discovery:discover_packages(recursive) check parameters
[0.134s] Level 1:colcon.colcon_core.package_discovery:discover_packages(ignore) check parameters
[0.134s] Level 1:colcon.colcon_core.package_discovery:discover_packages(path) check parameters
[0.134s] Level 1:colcon.colcon_core.package_discovery:discover_packages(colcon_meta) discover
[0.134s] Level 1:colcon.colcon_core.package_discovery:discover_packages(recursive) discover
[0.134s] INFO:colcon.colcon_core.package_discovery:Crawling recursively for packages in '/home/zjq/MY_CODE/detectArmor_ros/DetectArmor-ros-'
[0.134s] Level 1:colcon.colcon_core.package_identification:_identify(.) by extensions ['ignore', 'ignore_ament_install']
[0.134s] Level 1:colcon.colcon_core.package_identification:_identify(.) by extension 'ignore'
[0.134s] Level 1:colcon.colcon_core.package_identification:_identify(.) by extension 'ignore_ament_install'
[0.134s] Level 1:colcon.colcon_core.package_identification:_identify(.) by extensions ['colcon_pkg']
[0.134s] Level 1:colcon.colcon_core.package_identification:_identify(.) by extension 'colcon_pkg'
[0.134s] Level 1:colcon.colcon_core.package_identification:_identify(.) by extensions ['colcon_meta']
[0.134s] Level 1:colcon.colcon_core.package_identification:_identify(.) by extension 'colcon_meta'
[0.134s] Level 1:colcon.colcon_core.package_identification:_identify(.) by extensions ['ros']
[0.134s] Level 1:colcon.colcon_core.package_identification:_identify(.) by extension 'ros'
[0.141s] Level 1:colcon.colcon_core.package_identification:_identify(.) by extensions ['cmake', 'python']
[0.141s] Level 1:colcon.colcon_core.package_identification:_identify(.) by extension 'cmake'
[0.141s] Level 1:colcon.colcon_core.package_identification:_identify(.) by extension 'python'
[0.141s] Level 1:colcon.colcon_core.package_identification:_identify(.) by extensions ['python_setup_py']
[0.141s] Level 1:colcon.colcon_core.package_identification:_identify(.) by extension 'python_setup_py'
[0.141s] Level 1:colcon.colcon_core.package_identification:_identify(MvFGSdkLog) by extensions ['ignore', 'ignore_ament_install']
[0.141s] Level 1:colcon.colcon_core.package_identification:_identify(MvFGSdkLog) by extension 'ignore'
[0.141s] Level 1:colcon.colcon_core.package_identification:_identify(MvFGSdkLog) by extension 'ignore_ament_install'
[0.141s] Level 1:colcon.colcon_core.package_identification:_identify(MvFGSdkLog) by extensions ['colcon_pkg']
[0.141s] Level 1:colcon.colcon_core.package_identification:_identify(MvFGSdkLog) by extension 'colcon_pkg'
[0.141s] Level 1:colcon.colcon_core.package_identification:_identify(MvFGSdkLog) by extensions ['colcon_meta']
[0.141s] Level 1:colcon.colcon_core.package_identification:_identify(MvFGSdkLog) by extension 'colcon_meta'
[0.141s] Level 1:colcon.colcon_core.package_identification:_identify(MvFGSdkLog) by extensions ['ros']
[0.141s] Level 1:colcon.colcon_core.package_identification:_identify(MvFGSdkLog) by extension 'ros'
[0.141s] Level 1:colcon.colcon_core.package_identification:_identify(MvFGSdkLog) by extensions ['cmake', 'python']
[0.141s] Level 1:colcon.colcon_core.package_identification:_identify(MvFGSdkLog) by extension 'cmake'
[0.141s] Level 1:colcon.colcon_core.package_identification:_identify(MvFGSdkLog) by extension 'python'
[0.141s] Level 1:colcon.colcon_core.package_identification:_identify(MvFGSdkLog) by extensions ['python_setup_py']
[0.141s] Level 1:colcon.colcon_core.package_identification:_identify(MvFGSdkLog) by extension 'python_setup_py'
[0.141s] Level 1:colcon.colcon_core.package_identification:_identify(build) by extensions ['ignore', 'ignore_ament_install']
[0.142s] Level 1:colcon.colcon_core.package_identification:_identify(build) by extension 'ignore'
[0.142s] Level 1:colcon.colcon_core.package_identification:_identify(build) ignored
[0.142s] Level 1:colcon.colcon_core.package_identification:_identify(install) by extensions ['ignore', 'ignore_ament_install']
[0.142s] Level 1:colcon.colcon_core.package_identification:_identify(install) by extension 'ignore'
[0.142s] Level 1:colcon.colcon_core.package_identification:_identify(install) ignored
[0.142s] Level 1:colcon.colcon_core.package_identification:_identify(log) by extensions ['ignore', 'ignore_ament_install']
[0.142s] Level 1:colcon.colcon_core.package_identification:_identify(log) by extension 'ignore'
[0.142s] Level 1:colcon.colcon_core.package_identification:_identify(log) ignored
[0.142s] Level 1:colcon.colcon_core.package_identification:_identify(src) by extensions ['ignore', 'ignore_ament_install']
[0.142s] Level 1:colcon.colcon_core.package_identification:_identify(src) by extension 'ignore'
[0.142s] Level 1:colcon.colcon_core.package_identification:_identify(src) by extension 'ignore_ament_install'
[0.142s] Level 1:colcon.colcon_core.package_identification:_identify(src) by extensions ['colcon_pkg']
[0.142s] Level 1:colcon.colcon_core.package_identification:_identify(src) by extension 'colcon_pkg'
[0.142s] Level 1:colcon.colcon_core.package_identification:_identify(src) by extensions ['colcon_meta']
[0.142s] Level 1:colcon.colcon_core.package_identification:_identify(src) by extension 'colcon_meta'
[0.142s] Level 1:colcon.colcon_core.package_identification:_identify(src) by extensions ['ros']
[0.142s] Level 1:colcon.colcon_core.package_identification:_identify(src) by extension 'ros'
[0.142s] Level 1:colcon.colcon_core.package_identification:_identify(src) by extensions ['cmake', 'python']
[0.142s] Level 1:colcon.colcon_core.package_identification:_identify(src) by extension 'cmake'
[0.142s] Level 1:colcon.colcon_core.package_identification:_identify(src) by extension 'python'
[0.142s] Level 1:colcon.colcon_core.package_identification:_identify(src) by extensions ['python_setup_py']
[0.142s] Level 1:colcon.colcon_core.package_identification:_identify(src) by extension 'python_setup_py'
[0.142s] Level 1:colcon.colcon_core.package_identification:_identify(src/ArmorDetect) by extensions ['ignore', 'ignore_ament_install']
[0.142s] Level 1:colcon.colcon_core.package_identification:_identify(src/ArmorDetect) by extension 'ignore'
[0.142s] Level 1:colcon.colcon_core.package_identification:_identify(src/ArmorDetect) by extension 'ignore_ament_install'
[0.142s] Level 1:colcon.colcon_core.package_identification:_identify(src/ArmorDetect) by extensions ['colcon_pkg']
[0.142s] Level 1:colcon.colcon_core.package_identification:_identify(src/ArmorDetect) by extension 'colcon_pkg'
[0.142s] Level 1:colcon.colcon_core.package_identification:_identify(src/ArmorDetect) by extensions ['colcon_meta']
[0.142s] Level 1:colcon.colcon_core.package_identification:_identify(src/ArmorDetect) by extension 'colcon_meta'
[0.142s] Level 1:colcon.colcon_core.package_identification:_identify(src/ArmorDetect) by extensions ['ros']
[0.142s] Level 1:colcon.colcon_core.package_identification:_identify(src/ArmorDetect) by extension 'ros'
[0.144s] DEBUG:colcon.colcon_core.package_identification:Package 'src/ArmorDetect' with type 'ros.ament_cmake' and name 'armor_detect'
[0.144s] Level 1:colcon.colcon_core.package_identification:_identify(src/ArmorTracker) by extensions ['ignore', 'ignore_ament_install']
[0.144s] Level 1:colcon.colcon_core.package_identification:_identify(src/ArmorTracker) by extension 'ignore'
[0.144s] Level 1:colcon.colcon_core.package_identification:_identify(src/ArmorTracker) by extension 'ignore_ament_install'
[0.145s] Level 1:colcon.colcon_core.package_identification:_identify(src/ArmorTracker) by extensions ['colcon_pkg']
[0.145s] Level 1:colcon.colcon_core.package_identification:_identify(src/ArmorTracker) by extension 'colcon_pkg'
[0.145s] Level 1:colcon.colcon_core.package_identification:_identify(src/ArmorTracker) by extensions ['colcon_meta']
[0.145s] Level 1:colcon.colcon_core.package_identification:_identify(src/ArmorTracker) by extension 'colcon_meta'
[0.145s] Level 1:colcon.colcon_core.package_identification:_identify(src/ArmorTracker) by extensions ['ros']
[0.145s] Level 1:colcon.colcon_core.package_identification:_identify(src/ArmorTracker) by extension 'ros'
[0.146s] DEBUG:colcon.colcon_core.package_identification:Package 'src/ArmorTracker' with type 'ros.ament_cmake' and name 'armor_tracker'
[0.146s] Level 1:colcon.colcon_core.package_identification:_identify(src/ImageSubscriber) by extensions ['ignore', 'ignore_ament_install']
[0.146s] Level 1:colcon.colcon_core.package_identification:_identify(src/ImageSubscriber) by extension 'ignore'
[0.146s] Level 1:colcon.colcon_core.package_identification:_identify(src/ImageSubscriber) by extension 'ignore_ament_install'
[0.146s] Level 1:colcon.colcon_core.package_identification:_identify(src/ImageSubscriber) by extensions ['colcon_pkg']
[0.146s] Level 1:colcon.colcon_core.package_identification:_identify(src/ImageSubscriber) by extension 'colcon_pkg'
[0.146s] Level 1:colcon.colcon_core.package_identification:_identify(src/ImageSubscriber) by extensions ['colcon_meta']
[0.146s] Level 1:colcon.colcon_core.package_identification:_identify(src/ImageSubscriber) by extension 'colcon_meta'
[0.146s] Level 1:colcon.colcon_core.package_identification:_identify(src/ImageSubscriber) by extensions ['ros']
[0.146s] Level 1:colcon.colcon_core.package_identification:_identify(src/ImageSubscriber) by extension 'ros'
[0.146s] DEBUG:colcon.colcon_core.package_identification:Package 'src/ImageSubscriber' with type 'ros.ament_cmake' and name 'image_subscriber'
[0.146s] Level 1:colcon.colcon_core.package_identification:_identify(src/armor_interfaces) by extensions ['ignore', 'ignore_ament_install']
[0.146s] Level 1:colcon.colcon_core.package_identification:_identify(src/armor_interfaces) by extension 'ignore'
[0.146s] Level 1:colcon.colcon_core.package_identification:_identify(src/armor_interfaces) by extension 'ignore_ament_install'
[0.146s] Level 1:colcon.colcon_core.package_identification:_identify(src/armor_interfaces) by extensions ['colcon_pkg']
[0.146s] Level 1:colcon.colcon_core.package_identification:_identify(src/armor_interfaces) by extension 'colcon_pkg'
[0.146s] Level 1:colcon.colcon_core.package_identification:_identify(src/armor_interfaces) by extensions ['colcon_meta']
[0.146s] Level 1:colcon.colcon_core.package_identification:_identify(src/armor_interfaces) by extension 'colcon_meta'
[0.146s] Level 1:colcon.colcon_core.package_identification:_identify(src/armor_interfaces) by extensions ['ros']
[0.146s] Level 1:colcon.colcon_core.package_identification:_identify(src/armor_interfaces) by extension 'ros'
[0.147s] DEBUG:colcon.colcon_core.package_identification:Package 'src/armor_interfaces' with type 'ros.ament_cmake' and name 'armor_interfaces'
[0.147s] Level 1:colcon.colcon_core.package_identification:_identify(src/hik_camera) by extensions ['ignore', 'ignore_ament_install']
[0.147s] Level 1:colcon.colcon_core.package_identification:_identify(src/hik_camera) by extension 'ignore'
[0.147s] Level 1:colcon.colcon_core.package_identification:_identify(src/hik_camera) by extension 'ignore_ament_install'
[0.147s] Level 1:colcon.colcon_core.package_identification:_identify(src/hik_camera) by extensions ['colcon_pkg']
[0.147s] Level 1:colcon.colcon_core.package_identification:_identify(src/hik_camera) by extension 'colcon_pkg'
[0.147s] Level 1:colcon.colcon_core.package_identification:_identify(src/hik_camera) by extensions ['colcon_meta']
[0.147s] Level 1:colcon.colcon_core.package_identification:_identify(src/hik_camera) by extension 'colcon_meta'
[0.147s] Level 1:colcon.colcon_core.package_identification:_identify(src/hik_camera) by extensions ['ros']
[0.147s] Level 1:colcon.colcon_core.package_identification:_identify(src/hik_camera) by extension 'ros'
[0.147s] DEBUG:colcon.colcon_core.package_identification:Package 'src/hik_camera' with type 'ros.ament_cmake' and name 'hik_camera'
[0.148s] Level 1:colcon.colcon_core.package_identification:_identify(src/video_reader) by extensions ['ignore', 'ignore_ament_install']
[0.148s] Level 1:colcon.colcon_core.package_identification:_identify(src/video_reader) by extension 'ignore'
[0.148s] Level 1:colcon.colcon_core.package_identification:_identify(src/video_reader) by extension 'ignore_ament_install'
[0.148s] Level 1:colcon.colcon_core.package_identification:_identify(src/video_reader) by extensions ['colcon_pkg']
[0.148s] Level 1:colcon.colcon_core.package_identification:_identify(src/video_reader) by extension 'colcon_pkg'
[0.148s] Level 1:colcon.colcon_core.package_identification:_identify(src/video_reader) by extensions ['colcon_meta']
[0.148s] Level 1:colcon.colcon_core.package_identification:_identify(src/video_reader) by extension 'colcon_meta'
[0.148s] Level 1:colcon.colcon_core.package_identification:_identify(src/video_reader) by extensions ['ros']
[0.148s] Level 1:colcon.colcon_core.package_identification:_identify(src/video_reader) by extension 'ros'
[0.148s] DEBUG:colcon.colcon_core.package_identification:Package 'src/video_reader' with type 'ros.ament_cmake' and name 'video_reader'
[0.148s] Level 1:colcon.colcon_core.package_discovery:discover_packages(recursive) using defaults
[0.148s] Level 1:colcon.colcon_core.package_discovery:discover_packages(ignore) discover
[0.148s] Level 1:colcon.colcon_core.package_discovery:discover_packages(ignore) using defaults
[0.148s] Level 1:colcon.colcon_core.package_discovery:discover_packages(path) discover
[0.148s] Level 1:colcon.colcon_core.package_discovery:discover_packages(path) using defaults
[0.160s] Level 1:colcon.colcon_core.package_discovery:discover_packages(prefix_path) check parameters
[0.160s] Level 1:colcon.colcon_core.package_discovery:discover_packages(prefix_path) discover
[0.160s] WARNING:colcon.colcon_ros.prefix_path.ament:The path '/home/zjq/MY_CODE/detectArmor_ros/DetectArmor-ros-/install/video_reader' in the environment variable AMENT_PREFIX_PATH doesn't exist
[0.160s] WARNING:colcon.colcon_ros.prefix_path.ament:The path '/home/zjq/MY_CODE/detectArmor_ros/DetectArmor-ros-/install/image_subscriber' in the environment variable AMENT_PREFIX_PATH doesn't exist
[0.160s] WARNING:colcon.colcon_ros.prefix_path.ament:The path '/home/zjq/MY_CODE/detectArmor_ros/DetectArmor-ros-/install/armor_detect' in the environment variable AMENT_PREFIX_PATH doesn't exist
[0.160s] WARNING:colcon.colcon_ros.prefix_path.ament:The path '/home/zjq/MY_CODE/detectArmor_ros/DetectArmor-ros-/install/hik_camera' in the environment variable AMENT_PREFIX_PATH doesn't exist
[0.160s] WARNING:colcon.colcon_ros.prefix_path.ament:The path '/home/zjq/MY_CODE/detectArmor_ros/DetectArmor-ros-/install/armor_tracker' in the environment variable AMENT_PREFIX_PATH doesn't exist
[0.160s] WARNING:colcon.colcon_ros.prefix_path.ament:The path '/home/zjq/MY_CODE/detectArmor_ros/DetectArmor-ros-/install/armor_interfaces' in the environment variable AMENT_PREFIX_PATH doesn't exist
[0.160s] WARNING:colcon.colcon_ros.prefix_path.catkin:The path '/home/zjq/MY_CODE/detectArmor_ros/DetectArmor-ros-/install/video_reader' in the environment variable CMAKE_PREFIX_PATH doesn't exist
[0.160s] WARNING:colcon.colcon_ros.prefix_path.catkin:The path '/home/zjq/MY_CODE/detectArmor_ros/DetectArmor-ros-/install/image_subscriber' in the environment variable CMAKE_PREFIX_PATH doesn't exist
[0.160s] WARNING:colcon.colcon_ros.prefix_path.catkin:The path '/home/zjq/MY_CODE/detectArmor_ros/DetectArmor-ros-/install/armor_detect' in the environment variable CMAKE_PREFIX_PATH doesn't exist
[0.160s] WARNING:colcon.colcon_ros.prefix_path.catkin:The path '/home/zjq/MY_CODE/detectArmor_ros/DetectArmor-ros-/install/hik_camera' in the environment variable CMAKE_PREFIX_PATH doesn't exist
[0.160s] WARNING:colcon.colcon_ros.prefix_path.catkin:The path '/home/zjq/MY_CODE/detectArmor_ros/DetectArmor-ros-/install/armor_tracker' in the environment variable CMAKE_PREFIX_PATH doesn't exist
[0.160s] WARNING:colcon.colcon_ros.prefix_path.catkin:The path '/home/zjq/MY_CODE/detectArmor_ros/DetectArmor-ros-/install/armor_interfaces' in the environment variable CMAKE_PREFIX_PATH doesn't exist
[0.161s] DEBUG:colcon.colcon_installed_package_information.package_discovery:Found 0 installed packages in /home/zjq/MY_CODE/detectArmor_ros/DetectArmor-ros-/install
[0.161s] DEBUG:colcon.colcon_installed_package_information.package_discovery:Found 276 installed packages in /opt/ros/humble
[0.162s] Level 1:colcon.colcon_core.package_discovery:discover_packages(prefix_path) using defaults
[0.187s] Level 5:colcon.colcon_core.verb:set package 'armor_interfaces' build argument 'cmake_args' from command line to 'None'
[0.187s] Level 5:colcon.colcon_core.verb:set package 'armor_interfaces' build argument 'cmake_target' from command line to 'None'
[0.187s] Level 5:colcon.colcon_core.verb:set package 'armor_interfaces' build argument 'cmake_target_skip_unavailable' from command line to 'False'
[0.187s] Level 5:colcon.colcon_core.verb:set package 'armor_interfaces' build argument 'cmake_clean_cache' from command line to 'False'
[0.187s] Level 5:colcon.colcon_core.verb:set package 'armor_interfaces' build argument 'cmake_clean_first' from command line to 'False'
[0.187s] Level 5:colcon.colcon_core.verb:set package 'armor_interfaces' build argument 'cmake_force_configure' from command line to 'False'
[0.187s] Level 5:colcon.colcon_core.verb:set package 'armor_interfaces' build argument 'ament_cmake_args' from command line to 'None'
[0.187s] Level 5:colcon.colcon_core.verb:set package 'armor_interfaces' build argument 'catkin_cmake_args' from command line to 'None'
[0.187s] Level 5:colcon.colcon_core.verb:set package 'armor_interfaces' build argument 'catkin_skip_building_tests' from command line to 'False'
[0.187s] DEBUG:colcon.colcon_core.verb:Building package 'armor_interfaces' with the following arguments: {'ament_cmake_args': None, 'build_base': '/home/zjq/MY_CODE/detectArmor_ros/DetectArmor-ros-/build/armor_interfaces', 'catkin_cmake_args': None, 'catkin_skip_building_tests': False, 'cmake_args': None, 'cmake_clean_cache': False, 'cmake_clean_first': False, 'cmake_force_configure': False, 'cmake_target': None, 'cmake_target_skip_unavailable': False, 'install_base': '/home/zjq/MY_CODE/detectArmor_ros/DetectArmor-ros-/install/armor_interfaces', 'merge_install': False, 'path': '/home/zjq/MY_CODE/detectArmor_ros/DetectArmor-ros-/src/armor_interfaces', 'symlink_install': False, 'test_result_base': None}
[0.187s] Level 5:colcon.colcon_core.verb:set package 'hik_camera' build argument 'cmake_args' from command line to 'None'
[0.187s] Level 5:colcon.colcon_core.verb:set package 'hik_camera' build argument 'cmake_target' from command line to 'None'
[0.187s] Level 5:colcon.colcon_core.verb:set package 'hik_camera' build argument 'cmake_target_skip_unavailable' from command line to 'False'
[0.187s] Level 5:colcon.colcon_core.verb:set package 'hik_camera' build argument 'cmake_clean_cache' from command line to 'False'
[0.187s] Level 5:colcon.colcon_core.verb:set package 'hik_camera' build argument 'cmake_clean_first' from command line to 'False'
[0.187s] Level 5:colcon.colcon_core.verb:set package 'hik_camera' build argument 'cmake_force_configure' from command line to 'False'
[0.187s] Level 5:colcon.colcon_core.verb:set package 'hik_camera' build argument 'ament_cmake_args' from command line to 'None'
[0.187s] Level 5:colcon.colcon_core.verb:set package 'hik_camera' build argument 'catkin_cmake_args' from command line to 'None'
[0.187s] Level 5:colcon.colcon_core.verb:set package 'hik_camera' build argument 'catkin_skip_building_tests' from command line to 'False'
[0.187s] DEBUG:colcon.colcon_core.verb:Building package 'hik_camera' with the following arguments: {'ament_cmake_args': None, 'build_base': '/home/zjq/MY_CODE/detectArmor_ros/DetectArmor-ros-/build/hik_camera', 'catkin_cmake_args': None, 'catkin_skip_building_tests': False, 'cmake_args': None, 'cmake_clean_cache': False, 'cmake_clean_first': False, 'cmake_force_configure': False, 'cmake_target': None, 'cmake_target_skip_unavailable': False, 'install_base': '/home/zjq/MY_CODE/detectArmor_ros/DetectArmor-ros-/install/hik_camera', 'merge_install': False, 'path': '/home/zjq/MY_CODE/detectArmor_ros/DetectArmor-ros-/src/hik_camera', 'symlink_install': False, 'test_result_base': None}
[0.188s] Level 5:colcon.colcon_core.verb:set package 'image_subscriber' build argument 'cmake_args' from command line to 'None'
[0.188s] Level 5:colcon.colcon_core.verb:set package 'image_subscriber' build argument 'cmake_target' from command line to 'None'
[0.188s] Level 5:colcon.colcon_core.verb:set package 'image_subscriber' build argument 'cmake_target_skip_unavailable' from command line to 'False'
[0.188s] Level 5:colcon.colcon_core.verb:set package 'image_subscriber' build argument 'cmake_clean_cache' from command line to 'False'
[0.188s] Level 5:colcon.colcon_core.verb:set package 'image_subscriber' build argument 'cmake_clean_first' from command line to 'False'
[0.188s] Level 5:colcon.colcon_core.verb:set package 'image_subscriber' build argument 'cmake_force_configure' from command line to 'False'
[0.188s] Level 5:colcon.colcon_core.verb:set package 'image_subscriber' build argument 'ament_cmake_args' from command line to 'None'
[0.188s] Level 5:colcon.colcon_core.verb:set package 'image_subscriber' build argument 'catkin_cmake_args' from command line to 'None'
[0.188s] Level 5:colcon.colcon_core.verb:set package 'image_subscriber' build argument 'catkin_skip_building_tests' from command line to 'False'
[0.188s] DEBUG:colcon.colcon_core.verb:Building package 'image_subscriber' with the following arguments: {'ament_cmake_args': None, 'build_base': '/home/zjq/MY_CODE/detectArmor_ros/DetectArmor-ros-/build/image_subscriber', 'catkin_cmake_args': None, 'catkin_skip_building_tests': False, 'cmake_args': None, 'cmake_clean_cache': False, 'cmake_clean_first': False, 'cmake_force_configure': False, 'cmake_target': None, 'cmake_target_skip_unavailable': False, 'install_base': '/home/zjq/MY_CODE/detectArmor_ros/DetectArmor-ros-/install/image_subscriber', 'merge_install': False, 'path': '/home/zjq/MY_CODE/detectArmor_ros/DetectArmor-ros-/src/ImageSubscriber', 'symlink_install': False, 'test_result_base': None}
[0.188s] Level 5:colcon.colcon_core.verb:set package 'video_reader' build argument 'cmake_args' from command line to 'None'
[0.188s] Level 5:colcon.colcon_core.verb:set package 'video_reader' build argument 'cmake_target' from command line to 'None'
[0.188s] Level 5:colcon.colcon_core.verb:set package 'video_reader' build argument 'cmake_target_skip_unavailable' from command line to 'False'
[0.188s] Level 5:colcon.colcon_core.verb:set package 'video_reader' build argument 'cmake_clean_cache' from command line to 'False'
[0.188s] Level 5:colcon.colcon_core.verb:set package 'video_reader' build argument 'cmake_clean_first' from command line to 'False'
[0.188s] Level 5:colcon.colcon_core.verb:set package 'video_reader' build argument 'cmake_force_configure' from command line to 'False'
[0.188s] Level 5:colcon.colcon_core.verb:set package 'video_reader' build argument 'ament_cmake_args' from command line to 'None'
[0.188s] Level 5:colcon.colcon_core.verb:set package 'video_reader' build argument 'catkin_cmake_args' from command line to 'None'
[0.188s] Level 5:colcon.colcon_core.verb:set package 'video_reader' build argument 'catkin_skip_building_tests' from command line to 'False'
[0.188s] DEBUG:colcon.colcon_core.verb:Building package 'video_reader' with the following arguments: {'ament_cmake_args': None, 'build_base': '/home/zjq/MY_CODE/detectArmor_ros/DetectArmor-ros-/build/video_reader', 'catkin_cmake_args': None, 'catkin_skip_building_tests': False, 'cmake_args': None, 'cmake_clean_cache': False, 'cmake_clean_first': False, 'cmake_force_configure': False, 'cmake_target': None, 'cmake_target_skip_unavailable': False, 'install_base': '/home/zjq/MY_CODE/detectArmor_ros/DetectArmor-ros-/install/video_reader', 'merge_install': False, 'path': '/home/zjq/MY_CODE/detectArmor_ros/DetectArmor-ros-/src/video_reader', 'symlink_install': False, 'test_result_base': None}
[0.188s] Level 5:colcon.colcon_core.verb:set package 'armor_detect' build argument 'cmake_args' from command line to 'None'
[0.188s] Level 5:colcon.colcon_core.verb:set package 'armor_detect' build argument 'cmake_target' from command line to 'None'
[0.188s] Level 5:colcon.colcon_core.verb:set package 'armor_detect' build argument 'cmake_target_skip_unavailable' from command line to 'False'
[0.188s] Level 5:colcon.colcon_core.verb:set package 'armor_detect' build argument 'cmake_clean_cache' from command line to 'False'
[0.188s] Level 5:colcon.colcon_core.verb:set package 'armor_detect' build argument 'cmake_clean_first' from command line to 'False'
[0.188s] Level 5:colcon.colcon_core.verb:set package 'armor_detect' build argument 'cmake_force_configure' from command line to 'False'
[0.188s] Level 5:colcon.colcon_core.verb:set package 'armor_detect' build argument 'ament_cmake_args' from command line to 'None'
[0.188s] Level 5:colcon.colcon_core.verb:set package 'armor_detect' build argument 'catkin_cmake_args' from command line to 'None'
[0.188s] Level 5:colcon.colcon_core.verb:set package 'armor_detect' build argument 'catkin_skip_building_tests' from command line to 'False'
[0.188s] DEBUG:colcon.colcon_core.verb:Building package 'armor_detect' with the following arguments: {'ament_cmake_args': None, 'build_base': '/home/zjq/MY_CODE/detectArmor_ros/DetectArmor-ros-/build/armor_detect', 'catkin_cmake_args': None, 'catkin_skip_building_tests': False, 'cmake_args': None, 'cmake_clean_cache': False, 'cmake_clean_first': False, 'cmake_force_configure': False, 'cmake_target': None, 'cmake_target_skip_unavailable': False, 'install_base': '/home/zjq/MY_CODE/detectArmor_ros/DetectArmor-ros-/install/armor_detect', 'merge_install': False, 'path': '/home/zjq/MY_CODE/detectArmor_ros/DetectArmor-ros-/src/ArmorDetect', 'symlink_install': False, 'test_result_base': None}
[0.188s] Level 5:colcon.colcon_core.verb:set package 'armor_tracker' build argument 'cmake_args' from command line to 'None'
[0.188s] Level 5:colcon.colcon_core.verb:set package 'armor_tracker' build argument 'cmake_target' from command line to 'None'
[0.188s] Level 5:colcon.colcon_core.verb:set package 'armor_tracker' build argument 'cmake_target_skip_unavailable' from command line to 'False'
[0.188s] Level 5:colcon.colcon_core.verb:set package 'armor_tracker' build argument 'cmake_clean_cache' from command line to 'False'
[0.188s] Level 5:colcon.colcon_core.verb:set package 'armor_tracker' build argument 'cmake_clean_first' from command line to 'False'
[0.189s] Level 5:colcon.colcon_core.verb:set package 'armor_tracker' build argument 'cmake_force_configure' from command line to 'False'
[0.189s] Level 5:colcon.colcon_core.verb:set package 'armor_tracker' build argument 'ament_cmake_args' from command line to 'None'
[0.189s] Level 5:colcon.colcon_core.verb:set package 'armor_tracker' build argument 'catkin_cmake_args' from command line to 'None'
[0.189s] Level 5:colcon.colcon_core.verb:set package 'armor_tracker' build argument 'catkin_skip_building_tests' from command line to 'False'
[0.189s] DEBUG:colcon.colcon_core.verb:Building package 'armor_tracker' with the following arguments: {'ament_cmake_args': None, 'build_base': '/home/zjq/MY_CODE/detectArmor_ros/DetectArmor-ros-/build/armor_tracker', 'catkin_cmake_args': None, 'catkin_skip_building_tests': False, 'cmake_args': None, 'cmake_clean_cache': False, 'cmake_clean_first': False, 'cmake_force_configure': False, 'cmake_target': None, 'cmake_target_skip_unavailable': False, 'install_base': '/home/zjq/MY_CODE/detectArmor_ros/DetectArmor-ros-/install/armor_tracker', 'merge_install': False, 'path': '/home/zjq/MY_CODE/detectArmor_ros/DetectArmor-ros-/src/ArmorTracker', 'symlink_install': False, 'test_result_base': None}
[0.189s] INFO:colcon.colcon_core.executor:Executing jobs using 'parallel' executor
[0.190s] DEBUG:colcon.colcon_parallel_executor.executor.parallel:run_until_complete
[0.190s] INFO:colcon.colcon_ros.task.ament_cmake.build:Building ROS package in '/home/zjq/MY_CODE/detectArmor_ros/DetectArmor-ros-/src/armor_interfaces' with build type 'ament_cmake'
[0.190s] INFO:colcon.colcon_cmake.task.cmake.build:Building CMake package in '/home/zjq/MY_CODE/detectArmor_ros/DetectArmor-ros-/src/armor_interfaces'
[0.192s] INFO:colcon.colcon_core.plugin_system:Skipping extension 'colcon_core.shell.bat': Not used on non-Windows systems
[0.193s] INFO:colcon.colcon_core.shell:Skip shell extension 'powershell' for command environment: Not usable outside of PowerShell
[0.193s] DEBUG:colcon.colcon_core.shell:Skip shell extension 'dsv' for command environment
[0.195s] INFO:colcon.colcon_ros.task.ament_cmake.build:Building ROS package in '/home/zjq/MY_CODE/detectArmor_ros/DetectArmor-ros-/src/hik_camera' with build type 'ament_cmake'
[0.195s] INFO:colcon.colcon_cmake.task.cmake.build:Building CMake package in '/home/zjq/MY_CODE/detectArmor_ros/DetectArmor-ros-/src/hik_camera'
[0.195s] INFO:colcon.colcon_core.shell:Skip shell extension 'powershell' for command environment: Not usable outside of PowerShell
[0.195s] DEBUG:colcon.colcon_core.shell:Skip shell extension 'dsv' for command environment
[0.197s] INFO:colcon.colcon_ros.task.ament_cmake.build:Building ROS package in '/home/zjq/MY_CODE/detectArmor_ros/DetectArmor-ros-/src/ImageSubscriber' with build type 'ament_cmake'
[0.197s] INFO:colcon.colcon_cmake.task.cmake.build:Building CMake package in '/home/zjq/MY_CODE/detectArmor_ros/DetectArmor-ros-/src/ImageSubscriber'
[0.197s] INFO:colcon.colcon_core.shell:Skip shell extension 'powershell' for command environment: Not usable outside of PowerShell
[0.197s] DEBUG:colcon.colcon_core.shell:Skip shell extension 'dsv' for command environment
[0.199s] INFO:colcon.colcon_ros.task.ament_cmake.build:Building ROS package in '/home/zjq/MY_CODE/detectArmor_ros/DetectArmor-ros-/src/video_reader' with build type 'ament_cmake'
[0.199s] INFO:colcon.colcon_cmake.task.cmake.build:Building CMake package in '/home/zjq/MY_CODE/detectArmor_ros/DetectArmor-ros-/src/video_reader'
[0.199s] INFO:colcon.colcon_core.shell:Skip shell extension 'powershell' for command environment: Not usable outside of PowerShell
[0.199s] DEBUG:colcon.colcon_core.shell:Skip shell extension 'dsv' for command environment
[0.204s] DEBUG:colcon.colcon_core.event_handler.log_command:Invoking command in '/home/zjq/MY_CODE/detectArmor_ros/DetectArmor-ros-/build/armor_interfaces': CMAKE_PREFIX_PATH=${CMAKE_PREFIX_PATH}:/opt/ros/humble /usr/bin/cmake /home/zjq/MY_CODE/detectArmor_ros/DetectArmor-ros-/src/armor_interfaces -DCMAKE_INSTALL_PREFIX=/home/zjq/MY_CODE/detectArmor_ros/DetectArmor-ros-/install/armor_interfaces
[0.206s] DEBUG:colcon.colcon_core.event_handler.log_command:Invoking command in '/home/zjq/MY_CODE/detectArmor_ros/DetectArmor-ros-/build/hik_camera': CMAKE_PREFIX_PATH=${CMAKE_PREFIX_PATH}:/opt/ros/humble /usr/bin/cmake /home/zjq/MY_CODE/detectArmor_ros/DetectArmor-ros-/src/hik_camera -DCMAKE_INSTALL_PREFIX=/home/zjq/MY_CODE/detectArmor_ros/DetectArmor-ros-/install/hik_camera
[0.208s] DEBUG:colcon.colcon_core.event_handler.log_command:Invoking command in '/home/zjq/MY_CODE/detectArmor_ros/DetectArmor-ros-/build/image_subscriber': CMAKE_PREFIX_PATH=${CMAKE_PREFIX_PATH}:/opt/ros/humble /usr/bin/cmake /home/zjq/MY_CODE/detectArmor_ros/DetectArmor-ros-/src/ImageSubscriber -DCMAKE_INSTALL_PREFIX=/home/zjq/MY_CODE/detectArmor_ros/DetectArmor-ros-/install/image_subscriber
[0.211s] DEBUG:colcon.colcon_core.event_handler.log_command:Invoking command in '/home/zjq/MY_CODE/detectArmor_ros/DetectArmor-ros-/build/video_reader': CMAKE_PREFIX_PATH=${CMAKE_PREFIX_PATH}:/opt/ros/humble /usr/bin/cmake /home/zjq/MY_CODE/detectArmor_ros/DetectArmor-ros-/src/video_reader -DCMAKE_INSTALL_PREFIX=/home/zjq/MY_CODE/detectArmor_ros/DetectArmor-ros-/install/video_reader
[0.999s] DEBUG:colcon.colcon_core.event_handler.log_command:Invoked command in '/home/zjq/MY_CODE/detectArmor_ros/DetectArmor-ros-/build/image_subscriber' returned '0': CMAKE_PREFIX_PATH=${CMAKE_PREFIX_PATH}:/opt/ros/humble /usr/bin/cmake /home/zjq/MY_CODE/detectArmor_ros/DetectArmor-ros-/src/ImageSubscriber -DCMAKE_INSTALL_PREFIX=/home/zjq/MY_CODE/detectArmor_ros/DetectArmor-ros-/install/image_subscriber
[1.000s] DEBUG:colcon.colcon_core.event_handler.log_command:Invoking command in '/home/zjq/MY_CODE/detectArmor_ros/DetectArmor-ros-/build/image_subscriber': CMAKE_PREFIX_PATH=${CMAKE_PREFIX_PATH}:/opt/ros/humble /usr/bin/cmake --build /home/zjq/MY_CODE/detectArmor_ros/DetectArmor-ros-/build/image_subscriber -- -j22 -l22
[1.003s] DEBUG:colcon.colcon_core.event_handler.log_command:Invoked command in '/home/zjq/MY_CODE/detectArmor_ros/DetectArmor-ros-/build/video_reader' returned '0': CMAKE_PREFIX_PATH=${CMAKE_PREFIX_PATH}:/opt/ros/humble /usr/bin/cmake /home/zjq/MY_CODE/detectArmor_ros/DetectArmor-ros-/src/video_reader -DCMAKE_INSTALL_PREFIX=/home/zjq/MY_CODE/detectArmor_ros/DetectArmor-ros-/install/video_reader
[1.004s] DEBUG:colcon.colcon_core.event_handler.log_command:Invoking command in '/home/zjq/MY_CODE/detectArmor_ros/DetectArmor-ros-/build/video_reader': CMAKE_PREFIX_PATH=${CMAKE_PREFIX_PATH}:/opt/ros/humble /usr/bin/cmake --build /home/zjq/MY_CODE/detectArmor_ros/DetectArmor-ros-/build/video_reader -- -j22 -l22
[1.029s] DEBUG:colcon.colcon_core.event_handler.log_command:Invoked command in '/home/zjq/MY_CODE/detectArmor_ros/DetectArmor-ros-/build/hik_camera' returned '0': CMAKE_PREFIX_PATH=${CMAKE_PREFIX_PATH}:/opt/ros/humble /usr/bin/cmake /home/zjq/MY_CODE/detectArmor_ros/DetectArmor-ros-/src/hik_camera -DCMAKE_INSTALL_PREFIX=/home/zjq/MY_CODE/detectArmor_ros/DetectArmor-ros-/install/hik_camera
[1.030s] DEBUG:colcon.colcon_core.event_handler.log_command:Invoking command in '/home/zjq/MY_CODE/detectArmor_ros/DetectArmor-ros-/build/hik_camera': CMAKE_PREFIX_PATH=${CMAKE_PREFIX_PATH}:/opt/ros/humble /usr/bin/cmake --build /home/zjq/MY_CODE/detectArmor_ros/DetectArmor-ros-/build/hik_camera -- -j22 -l22
[1.416s] DEBUG:colcon.colcon_core.event_handler.log_command:Invoked command in '/home/zjq/MY_CODE/detectArmor_ros/DetectArmor-ros-/build/armor_interfaces' returned '0': CMAKE_PREFIX_PATH=${CMAKE_PREFIX_PATH}:/opt/ros/humble /usr/bin/cmake /home/zjq/MY_CODE/detectArmor_ros/DetectArmor-ros-/src/armor_interfaces -DCMAKE_INSTALL_PREFIX=/home/zjq/MY_CODE/detectArmor_ros/DetectArmor-ros-/install/armor_interfaces
[1.418s] DEBUG:colcon.colcon_core.event_handler.log_command:Invoking command in '/home/zjq/MY_CODE/detectArmor_ros/DetectArmor-ros-/build/armor_interfaces': CMAKE_PREFIX_PATH=${CMAKE_PREFIX_PATH}:/opt/ros/humble /usr/bin/cmake --build /home/zjq/MY_CODE/detectArmor_ros/DetectArmor-ros-/build/armor_interfaces -- -j22 -l22
[3.284s] DEBUG:colcon.colcon_core.event_handler.log_command:Invoked command in '/home/zjq/MY_CODE/detectArmor_ros/DetectArmor-ros-/build/armor_interfaces' returned '0': CMAKE_PREFIX_PATH=${CMAKE_PREFIX_PATH}:/opt/ros/humble /usr/bin/cmake --build /home/zjq/MY_CODE/detectArmor_ros/DetectArmor-ros-/build/armor_interfaces -- -j22 -l22
[3.292s] DEBUG:colcon.colcon_core.event_handler.log_command:Invoking command in '/home/zjq/MY_CODE/detectArmor_ros/DetectArmor-ros-/build/armor_interfaces': CMAKE_PREFIX_PATH=${CMAKE_PREFIX_PATH}:/opt/ros/humble /usr/bin/cmake --install /home/zjq/MY_CODE/detectArmor_ros/DetectArmor-ros-/build/armor_interfaces
[3.340s] Level 1:colcon.colcon_core.environment:create_environment_scripts_only(armor_interfaces)
[3.340s] DEBUG:colcon.colcon_core.event_handler.log_command:Invoked command in '/home/zjq/MY_CODE/detectArmor_ros/DetectArmor-ros-/build/armor_interfaces' returned '0': CMAKE_PREFIX_PATH=${CMAKE_PREFIX_PATH}:/opt/ros/humble /usr/bin/cmake --install /home/zjq/MY_CODE/detectArmor_ros/DetectArmor-ros-/build/armor_interfaces
[3.341s] Level 1:colcon.colcon_core.environment:checking '/home/zjq/MY_CODE/detectArmor_ros/DetectArmor-ros-/install/armor_interfaces' for CMake module files
[3.342s] Level 1:colcon.colcon_core.environment:checking '/home/zjq/MY_CODE/detectArmor_ros/DetectArmor-ros-/install/armor_interfaces' for CMake config files
[3.342s] Level 1:colcon.colcon_core.shell:create_environment_hook('armor_interfaces', 'cmake_prefix_path')
[3.342s] INFO:colcon.colcon_core.shell:Creating environment hook '/home/zjq/MY_CODE/detectArmor_ros/DetectArmor-ros-/install/armor_interfaces/share/armor_interfaces/hook/cmake_prefix_path.ps1'
[3.342s] INFO:colcon.colcon_core.shell:Creating environment descriptor '/home/zjq/MY_CODE/detectArmor_ros/DetectArmor-ros-/install/armor_interfaces/share/armor_interfaces/hook/cmake_prefix_path.dsv'
[3.343s] INFO:colcon.colcon_core.shell:Creating environment hook '/home/zjq/MY_CODE/detectArmor_ros/DetectArmor-ros-/install/armor_interfaces/share/armor_interfaces/hook/cmake_prefix_path.sh'
[3.343s] Level 1:colcon.colcon_core.environment:checking '/home/zjq/MY_CODE/detectArmor_ros/DetectArmor-ros-/install/armor_interfaces/lib'
[3.343s] Level 1:colcon.colcon_core.shell:create_environment_hook('armor_interfaces', 'ld_library_path_lib')
[3.343s] INFO:colcon.colcon_core.shell:Creating environment hook '/home/zjq/MY_CODE/detectArmor_ros/DetectArmor-ros-/install/armor_interfaces/share/armor_interfaces/hook/ld_library_path_lib.ps1'
[3.344s] INFO:colcon.colcon_core.shell:Creating environment descriptor '/home/zjq/MY_CODE/detectArmor_ros/DetectArmor-ros-/install/armor_interfaces/share/armor_interfaces/hook/ld_library_path_lib.dsv'
[3.344s] INFO:colcon.colcon_core.shell:Creating environment hook '/home/zjq/MY_CODE/detectArmor_ros/DetectArmor-ros-/install/armor_interfaces/share/armor_interfaces/hook/ld_library_path_lib.sh'
[3.344s] Level 1:colcon.colcon_core.environment:checking '/home/zjq/MY_CODE/detectArmor_ros/DetectArmor-ros-/install/armor_interfaces/bin'
[3.344s] Level 1:colcon.colcon_core.environment:checking '/home/zjq/MY_CODE/detectArmor_ros/DetectArmor-ros-/install/armor_interfaces/lib/pkgconfig/armor_interfaces.pc'
[3.344s] Level 1:colcon.colcon_core.environment:checking '/home/zjq/MY_CODE/detectArmor_ros/DetectArmor-ros-/install/armor_interfaces/lib/python3.10/site-packages'
[3.344s] Level 1:colcon.colcon_core.environment:checking '/home/zjq/MY_CODE/detectArmor_ros/DetectArmor-ros-/install/armor_interfaces/bin'
[3.344s] INFO:colcon.colcon_core.shell:Creating package script '/home/zjq/MY_CODE/detectArmor_ros/DetectArmor-ros-/install/armor_interfaces/share/armor_interfaces/package.ps1'
[3.345s] INFO:colcon.colcon_core.shell:Creating package descriptor '/home/zjq/MY_CODE/detectArmor_ros/DetectArmor-ros-/install/armor_interfaces/share/armor_interfaces/package.dsv'
[3.345s] INFO:colcon.colcon_core.shell:Creating package script '/home/zjq/MY_CODE/detectArmor_ros/DetectArmor-ros-/install/armor_interfaces/share/armor_interfaces/package.sh'
[3.346s] INFO:colcon.colcon_core.shell:Creating package script '/home/zjq/MY_CODE/detectArmor_ros/DetectArmor-ros-/install/armor_interfaces/share/armor_interfaces/package.bash'
[3.346s] INFO:colcon.colcon_core.shell:Creating package script '/home/zjq/MY_CODE/detectArmor_ros/DetectArmor-ros-/install/armor_interfaces/share/armor_interfaces/package.zsh'
[3.346s] Level 1:colcon.colcon_core.environment:create_file_with_runtime_dependencies(/home/zjq/MY_CODE/detectArmor_ros/DetectArmor-ros-/install/armor_interfaces/share/colcon-core/packages/armor_interfaces)
[3.347s] Level 1:colcon.colcon_core.environment:create_environment_scripts_only(armor_interfaces)
[3.347s] Level 1:colcon.colcon_core.environment:checking '/home/zjq/MY_CODE/detectArmor_ros/DetectArmor-ros-/install/armor_interfaces' for CMake module files
[3.347s] Level 1:colcon.colcon_core.environment:checking '/home/zjq/MY_CODE/detectArmor_ros/DetectArmor-ros-/install/armor_interfaces' for CMake config files
[3.347s] Level 1:colcon.colcon_core.shell:create_environment_hook('armor_interfaces', 'cmake_prefix_path')
[3.348s] INFO:colcon.colcon_core.shell:Creating environment hook '/home/zjq/MY_CODE/detectArmor_ros/DetectArmor-ros-/install/armor_interfaces/share/armor_interfaces/hook/cmake_prefix_path.ps1'
[3.348s] INFO:colcon.colcon_core.shell:Creating environment descriptor '/home/zjq/MY_CODE/detectArmor_ros/DetectArmor-ros-/install/armor_interfaces/share/armor_interfaces/hook/cmake_prefix_path.dsv'
[3.348s] INFO:colcon.colcon_core.shell:Creating environment hook '/home/zjq/MY_CODE/detectArmor_ros/DetectArmor-ros-/install/armor_interfaces/share/armor_interfaces/hook/cmake_prefix_path.sh'
[3.348s] Level 1:colcon.colcon_core.environment:checking '/home/zjq/MY_CODE/detectArmor_ros/DetectArmor-ros-/install/armor_interfaces/lib'
[3.348s] Level 1:colcon.colcon_core.shell:create_environment_hook('armor_interfaces', 'ld_library_path_lib')
[3.348s] INFO:colcon.colcon_core.shell:Creating environment hook '/home/zjq/MY_CODE/detectArmor_ros/DetectArmor-ros-/install/armor_interfaces/share/armor_interfaces/hook/ld_library_path_lib.ps1'
[3.349s] INFO:colcon.colcon_core.shell:Creating environment descriptor '/home/zjq/MY_CODE/detectArmor_ros/DetectArmor-ros-/install/armor_interfaces/share/armor_interfaces/hook/ld_library_path_lib.dsv'
[3.349s] INFO:colcon.colcon_core.shell:Creating environment hook '/home/zjq/MY_CODE/detectArmor_ros/DetectArmor-ros-/install/armor_interfaces/share/armor_interfaces/hook/ld_library_path_lib.sh'
[3.349s] Level 1:colcon.colcon_core.environment:checking '/home/zjq/MY_CODE/detectArmor_ros/DetectArmor-ros-/install/armor_interfaces/bin'
[3.349s] Level 1:colcon.colcon_core.environment:checking '/home/zjq/MY_CODE/detectArmor_ros/DetectArmor-ros-/install/armor_interfaces/lib/pkgconfig/armor_interfaces.pc'
[3.349s] Level 1:colcon.colcon_core.environment:checking '/home/zjq/MY_CODE/detectArmor_ros/DetectArmor-ros-/install/armor_interfaces/lib/python3.10/site-packages'
[3.349s] Level 1:colcon.colcon_core.environment:checking '/home/zjq/MY_CODE/detectArmor_ros/DetectArmor-ros-/install/armor_interfaces/bin'
[3.349s] INFO:colcon.colcon_core.shell:Creating package script '/home/zjq/MY_CODE/detectArmor_ros/DetectArmor-ros-/install/armor_interfaces/share/armor_interfaces/package.ps1'
[3.350s] INFO:colcon.colcon_core.shell:Creating package descriptor '/home/zjq/MY_CODE/detectArmor_ros/DetectArmor-ros-/install/armor_interfaces/share/armor_interfaces/package.dsv'
[3.350s] INFO:colcon.colcon_core.shell:Creating package script '/home/zjq/MY_CODE/detectArmor_ros/DetectArmor-ros-/install/armor_interfaces/share/armor_interfaces/package.sh'
[3.350s] INFO:colcon.colcon_core.shell:Creating package script '/home/zjq/MY_CODE/detectArmor_ros/DetectArmor-ros-/install/armor_interfaces/share/armor_interfaces/package.bash'
[3.350s] INFO:colcon.colcon_core.shell:Creating package script '/home/zjq/MY_CODE/detectArmor_ros/DetectArmor-ros-/install/armor_interfaces/share/armor_interfaces/package.zsh'
[3.351s] Level 1:colcon.colcon_core.environment:create_file_with_runtime_dependencies(/home/zjq/MY_CODE/detectArmor_ros/DetectArmor-ros-/install/armor_interfaces/share/colcon-core/packages/armor_interfaces)
[3.351s] INFO:colcon.colcon_ros.task.ament_cmake.build:Building ROS package in '/home/zjq/MY_CODE/detectArmor_ros/DetectArmor-ros-/src/ArmorTracker' with build type 'ament_cmake'
[3.351s] INFO:colcon.colcon_cmake.task.cmake.build:Building CMake package in '/home/zjq/MY_CODE/detectArmor_ros/DetectArmor-ros-/src/ArmorTracker'
[3.351s] INFO:colcon.colcon_core.shell:Skip shell extension 'powershell' for command environment: Not usable outside of PowerShell
[3.351s] DEBUG:colcon.colcon_core.shell:Skip shell extension 'dsv' for command environment
[3.359s] DEBUG:colcon.colcon_core.event_handler.log_command:Invoking command in '/home/zjq/MY_CODE/detectArmor_ros/DetectArmor-ros-/build/armor_tracker': CMAKE_PREFIX_PATH=/home/zjq/MY_CODE/detectArmor_ros/DetectArmor-ros-/install/armor_interfaces:/home/zjq/MY_CODE/detectArmor_ros/DetectArmor-ros-/install/video_reader:/home/zjq/MY_CODE/detectArmor_ros/DetectArmor-ros-/install/image_subscriber:/home/zjq/MY_CODE/detectArmor_ros/DetectArmor-ros-/install/armor_detect:/home/zjq/MY_CODE/detectArmor_ros/DetectArmor-ros-/install/hik_camera:/home/zjq/MY_CODE/detectArmor_ros/DetectArmor-ros-/install/armor_tracker:/opt/ros/humble LD_LIBRARY_PATH=/home/zjq/MY_CODE/detectArmor_ros/DetectArmor-ros-/install/armor_interfaces/lib:/home/zjq/MY_CODE/detectArmor_ros/DetectArmor-ros-/install/armor_detect/lib:/home/zjq/MY_CODE/detectArmor_ros/DetectArmor-ros-/install/hik_camera/lib:/home/zjq/MY_CODE/detectArmor_ros/DetectArmor-ros-/install/armor_tracker/lib:/opt/MVS/lib/64:/opt/MVS/lib/32:/opt/MVS/lib/64:/opt/MVS/lib/32:/opt/MVS/lib/64:/opt/MVS/lib/32:/opt/ros/humble/opt/rviz_ogre_vendor/lib:/opt/ros/humble/lib/x86_64-linux-gnu:/opt/ros/humble/lib:/opt/MVS/lib/64:/opt/MVS/lib/32:/opt/MVS/lib/64:/opt/MVS/lib/32:/opt/MVS/lib/64:/opt/MVS/lib/32 /usr/bin/cmake /home/zjq/MY_CODE/detectArmor_ros/DetectArmor-ros-/src/ArmorTracker -DCMAKE_INSTALL_PREFIX=/home/zjq/MY_CODE/detectArmor_ros/DetectArmor-ros-/install/armor_tracker
[3.813s] DEBUG:colcon.colcon_core.event_handler.log_command:Invoked command in '/home/zjq/MY_CODE/detectArmor_ros/DetectArmor-ros-/build/hik_camera' returned '0': CMAKE_PREFIX_PATH=${CMAKE_PREFIX_PATH}:/opt/ros/humble /usr/bin/cmake --build /home/zjq/MY_CODE/detectArmor_ros/DetectArmor-ros-/build/hik_camera -- -j22 -l22
[3.815s] DEBUG:colcon.colcon_core.event_handler.log_command:Invoking command in '/home/zjq/MY_CODE/detectArmor_ros/DetectArmor-ros-/build/hik_camera': CMAKE_PREFIX_PATH=${CMAKE_PREFIX_PATH}:/opt/ros/humble /usr/bin/cmake --install /home/zjq/MY_CODE/detectArmor_ros/DetectArmor-ros-/build/hik_camera
[3.853s] Level 1:colcon.colcon_core.environment:create_environment_scripts_only(hik_camera)
[3.853s] DEBUG:colcon.colcon_core.event_handler.log_command:Invoked command in '/home/zjq/MY_CODE/detectArmor_ros/DetectArmor-ros-/build/hik_camera' returned '0': CMAKE_PREFIX_PATH=${CMAKE_PREFIX_PATH}:/opt/ros/humble /usr/bin/cmake --install /home/zjq/MY_CODE/detectArmor_ros/DetectArmor-ros-/build/hik_camera
[3.853s] Level 1:colcon.colcon_core.environment:checking '/home/zjq/MY_CODE/detectArmor_ros/DetectArmor-ros-/install/hik_camera' for CMake module files
[3.854s] Level 1:colcon.colcon_core.environment:checking '/home/zjq/MY_CODE/detectArmor_ros/DetectArmor-ros-/install/hik_camera' for CMake config files
[3.854s] Level 1:colcon.colcon_core.shell:create_environment_hook('hik_camera', 'cmake_prefix_path')
[3.855s] INFO:colcon.colcon_core.shell:Creating environment hook '/home/zjq/MY_CODE/detectArmor_ros/DetectArmor-ros-/install/hik_camera/share/hik_camera/hook/cmake_prefix_path.ps1'
[3.855s] INFO:colcon.colcon_core.shell:Creating environment descriptor '/home/zjq/MY_CODE/detectArmor_ros/DetectArmor-ros-/install/hik_camera/share/hik_camera/hook/cmake_prefix_path.dsv'
[3.855s] INFO:colcon.colcon_core.shell:Creating environment hook '/home/zjq/MY_CODE/detectArmor_ros/DetectArmor-ros-/install/hik_camera/share/hik_camera/hook/cmake_prefix_path.sh'
[3.856s] Level 1:colcon.colcon_core.environment:checking '/home/zjq/MY_CODE/detectArmor_ros/DetectArmor-ros-/install/hik_camera/lib'
[3.856s] Level 1:colcon.colcon_core.shell:create_environment_hook('hik_camera', 'ld_library_path_lib')
[3.856s] INFO:colcon.colcon_core.shell:Creating environment hook '/home/zjq/MY_CODE/detectArmor_ros/DetectArmor-ros-/install/hik_camera/share/hik_camera/hook/ld_library_path_lib.ps1'
[3.857s] INFO:colcon.colcon_core.shell:Creating environment descriptor '/home/zjq/MY_CODE/detectArmor_ros/DetectArmor-ros-/install/hik_camera/share/hik_camera/hook/ld_library_path_lib.dsv'
[3.857s] INFO:colcon.colcon_core.shell:Creating environment hook '/home/zjq/MY_CODE/detectArmor_ros/DetectArmor-ros-/install/hik_camera/share/hik_camera/hook/ld_library_path_lib.sh'
[3.857s] Level 1:colcon.colcon_core.environment:checking '/home/zjq/MY_CODE/detectArmor_ros/DetectArmor-ros-/install/hik_camera/bin'
[3.857s] Level 1:colcon.colcon_core.environment:checking '/home/zjq/MY_CODE/detectArmor_ros/DetectArmor-ros-/install/hik_camera/lib/pkgconfig/hik_camera.pc'
[3.858s] Level 1:colcon.colcon_core.environment:checking '/home/zjq/MY_CODE/detectArmor_ros/DetectArmor-ros-/install/hik_camera/lib/python3.10/site-packages'
[3.858s] Level 1:colcon.colcon_core.environment:checking '/home/zjq/MY_CODE/detectArmor_ros/DetectArmor-ros-/install/hik_camera/bin'
[3.858s] INFO:colcon.colcon_core.shell:Creating package script '/home/zjq/MY_CODE/detectArmor_ros/DetectArmor-ros-/install/hik_camera/share/hik_camera/package.ps1'
[3.859s] INFO:colcon.colcon_core.shell:Creating package descriptor '/home/zjq/MY_CODE/detectArmor_ros/DetectArmor-ros-/install/hik_camera/share/hik_camera/package.dsv'
[3.859s] INFO:colcon.colcon_core.shell:Creating package script '/home/zjq/MY_CODE/detectArmor_ros/DetectArmor-ros-/install/hik_camera/share/hik_camera/package.sh'
[3.859s] INFO:colcon.colcon_core.shell:Creating package script '/home/zjq/MY_CODE/detectArmor_ros/DetectArmor-ros-/install/hik_camera/share/hik_camera/package.bash'
[3.860s] INFO:colcon.colcon_core.shell:Creating package script '/home/zjq/MY_CODE/detectArmor_ros/DetectArmor-ros-/install/hik_camera/share/hik_camera/package.zsh'
[3.860s] Level 1:colcon.colcon_core.environment:create_file_with_runtime_dependencies(/home/zjq/MY_CODE/detectArmor_ros/DetectArmor-ros-/install/hik_camera/share/colcon-core/packages/hik_camera)
[3.861s] Level 1:colcon.colcon_core.environment:create_environment_scripts_only(hik_camera)
[3.861s] Level 1:colcon.colcon_core.environment:checking '/home/zjq/MY_CODE/detectArmor_ros/DetectArmor-ros-/install/hik_camera' for CMake module files
[3.861s] Level 1:colcon.colcon_core.environment:checking '/home/zjq/MY_CODE/detectArmor_ros/DetectArmor-ros-/install/hik_camera' for CMake config files
[3.862s] Level 1:colcon.colcon_core.shell:create_environment_hook('hik_camera', 'cmake_prefix_path')
[3.862s] INFO:colcon.colcon_core.shell:Creating environment hook '/home/zjq/MY_CODE/detectArmor_ros/DetectArmor-ros-/install/hik_camera/share/hik_camera/hook/cmake_prefix_path.ps1'
[3.862s] INFO:colcon.colcon_core.shell:Creating environment descriptor '/home/zjq/MY_CODE/detectArmor_ros/DetectArmor-ros-/install/hik_camera/share/hik_camera/hook/cmake_prefix_path.dsv'
[3.863s] INFO:colcon.colcon_core.shell:Creating environment hook '/home/zjq/MY_CODE/detectArmor_ros/DetectArmor-ros-/install/hik_camera/share/hik_camera/hook/cmake_prefix_path.sh'
[3.863s] Level 1:colcon.colcon_core.environment:checking '/home/zjq/MY_CODE/detectArmor_ros/DetectArmor-ros-/install/hik_camera/lib'
[3.863s] Level 1:colcon.colcon_core.shell:create_environment_hook('hik_camera', 'ld_library_path_lib')
[3.863s] INFO:colcon.colcon_core.shell:Creating environment hook '/home/zjq/MY_CODE/detectArmor_ros/DetectArmor-ros-/install/hik_camera/share/hik_camera/hook/ld_library_path_lib.ps1'
[3.864s] INFO:colcon.colcon_core.shell:Creating environment descriptor '/home/zjq/MY_CODE/detectArmor_ros/DetectArmor-ros-/install/hik_camera/share/hik_camera/hook/ld_library_path_lib.dsv'
[3.864s] INFO:colcon.colcon_core.shell:Creating environment hook '/home/zjq/MY_CODE/detectArmor_ros/DetectArmor-ros-/install/hik_camera/share/hik_camera/hook/ld_library_path_lib.sh'
[3.865s] Level 1:colcon.colcon_core.environment:checking '/home/zjq/MY_CODE/detectArmor_ros/DetectArmor-ros-/install/hik_camera/bin'
[3.865s] Level 1:colcon.colcon_core.environment:checking '/home/zjq/MY_CODE/detectArmor_ros/DetectArmor-ros-/install/hik_camera/lib/pkgconfig/hik_camera.pc'
[3.865s] Level 1:colcon.colcon_core.environment:checking '/home/zjq/MY_CODE/detectArmor_ros/DetectArmor-ros-/install/hik_camera/lib/python3.10/site-packages'
[3.865s] Level 1:colcon.colcon_core.environment:checking '/home/zjq/MY_CODE/detectArmor_ros/DetectArmor-ros-/install/hik_camera/bin'
[3.865s] INFO:colcon.colcon_core.shell:Creating package script '/home/zjq/MY_CODE/detectArmor_ros/DetectArmor-ros-/install/hik_camera/share/hik_camera/package.ps1'
[3.866s] INFO:colcon.colcon_core.shell:Creating package descriptor '/home/zjq/MY_CODE/detectArmor_ros/DetectArmor-ros-/install/hik_camera/share/hik_camera/package.dsv'
[3.866s] INFO:colcon.colcon_core.shell:Creating package script '/home/zjq/MY_CODE/detectArmor_ros/DetectArmor-ros-/install/hik_camera/share/hik_camera/package.sh'
[3.867s] INFO:colcon.colcon_core.shell:Creating package script '/home/zjq/MY_CODE/detectArmor_ros/DetectArmor-ros-/install/hik_camera/share/hik_camera/package.bash'
[3.867s] INFO:colcon.colcon_core.shell:Creating package script '/home/zjq/MY_CODE/detectArmor_ros/DetectArmor-ros-/install/hik_camera/share/hik_camera/package.zsh'
[3.868s] Level 1:colcon.colcon_core.environment:create_file_with_runtime_dependencies(/home/zjq/MY_CODE/detectArmor_ros/DetectArmor-ros-/install/hik_camera/share/colcon-core/packages/hik_camera)
[3.868s] INFO:colcon.colcon_ros.task.ament_cmake.build:Building ROS package in '/home/zjq/MY_CODE/detectArmor_ros/DetectArmor-ros-/src/ArmorDetect' with build type 'ament_cmake'
[3.868s] INFO:colcon.colcon_cmake.task.cmake.build:Building CMake package in '/home/zjq/MY_CODE/detectArmor_ros/DetectArmor-ros-/src/ArmorDetect'
[3.868s] INFO:colcon.colcon_core.shell:Skip shell extension 'powershell' for command environment: Not usable outside of PowerShell
[3.869s] DEBUG:colcon.colcon_core.shell:Skip shell extension 'dsv' for command environment
[3.880s] DEBUG:colcon.colcon_core.event_handler.log_command:Invoking command in '/home/zjq/MY_CODE/detectArmor_ros/DetectArmor-ros-/build/armor_detect': CMAKE_PREFIX_PATH=/home/zjq/MY_CODE/detectArmor_ros/DetectArmor-ros-/install/hik_camera:/home/zjq/MY_CODE/detectArmor_ros/DetectArmor-ros-/install/armor_interfaces:/home/zjq/MY_CODE/detectArmor_ros/DetectArmor-ros-/install/video_reader:/home/zjq/MY_CODE/detectArmor_ros/DetectArmor-ros-/install/image_subscriber:/home/zjq/MY_CODE/detectArmor_ros/DetectArmor-ros-/install/armor_detect:/home/zjq/MY_CODE/detectArmor_ros/DetectArmor-ros-/install/armor_tracker:/opt/ros/humble LD_LIBRARY_PATH=/home/zjq/MY_CODE/detectArmor_ros/DetectArmor-ros-/install/hik_camera/lib:/home/zjq/MY_CODE/detectArmor_ros/DetectArmor-ros-/install/armor_interfaces/lib:/home/zjq/MY_CODE/detectArmor_ros/DetectArmor-ros-/install/armor_detect/lib:/home/zjq/MY_CODE/detectArmor_ros/DetectArmor-ros-/install/armor_tracker/lib:/opt/MVS/lib/64:/opt/MVS/lib/32:/opt/MVS/lib/64:/opt/MVS/lib/32:/opt/MVS/lib/64:/opt/MVS/lib/32:/opt/ros/humble/opt/rviz_ogre_vendor/lib:/opt/ros/humble/lib/x86_64-linux-gnu:/opt/ros/humble/lib:/opt/MVS/lib/64:/opt/MVS/lib/32:/opt/MVS/lib/64:/opt/MVS/lib/32:/opt/MVS/lib/64:/opt/MVS/lib/32 /usr/bin/cmake /home/zjq/MY_CODE/detectArmor_ros/DetectArmor-ros-/src/ArmorDetect -DCMAKE_INSTALL_PREFIX=/home/zjq/MY_CODE/detectArmor_ros/DetectArmor-ros-/install/armor_detect
[4.309s] DEBUG:colcon.colcon_core.event_handler.log_command:Invoked command in '/home/zjq/MY_CODE/detectArmor_ros/DetectArmor-ros-/build/armor_tracker' returned '0': CMAKE_PREFIX_PATH=/home/zjq/MY_CODE/detectArmor_ros/DetectArmor-ros-/install/armor_interfaces:/home/zjq/MY_CODE/detectArmor_ros/DetectArmor-ros-/install/video_reader:/home/zjq/MY_CODE/detectArmor_ros/DetectArmor-ros-/install/image_subscriber:/home/zjq/MY_CODE/detectArmor_ros/DetectArmor-ros-/install/armor_detect:/home/zjq/MY_CODE/detectArmor_ros/DetectArmor-ros-/install/hik_camera:/home/zjq/MY_CODE/detectArmor_ros/DetectArmor-ros-/install/armor_tracker:/opt/ros/humble LD_LIBRARY_PATH=/home/zjq/MY_CODE/detectArmor_ros/DetectArmor-ros-/install/armor_interfaces/lib:/home/zjq/MY_CODE/detectArmor_ros/DetectArmor-ros-/install/armor_detect/lib:/home/zjq/MY_CODE/detectArmor_ros/DetectArmor-ros-/install/hik_camera/lib:/home/zjq/MY_CODE/detectArmor_ros/DetectArmor-ros-/install/armor_tracker/lib:/opt/MVS/lib/64:/opt/MVS/lib/32:/opt/MVS/lib/64:/opt/MVS/lib/32:/opt/MVS/lib/64:/opt/MVS/lib/32:/opt/ros/humble/opt/rviz_ogre_vendor/lib:/opt/ros/humble/lib/x86_64-linux-gnu:/opt/ros/humble/lib:/opt/MVS/lib/64:/opt/MVS/lib/32:/opt/MVS/lib/64:/opt/MVS/lib/32:/opt/MVS/lib/64:/opt/MVS/lib/32 /usr/bin/cmake /home/zjq/MY_CODE/detectArmor_ros/DetectArmor-ros-/src/ArmorTracker -DCMAKE_INSTALL_PREFIX=/home/zjq/MY_CODE/detectArmor_ros/DetectArmor-ros-/install/armor_tracker
[4.311s] DEBUG:colcon.colcon_core.event_handler.log_command:Invoking command in '/home/zjq/MY_CODE/detectArmor_ros/DetectArmor-ros-/build/armor_tracker': CMAKE_PREFIX_PATH=/home/zjq/MY_CODE/detectArmor_ros/DetectArmor-ros-/install/armor_interfaces:/home/zjq/MY_CODE/detectArmor_ros/DetectArmor-ros-/install/video_reader:/home/zjq/MY_CODE/detectArmor_ros/DetectArmor-ros-/install/image_subscriber:/home/zjq/MY_CODE/detectArmor_ros/DetectArmor-ros-/install/armor_detect:/home/zjq/MY_CODE/detectArmor_ros/DetectArmor-ros-/install/hik_camera:/home/zjq/MY_CODE/detectArmor_ros/DetectArmor-ros-/install/armor_tracker:/opt/ros/humble LD_LIBRARY_PATH=/home/zjq/MY_CODE/detectArmor_ros/DetectArmor-ros-/install/armor_interfaces/lib:/home/zjq/MY_CODE/detectArmor_ros/DetectArmor-ros-/install/armor_detect/lib:/home/zjq/MY_CODE/detectArmor_ros/DetectArmor-ros-/install/hik_camera/lib:/home/zjq/MY_CODE/detectArmor_ros/DetectArmor-ros-/install/armor_tracker/lib:/opt/MVS/lib/64:/opt/MVS/lib/32:/opt/MVS/lib/64:/opt/MVS/lib/32:/opt/MVS/lib/64:/opt/MVS/lib/32:/opt/ros/humble/opt/rviz_ogre_vendor/lib:/opt/ros/humble/lib/x86_64-linux-gnu:/opt/ros/humble/lib:/opt/MVS/lib/64:/opt/MVS/lib/32:/opt/MVS/lib/64:/opt/MVS/lib/32:/opt/MVS/lib/64:/opt/MVS/lib/32 /usr/bin/cmake --build /home/zjq/MY_CODE/detectArmor_ros/DetectArmor-ros-/build/armor_tracker -- -j22 -l22
[4.886s] DEBUG:colcon.colcon_core.event_handler.log_command:Invoked command in '/home/zjq/MY_CODE/detectArmor_ros/DetectArmor-ros-/build/armor_detect' returned '0': CMAKE_PREFIX_PATH=/home/zjq/MY_CODE/detectArmor_ros/DetectArmor-ros-/install/hik_camera:/home/zjq/MY_CODE/detectArmor_ros/DetectArmor-ros-/install/armor_interfaces:/home/zjq/MY_CODE/detectArmor_ros/DetectArmor-ros-/install/video_reader:/home/zjq/MY_CODE/detectArmor_ros/DetectArmor-ros-/install/image_subscriber:/home/zjq/MY_CODE/detectArmor_ros/DetectArmor-ros-/install/armor_detect:/home/zjq/MY_CODE/detectArmor_ros/DetectArmor-ros-/install/armor_tracker:/opt/ros/humble LD_LIBRARY_PATH=/home/zjq/MY_CODE/detectArmor_ros/DetectArmor-ros-/install/hik_camera/lib:/home/zjq/MY_CODE/detectArmor_ros/DetectArmor-ros-/install/armor_interfaces/lib:/home/zjq/MY_CODE/detectArmor_ros/DetectArmor-ros-/install/armor_detect/lib:/home/zjq/MY_CODE/detectArmor_ros/DetectArmor-ros-/install/armor_tracker/lib:/opt/MVS/lib/64:/opt/MVS/lib/32:/opt/MVS/lib/64:/opt/MVS/lib/32:/opt/MVS/lib/64:/opt/MVS/lib/32:/opt/ros/humble/opt/rviz_ogre_vendor/lib:/opt/ros/humble/lib/x86_64-linux-gnu:/opt/ros/humble/lib:/opt/MVS/lib/64:/opt/MVS/lib/32:/opt/MVS/lib/64:/opt/MVS/lib/32:/opt/MVS/lib/64:/opt/MVS/lib/32 /usr/bin/cmake /home/zjq/MY_CODE/detectArmor_ros/DetectArmor-ros-/src/ArmorDetect -DCMAKE_INSTALL_PREFIX=/home/zjq/MY_CODE/detectArmor_ros/DetectArmor-ros-/install/armor_detect
[4.887s] DEBUG:colcon.colcon_core.event_handler.log_command:Invoking command in '/home/zjq/MY_CODE/detectArmor_ros/DetectArmor-ros-/build/armor_detect': CMAKE_PREFIX_PATH=/home/zjq/MY_CODE/detectArmor_ros/DetectArmor-ros-/install/hik_camera:/home/zjq/MY_CODE/detectArmor_ros/DetectArmor-ros-/install/armor_interfaces:/home/zjq/MY_CODE/detectArmor_ros/DetectArmor-ros-/install/video_reader:/home/zjq/MY_CODE/detectArmor_ros/DetectArmor-ros-/install/image_subscriber:/home/zjq/MY_CODE/detectArmor_ros/DetectArmor-ros-/install/armor_detect:/home/zjq/MY_CODE/detectArmor_ros/DetectArmor-ros-/install/armor_tracker:/opt/ros/humble LD_LIBRARY_PATH=/home/zjq/MY_CODE/detectArmor_ros/DetectArmor-ros-/install/hik_camera/lib:/home/zjq/MY_CODE/detectArmor_ros/DetectArmor-ros-/install/armor_interfaces/lib:/home/zjq/MY_CODE/detectArmor_ros/DetectArmor-ros-/install/armor_detect/lib:/home/zjq/MY_CODE/detectArmor_ros/DetectArmor-ros-/install/armor_tracker/lib:/opt/MVS/lib/64:/opt/MVS/lib/32:/opt/MVS/lib/64:/opt/MVS/lib/32:/opt/MVS/lib/64:/opt/MVS/lib/32:/opt/ros/humble/opt/rviz_ogre_vendor/lib:/opt/ros/humble/lib/x86_64-linux-gnu:/opt/ros/humble/lib:/opt/MVS/lib/64:/opt/MVS/lib/32:/opt/MVS/lib/64:/opt/MVS/lib/32:/opt/MVS/lib/64:/opt/MVS/lib/32 /usr/bin/cmake --build /home/zjq/MY_CODE/detectArmor_ros/DetectArmor-ros-/build/armor_detect -- -j22 -l22
[5.535s] DEBUG:colcon.colcon_core.event_handler.log_command:Invoked command in '/home/zjq/MY_CODE/detectArmor_ros/DetectArmor-ros-/build/video_reader' returned '0': CMAKE_PREFIX_PATH=${CMAKE_PREFIX_PATH}:/opt/ros/humble /usr/bin/cmake --build /home/zjq/MY_CODE/detectArmor_ros/DetectArmor-ros-/build/video_reader -- -j22 -l22
[5.536s] DEBUG:colcon.colcon_core.event_handler.log_command:Invoking command in '/home/zjq/MY_CODE/detectArmor_ros/DetectArmor-ros-/build/video_reader': CMAKE_PREFIX_PATH=${CMAKE_PREFIX_PATH}:/opt/ros/humble /usr/bin/cmake --install /home/zjq/MY_CODE/detectArmor_ros/DetectArmor-ros-/build/video_reader
[5.548s] Level 1:colcon.colcon_core.environment:create_environment_scripts_only(video_reader)
[5.549s] Level 1:colcon.colcon_core.environment:checking '/home/zjq/MY_CODE/detectArmor_ros/DetectArmor-ros-/install/video_reader' for CMake module files
[5.549s] DEBUG:colcon.colcon_core.event_handler.log_command:Invoked command in '/home/zjq/MY_CODE/detectArmor_ros/DetectArmor-ros-/build/video_reader' returned '0': CMAKE_PREFIX_PATH=${CMAKE_PREFIX_PATH}:/opt/ros/humble /usr/bin/cmake --install /home/zjq/MY_CODE/detectArmor_ros/DetectArmor-ros-/build/video_reader
[5.549s] Level 1:colcon.colcon_core.environment:checking '/home/zjq/MY_CODE/detectArmor_ros/DetectArmor-ros-/install/video_reader' for CMake config files
[5.550s] Level 1:colcon.colcon_core.shell:create_environment_hook('video_reader', 'cmake_prefix_path')
[5.550s] INFO:colcon.colcon_core.shell:Creating environment hook '/home/zjq/MY_CODE/detectArmor_ros/DetectArmor-ros-/install/video_reader/share/video_reader/hook/cmake_prefix_path.ps1'
[5.550s] INFO:colcon.colcon_core.shell:Creating environment descriptor '/home/zjq/MY_CODE/detectArmor_ros/DetectArmor-ros-/install/video_reader/share/video_reader/hook/cmake_prefix_path.dsv'
[5.550s] INFO:colcon.colcon_core.shell:Creating environment hook '/home/zjq/MY_CODE/detectArmor_ros/DetectArmor-ros-/install/video_reader/share/video_reader/hook/cmake_prefix_path.sh'
[5.551s] Level 1:colcon.colcon_core.environment:checking '/home/zjq/MY_CODE/detectArmor_ros/DetectArmor-ros-/install/video_reader/lib'
[5.551s] Level 1:colcon.colcon_core.environment:checking '/home/zjq/MY_CODE/detectArmor_ros/DetectArmor-ros-/install/video_reader/bin'
[5.551s] Level 1:colcon.colcon_core.environment:checking '/home/zjq/MY_CODE/detectArmor_ros/DetectArmor-ros-/install/video_reader/lib/pkgconfig/video_reader.pc'
[5.551s] Level 1:colcon.colcon_core.environment:checking '/home/zjq/MY_CODE/detectArmor_ros/DetectArmor-ros-/install/video_reader/lib/python3.10/site-packages'
[5.551s] Level 1:colcon.colcon_core.environment:checking '/home/zjq/MY_CODE/detectArmor_ros/DetectArmor-ros-/install/video_reader/bin'
[5.551s] INFO:colcon.colcon_core.shell:Creating package script '/home/zjq/MY_CODE/detectArmor_ros/DetectArmor-ros-/install/video_reader/share/video_reader/package.ps1'
[5.551s] INFO:colcon.colcon_core.shell:Creating package descriptor '/home/zjq/MY_CODE/detectArmor_ros/DetectArmor-ros-/install/video_reader/share/video_reader/package.dsv'
[5.552s] INFO:colcon.colcon_core.shell:Creating package script '/home/zjq/MY_CODE/detectArmor_ros/DetectArmor-ros-/install/video_reader/share/video_reader/package.sh'
[5.552s] INFO:colcon.colcon_core.shell:Creating package script '/home/zjq/MY_CODE/detectArmor_ros/DetectArmor-ros-/install/video_reader/share/video_reader/package.bash'
[5.552s] INFO:colcon.colcon_core.shell:Creating package script '/home/zjq/MY_CODE/detectArmor_ros/DetectArmor-ros-/install/video_reader/share/video_reader/package.zsh'
[5.552s] Level 1:colcon.colcon_core.environment:create_file_with_runtime_dependencies(/home/zjq/MY_CODE/detectArmor_ros/DetectArmor-ros-/install/video_reader/share/colcon-core/packages/video_reader)
[5.553s] Level 1:colcon.colcon_core.environment:create_environment_scripts_only(video_reader)
[5.553s] Level 1:colcon.colcon_core.environment:checking '/home/zjq/MY_CODE/detectArmor_ros/DetectArmor-ros-/install/video_reader' for CMake module files
[5.553s] Level 1:colcon.colcon_core.environment:checking '/home/zjq/MY_CODE/detectArmor_ros/DetectArmor-ros-/install/video_reader' for CMake config files
[5.553s] Level 1:colcon.colcon_core.shell:create_environment_hook('video_reader', 'cmake_prefix_path')
[5.553s] INFO:colcon.colcon_core.shell:Creating environment hook '/home/zjq/MY_CODE/detectArmor_ros/DetectArmor-ros-/install/video_reader/share/video_reader/hook/cmake_prefix_path.ps1'
[5.553s] INFO:colcon.colcon_core.shell:Creating environment descriptor '/home/zjq/MY_CODE/detectArmor_ros/DetectArmor-ros-/install/video_reader/share/video_reader/hook/cmake_prefix_path.dsv'
[5.554s] INFO:colcon.colcon_core.shell:Creating environment hook '/home/zjq/MY_CODE/detectArmor_ros/DetectArmor-ros-/install/video_reader/share/video_reader/hook/cmake_prefix_path.sh'
[5.554s] Level 1:colcon.colcon_core.environment:checking '/home/zjq/MY_CODE/detectArmor_ros/DetectArmor-ros-/install/video_reader/lib'
[5.554s] Level 1:colcon.colcon_core.environment:checking '/home/zjq/MY_CODE/detectArmor_ros/DetectArmor-ros-/install/video_reader/bin'
[5.554s] Level 1:colcon.colcon_core.environment:checking '/home/zjq/MY_CODE/detectArmor_ros/DetectArmor-ros-/install/video_reader/lib/pkgconfig/video_reader.pc'
[5.554s] Level 1:colcon.colcon_core.environment:checking '/home/zjq/MY_CODE/detectArmor_ros/DetectArmor-ros-/install/video_reader/lib/python3.10/site-packages'
[5.554s] Level 1:colcon.colcon_core.environment:checking '/home/zjq/MY_CODE/detectArmor_ros/DetectArmor-ros-/install/video_reader/bin'
[5.555s] INFO:colcon.colcon_core.shell:Creating package script '/home/zjq/MY_CODE/detectArmor_ros/DetectArmor-ros-/install/video_reader/share/video_reader/package.ps1'
[5.555s] INFO:colcon.colcon_core.shell:Creating package descriptor '/home/zjq/MY_CODE/detectArmor_ros/DetectArmor-ros-/install/video_reader/share/video_reader/package.dsv'
[5.555s] INFO:colcon.colcon_core.shell:Creating package script '/home/zjq/MY_CODE/detectArmor_ros/DetectArmor-ros-/install/video_reader/share/video_reader/package.sh'
[5.555s] INFO:colcon.colcon_core.shell:Creating package script '/home/zjq/MY_CODE/detectArmor_ros/DetectArmor-ros-/install/video_reader/share/video_reader/package.bash'
[5.556s] INFO:colcon.colcon_core.shell:Creating package script '/home/zjq/MY_CODE/detectArmor_ros/DetectArmor-ros-/install/video_reader/share/video_reader/package.zsh'
[5.556s] Level 1:colcon.colcon_core.environment:create_file_with_runtime_dependencies(/home/zjq/MY_CODE/detectArmor_ros/DetectArmor-ros-/install/video_reader/share/colcon-core/packages/video_reader)
[7.786s] DEBUG:colcon.colcon_core.event_handler.log_command:Invoked command in '/home/zjq/MY_CODE/detectArmor_ros/DetectArmor-ros-/build/image_subscriber' returned '0': CMAKE_PREFIX_PATH=${CMAKE_PREFIX_PATH}:/opt/ros/humble /usr/bin/cmake --build /home/zjq/MY_CODE/detectArmor_ros/DetectArmor-ros-/build/image_subscriber -- -j22 -l22
[7.788s] DEBUG:colcon.colcon_core.event_handler.log_command:Invoking command in '/home/zjq/MY_CODE/detectArmor_ros/DetectArmor-ros-/build/image_subscriber': CMAKE_PREFIX_PATH=${CMAKE_PREFIX_PATH}:/opt/ros/humble /usr/bin/cmake --install /home/zjq/MY_CODE/detectArmor_ros/DetectArmor-ros-/build/image_subscriber
[7.797s] Level 1:colcon.colcon_core.environment:create_environment_scripts_only(image_subscriber)
[7.797s] Level 1:colcon.colcon_core.environment:checking '/home/zjq/MY_CODE/detectArmor_ros/DetectArmor-ros-/install/image_subscriber' for CMake module files
[7.798s] DEBUG:colcon.colcon_core.event_handler.log_command:Invoked command in '/home/zjq/MY_CODE/detectArmor_ros/DetectArmor-ros-/build/image_subscriber' returned '0': CMAKE_PREFIX_PATH=${CMAKE_PREFIX_PATH}:/opt/ros/humble /usr/bin/cmake --install /home/zjq/MY_CODE/detectArmor_ros/DetectArmor-ros-/build/image_subscriber
[7.798s] Level 1:colcon.colcon_core.environment:checking '/home/zjq/MY_CODE/detectArmor_ros/DetectArmor-ros-/install/image_subscriber' for CMake config files
[7.799s] Level 1:colcon.colcon_core.shell:create_environment_hook('image_subscriber', 'cmake_prefix_path')
[7.799s] INFO:colcon.colcon_core.shell:Creating environment hook '/home/zjq/MY_CODE/detectArmor_ros/DetectArmor-ros-/install/image_subscriber/share/image_subscriber/hook/cmake_prefix_path.ps1'
[7.799s] INFO:colcon.colcon_core.shell:Creating environment descriptor '/home/zjq/MY_CODE/detectArmor_ros/DetectArmor-ros-/install/image_subscriber/share/image_subscriber/hook/cmake_prefix_path.dsv'
[7.800s] INFO:colcon.colcon_core.shell:Creating environment hook '/home/zjq/MY_CODE/detectArmor_ros/DetectArmor-ros-/install/image_subscriber/share/image_subscriber/hook/cmake_prefix_path.sh'
[7.800s] Level 1:colcon.colcon_core.environment:checking '/home/zjq/MY_CODE/detectArmor_ros/DetectArmor-ros-/install/image_subscriber/lib'
[7.801s] Level 1:colcon.colcon_core.environment:checking '/home/zjq/MY_CODE/detectArmor_ros/DetectArmor-ros-/install/image_subscriber/bin'
[7.801s] Level 1:colcon.colcon_core.environment:checking '/home/zjq/MY_CODE/detectArmor_ros/DetectArmor-ros-/install/image_subscriber/lib/pkgconfig/image_subscriber.pc'
[7.801s] Level 1:colcon.colcon_core.environment:checking '/home/zjq/MY_CODE/detectArmor_ros/DetectArmor-ros-/install/image_subscriber/lib/python3.10/site-packages'
[7.801s] Level 1:colcon.colcon_core.environment:checking '/home/zjq/MY_CODE/detectArmor_ros/DetectArmor-ros-/install/image_subscriber/bin'
[7.802s] INFO:colcon.colcon_core.shell:Creating package script '/home/zjq/MY_CODE/detectArmor_ros/DetectArmor-ros-/install/image_subscriber/share/image_subscriber/package.ps1'
[7.802s] INFO:colcon.colcon_core.shell:Creating package descriptor '/home/zjq/MY_CODE/detectArmor_ros/DetectArmor-ros-/install/image_subscriber/share/image_subscriber/package.dsv'
[7.803s] INFO:colcon.colcon_core.shell:Creating package script '/home/zjq/MY_CODE/detectArmor_ros/DetectArmor-ros-/install/image_subscriber/share/image_subscriber/package.sh'
[7.803s] INFO:colcon.colcon_core.shell:Creating package script '/home/zjq/MY_CODE/detectArmor_ros/DetectArmor-ros-/install/image_subscriber/share/image_subscriber/package.bash'
[7.803s] INFO:colcon.colcon_core.shell:Creating package script '/home/zjq/MY_CODE/detectArmor_ros/DetectArmor-ros-/install/image_subscriber/share/image_subscriber/package.zsh'
[7.804s] Level 1:colcon.colcon_core.environment:create_file_with_runtime_dependencies(/home/zjq/MY_CODE/detectArmor_ros/DetectArmor-ros-/install/image_subscriber/share/colcon-core/packages/image_subscriber)
[7.804s] Level 1:colcon.colcon_core.environment:create_environment_scripts_only(image_subscriber)
[7.805s] Level 1:colcon.colcon_core.environment:checking '/home/zjq/MY_CODE/detectArmor_ros/DetectArmor-ros-/install/image_subscriber' for CMake module files
[7.805s] Level 1:colcon.colcon_core.environment:checking '/home/zjq/MY_CODE/detectArmor_ros/DetectArmor-ros-/install/image_subscriber' for CMake config files
[7.806s] Level 1:colcon.colcon_core.shell:create_environment_hook('image_subscriber', 'cmake_prefix_path')
[7.806s] INFO:colcon.colcon_core.shell:Creating environment hook '/home/zjq/MY_CODE/detectArmor_ros/DetectArmor-ros-/install/image_subscriber/share/image_subscriber/hook/cmake_prefix_path.ps1'
[7.806s] INFO:colcon.colcon_core.shell:Creating environment descriptor '/home/zjq/MY_CODE/detectArmor_ros/DetectArmor-ros-/install/image_subscriber/share/image_subscriber/hook/cmake_prefix_path.dsv'
[7.807s] INFO:colcon.colcon_core.shell:Creating environment hook '/home/zjq/MY_CODE/detectArmor_ros/DetectArmor-ros-/install/image_subscriber/share/image_subscriber/hook/cmake_prefix_path.sh'
[7.807s] Level 1:colcon.colcon_core.environment:checking '/home/zjq/MY_CODE/detectArmor_ros/DetectArmor-ros-/install/image_subscriber/lib'
[7.808s] Level 1:colcon.colcon_core.environment:checking '/home/zjq/MY_CODE/detectArmor_ros/DetectArmor-ros-/install/image_subscriber/bin'
[7.808s] Level 1:colcon.colcon_core.environment:checking '/home/zjq/MY_CODE/detectArmor_ros/DetectArmor-ros-/install/image_subscriber/lib/pkgconfig/image_subscriber.pc'
[7.808s] Level 1:colcon.colcon_core.environment:checking '/home/zjq/MY_CODE/detectArmor_ros/DetectArmor-ros-/install/image_subscriber/lib/python3.10/site-packages'
[7.808s] Level 1:colcon.colcon_core.environment:checking '/home/zjq/MY_CODE/detectArmor_ros/DetectArmor-ros-/install/image_subscriber/bin'
[7.808s] INFO:colcon.colcon_core.shell:Creating package script '/home/zjq/MY_CODE/detectArmor_ros/DetectArmor-ros-/install/image_subscriber/share/image_subscriber/package.ps1'
[7.809s] INFO:colcon.colcon_core.shell:Creating package descriptor '/home/zjq/MY_CODE/detectArmor_ros/DetectArmor-ros-/install/image_subscriber/share/image_subscriber/package.dsv'
[7.809s] INFO:colcon.colcon_core.shell:Creating package script '/home/zjq/MY_CODE/detectArmor_ros/DetectArmor-ros-/install/image_subscriber/share/image_subscriber/package.sh'
[7.810s] INFO:colcon.colcon_core.shell:Creating package script '/home/zjq/MY_CODE/detectArmor_ros/DetectArmor-ros-/install/image_subscriber/share/image_subscriber/package.bash'
[7.810s] INFO:colcon.colcon_core.shell:Creating package script '/home/zjq/MY_CODE/detectArmor_ros/DetectArmor-ros-/install/image_subscriber/share/image_subscriber/package.zsh'
[7.811s] Level 1:colcon.colcon_core.environment:create_file_with_runtime_dependencies(/home/zjq/MY_CODE/detectArmor_ros/DetectArmor-ros-/install/image_subscriber/share/colcon-core/packages/image_subscriber)
[16.134s] DEBUG:colcon.colcon_core.event_handler.log_command:Invoked command in '/home/zjq/MY_CODE/detectArmor_ros/DetectArmor-ros-/build/armor_detect' returned '0': CMAKE_PREFIX_PATH=/home/zjq/MY_CODE/detectArmor_ros/DetectArmor-ros-/install/hik_camera:/home/zjq/MY_CODE/detectArmor_ros/DetectArmor-ros-/install/armor_interfaces:/home/zjq/MY_CODE/detectArmor_ros/DetectArmor-ros-/install/video_reader:/home/zjq/MY_CODE/detectArmor_ros/DetectArmor-ros-/install/image_subscriber:/home/zjq/MY_CODE/detectArmor_ros/DetectArmor-ros-/install/armor_detect:/home/zjq/MY_CODE/detectArmor_ros/DetectArmor-ros-/install/armor_tracker:/opt/ros/humble LD_LIBRARY_PATH=/home/zjq/MY_CODE/detectArmor_ros/DetectArmor-ros-/install/hik_camera/lib:/home/zjq/MY_CODE/detectArmor_ros/DetectArmor-ros-/install/armor_interfaces/lib:/home/zjq/MY_CODE/detectArmor_ros/DetectArmor-ros-/install/armor_detect/lib:/home/zjq/MY_CODE/detectArmor_ros/DetectArmor-ros-/install/armor_tracker/lib:/opt/MVS/lib/64:/opt/MVS/lib/32:/opt/MVS/lib/64:/opt/MVS/lib/32:/opt/MVS/lib/64:/opt/MVS/lib/32:/opt/ros/humble/opt/rviz_ogre_vendor/lib:/opt/ros/humble/lib/x86_64-linux-gnu:/opt/ros/humble/lib:/opt/MVS/lib/64:/opt/MVS/lib/32:/opt/MVS/lib/64:/opt/MVS/lib/32:/opt/MVS/lib/64:/opt/MVS/lib/32 /usr/bin/cmake --build /home/zjq/MY_CODE/detectArmor_ros/DetectArmor-ros-/build/armor_detect -- -j22 -l22
[16.135s] DEBUG:colcon.colcon_core.event_handler.log_command:Invoking command in '/home/zjq/MY_CODE/detectArmor_ros/DetectArmor-ros-/build/armor_detect': CMAKE_PREFIX_PATH=/home/zjq/MY_CODE/detectArmor_ros/DetectArmor-ros-/install/hik_camera:/home/zjq/MY_CODE/detectArmor_ros/DetectArmor-ros-/install/armor_interfaces:/home/zjq/MY_CODE/detectArmor_ros/DetectArmor-ros-/install/video_reader:/home/zjq/MY_CODE/detectArmor_ros/DetectArmor-ros-/install/image_subscriber:/home/zjq/MY_CODE/detectArmor_ros/DetectArmor-ros-/install/armor_detect:/home/zjq/MY_CODE/detectArmor_ros/DetectArmor-ros-/install/armor_tracker:/opt/ros/humble LD_LIBRARY_PATH=/home/zjq/MY_CODE/detectArmor_ros/DetectArmor-ros-/install/hik_camera/lib:/home/zjq/MY_CODE/detectArmor_ros/DetectArmor-ros-/install/armor_interfaces/lib:/home/zjq/MY_CODE/detectArmor_ros/DetectArmor-ros-/install/armor_detect/lib:/home/zjq/MY_CODE/detectArmor_ros/DetectArmor-ros-/install/armor_tracker/lib:/opt/MVS/lib/64:/opt/MVS/lib/32:/opt/MVS/lib/64:/opt/MVS/lib/32:/opt/MVS/lib/64:/opt/MVS/lib/32:/opt/ros/humble/opt/rviz_ogre_vendor/lib:/opt/ros/humble/lib/x86_64-linux-gnu:/opt/ros/humble/lib:/opt/MVS/lib/64:/opt/MVS/lib/32:/opt/MVS/lib/64:/opt/MVS/lib/32:/opt/MVS/lib/64:/opt/MVS/lib/32 /usr/bin/cmake --install /home/zjq/MY_CODE/detectArmor_ros/DetectArmor-ros-/build/armor_detect
[16.145s] Level 1:colcon.colcon_core.environment:create_environment_scripts_only(armor_detect)
[16.145s] Level 1:colcon.colcon_core.environment:checking '/home/zjq/MY_CODE/detectArmor_ros/DetectArmor-ros-/install/armor_detect' for CMake module files
[16.146s] DEBUG:colcon.colcon_core.event_handler.log_command:Invoked command in '/home/zjq/MY_CODE/detectArmor_ros/DetectArmor-ros-/build/armor_detect' returned '0': CMAKE_PREFIX_PATH=/home/zjq/MY_CODE/detectArmor_ros/DetectArmor-ros-/install/hik_camera:/home/zjq/MY_CODE/detectArmor_ros/DetectArmor-ros-/install/armor_interfaces:/home/zjq/MY_CODE/detectArmor_ros/DetectArmor-ros-/install/video_reader:/home/zjq/MY_CODE/detectArmor_ros/DetectArmor-ros-/install/image_subscriber:/home/zjq/MY_CODE/detectArmor_ros/DetectArmor-ros-/install/armor_detect:/home/zjq/MY_CODE/detectArmor_ros/DetectArmor-ros-/install/armor_tracker:/opt/ros/humble LD_LIBRARY_PATH=/home/zjq/MY_CODE/detectArmor_ros/DetectArmor-ros-/install/hik_camera/lib:/home/zjq/MY_CODE/detectArmor_ros/DetectArmor-ros-/install/armor_interfaces/lib:/home/zjq/MY_CODE/detectArmor_ros/DetectArmor-ros-/install/armor_detect/lib:/home/zjq/MY_CODE/detectArmor_ros/DetectArmor-ros-/install/armor_tracker/lib:/opt/MVS/lib/64:/opt/MVS/lib/32:/opt/MVS/lib/64:/opt/MVS/lib/32:/opt/MVS/lib/64:/opt/MVS/lib/32:/opt/ros/humble/opt/rviz_ogre_vendor/lib:/opt/ros/humble/lib/x86_64-linux-gnu:/opt/ros/humble/lib:/opt/MVS/lib/64:/opt/MVS/lib/32:/opt/MVS/lib/64:/opt/MVS/lib/32:/opt/MVS/lib/64:/opt/MVS/lib/32 /usr/bin/cmake --install /home/zjq/MY_CODE/detectArmor_ros/DetectArmor-ros-/build/armor_detect
[16.146s] Level 1:colcon.colcon_core.environment:checking '/home/zjq/MY_CODE/detectArmor_ros/DetectArmor-ros-/install/armor_detect' for CMake config files
[16.146s] Level 1:colcon.colcon_core.shell:create_environment_hook('armor_detect', 'cmake_prefix_path')
[16.146s] INFO:colcon.colcon_core.shell:Creating environment hook '/home/zjq/MY_CODE/detectArmor_ros/DetectArmor-ros-/install/armor_detect/share/armor_detect/hook/cmake_prefix_path.ps1'
[16.146s] INFO:colcon.colcon_core.shell:Creating environment descriptor '/home/zjq/MY_CODE/detectArmor_ros/DetectArmor-ros-/install/armor_detect/share/armor_detect/hook/cmake_prefix_path.dsv'
[16.146s] INFO:colcon.colcon_core.shell:Creating environment hook '/home/zjq/MY_CODE/detectArmor_ros/DetectArmor-ros-/install/armor_detect/share/armor_detect/hook/cmake_prefix_path.sh'
[16.147s] Level 1:colcon.colcon_core.environment:checking '/home/zjq/MY_CODE/detectArmor_ros/DetectArmor-ros-/install/armor_detect/lib'
[16.147s] Level 1:colcon.colcon_core.shell:create_environment_hook('armor_detect', 'ld_library_path_lib')
[16.147s] INFO:colcon.colcon_core.shell:Creating environment hook '/home/zjq/MY_CODE/detectArmor_ros/DetectArmor-ros-/install/armor_detect/share/armor_detect/hook/ld_library_path_lib.ps1'
[16.147s] INFO:colcon.colcon_core.shell:Creating environment descriptor '/home/zjq/MY_CODE/detectArmor_ros/DetectArmor-ros-/install/armor_detect/share/armor_detect/hook/ld_library_path_lib.dsv'
[16.147s] INFO:colcon.colcon_core.shell:Creating environment hook '/home/zjq/MY_CODE/detectArmor_ros/DetectArmor-ros-/install/armor_detect/share/armor_detect/hook/ld_library_path_lib.sh'
[16.147s] Level 1:colcon.colcon_core.environment:checking '/home/zjq/MY_CODE/detectArmor_ros/DetectArmor-ros-/install/armor_detect/bin'
[16.147s] Level 1:colcon.colcon_core.environment:checking '/home/zjq/MY_CODE/detectArmor_ros/DetectArmor-ros-/install/armor_detect/lib/pkgconfig/armor_detect.pc'
[16.148s] Level 1:colcon.colcon_core.environment:checking '/home/zjq/MY_CODE/detectArmor_ros/DetectArmor-ros-/install/armor_detect/lib/python3.10/site-packages'
[16.148s] Level 1:colcon.colcon_core.environment:checking '/home/zjq/MY_CODE/detectArmor_ros/DetectArmor-ros-/install/armor_detect/bin'
[16.148s] INFO:colcon.colcon_core.shell:Creating package script '/home/zjq/MY_CODE/detectArmor_ros/DetectArmor-ros-/install/armor_detect/share/armor_detect/package.ps1'
[16.148s] INFO:colcon.colcon_core.shell:Creating package descriptor '/home/zjq/MY_CODE/detectArmor_ros/DetectArmor-ros-/install/armor_detect/share/armor_detect/package.dsv'
[16.148s] INFO:colcon.colcon_core.shell:Creating package script '/home/zjq/MY_CODE/detectArmor_ros/DetectArmor-ros-/install/armor_detect/share/armor_detect/package.sh'
[16.149s] INFO:colcon.colcon_core.shell:Creating package script '/home/zjq/MY_CODE/detectArmor_ros/DetectArmor-ros-/install/armor_detect/share/armor_detect/package.bash'
[16.149s] INFO:colcon.colcon_core.shell:Creating package script '/home/zjq/MY_CODE/detectArmor_ros/DetectArmor-ros-/install/armor_detect/share/armor_detect/package.zsh'
[16.149s] Level 1:colcon.colcon_core.environment:create_file_with_runtime_dependencies(/home/zjq/MY_CODE/detectArmor_ros/DetectArmor-ros-/install/armor_detect/share/colcon-core/packages/armor_detect)
[16.149s] Level 1:colcon.colcon_core.environment:create_environment_scripts_only(armor_detect)
[16.149s] Level 1:colcon.colcon_core.environment:checking '/home/zjq/MY_CODE/detectArmor_ros/DetectArmor-ros-/install/armor_detect' for CMake module files
[16.150s] Level 1:colcon.colcon_core.environment:checking '/home/zjq/MY_CODE/detectArmor_ros/DetectArmor-ros-/install/armor_detect' for CMake config files
[16.150s] Level 1:colcon.colcon_core.shell:create_environment_hook('armor_detect', 'cmake_prefix_path')
[16.150s] INFO:colcon.colcon_core.shell:Creating environment hook '/home/zjq/MY_CODE/detectArmor_ros/DetectArmor-ros-/install/armor_detect/share/armor_detect/hook/cmake_prefix_path.ps1'
[16.150s] INFO:colcon.colcon_core.shell:Creating environment descriptor '/home/zjq/MY_CODE/detectArmor_ros/DetectArmor-ros-/install/armor_detect/share/armor_detect/hook/cmake_prefix_path.dsv'
[16.150s] INFO:colcon.colcon_core.shell:Creating environment hook '/home/zjq/MY_CODE/detectArmor_ros/DetectArmor-ros-/install/armor_detect/share/armor_detect/hook/cmake_prefix_path.sh'
[16.150s] Level 1:colcon.colcon_core.environment:checking '/home/zjq/MY_CODE/detectArmor_ros/DetectArmor-ros-/install/armor_detect/lib'
[16.151s] Level 1:colcon.colcon_core.shell:create_environment_hook('armor_detect', 'ld_library_path_lib')
[16.151s] INFO:colcon.colcon_core.shell:Creating environment hook '/home/zjq/MY_CODE/detectArmor_ros/DetectArmor-ros-/install/armor_detect/share/armor_detect/hook/ld_library_path_lib.ps1'
[16.151s] INFO:colcon.colcon_core.shell:Creating environment descriptor '/home/zjq/MY_CODE/detectArmor_ros/DetectArmor-ros-/install/armor_detect/share/armor_detect/hook/ld_library_path_lib.dsv'
[16.151s] INFO:colcon.colcon_core.shell:Creating environment hook '/home/zjq/MY_CODE/detectArmor_ros/DetectArmor-ros-/install/armor_detect/share/armor_detect/hook/ld_library_path_lib.sh'
[16.151s] Level 1:colcon.colcon_core.environment:checking '/home/zjq/MY_CODE/detectArmor_ros/DetectArmor-ros-/install/armor_detect/bin'
[16.151s] Level 1:colcon.colcon_core.environment:checking '/home/zjq/MY_CODE/detectArmor_ros/DetectArmor-ros-/install/armor_detect/lib/pkgconfig/armor_detect.pc'
[16.151s] Level 1:colcon.colcon_core.environment:checking '/home/zjq/MY_CODE/detectArmor_ros/DetectArmor-ros-/install/armor_detect/lib/python3.10/site-packages'
[16.151s] Level 1:colcon.colcon_core.environment:checking '/home/zjq/MY_CODE/detectArmor_ros/DetectArmor-ros-/install/armor_detect/bin'
[16.152s] INFO:colcon.colcon_core.shell:Creating package script '/home/zjq/MY_CODE/detectArmor_ros/DetectArmor-ros-/install/armor_detect/share/armor_detect/package.ps1'
[16.152s] INFO:colcon.colcon_core.shell:Creating package descriptor '/home/zjq/MY_CODE/detectArmor_ros/DetectArmor-ros-/install/armor_detect/share/armor_detect/package.dsv'
[16.153s] INFO:colcon.colcon_core.shell:Creating package script '/home/zjq/MY_CODE/detectArmor_ros/DetectArmor-ros-/install/armor_detect/share/armor_detect/package.sh'
[16.153s] INFO:colcon.colcon_core.shell:Creating package script '/home/zjq/MY_CODE/detectArmor_ros/DetectArmor-ros-/install/armor_detect/share/armor_detect/package.bash'
[16.153s] INFO:colcon.colcon_core.shell:Creating package script '/home/zjq/MY_CODE/detectArmor_ros/DetectArmor-ros-/install/armor_detect/share/armor_detect/package.zsh'
[16.153s] Level 1:colcon.colcon_core.environment:create_file_with_runtime_dependencies(/home/zjq/MY_CODE/detectArmor_ros/DetectArmor-ros-/install/armor_detect/share/colcon-core/packages/armor_detect)
[17.440s] DEBUG:colcon.colcon_core.event_handler.log_command:Invoked command in '/home/zjq/MY_CODE/detectArmor_ros/DetectArmor-ros-/build/armor_tracker' returned '0': CMAKE_PREFIX_PATH=/home/zjq/MY_CODE/detectArmor_ros/DetectArmor-ros-/install/armor_interfaces:/home/zjq/MY_CODE/detectArmor_ros/DetectArmor-ros-/install/video_reader:/home/zjq/MY_CODE/detectArmor_ros/DetectArmor-ros-/install/image_subscriber:/home/zjq/MY_CODE/detectArmor_ros/DetectArmor-ros-/install/armor_detect:/home/zjq/MY_CODE/detectArmor_ros/DetectArmor-ros-/install/hik_camera:/home/zjq/MY_CODE/detectArmor_ros/DetectArmor-ros-/install/armor_tracker:/opt/ros/humble LD_LIBRARY_PATH=/home/zjq/MY_CODE/detectArmor_ros/DetectArmor-ros-/install/armor_interfaces/lib:/home/zjq/MY_CODE/detectArmor_ros/DetectArmor-ros-/install/armor_detect/lib:/home/zjq/MY_CODE/detectArmor_ros/DetectArmor-ros-/install/hik_camera/lib:/home/zjq/MY_CODE/detectArmor_ros/DetectArmor-ros-/install/armor_tracker/lib:/opt/MVS/lib/64:/opt/MVS/lib/32:/opt/MVS/lib/64:/opt/MVS/lib/32:/opt/MVS/lib/64:/opt/MVS/lib/32:/opt/ros/humble/opt/rviz_ogre_vendor/lib:/opt/ros/humble/lib/x86_64-linux-gnu:/opt/ros/humble/lib:/opt/MVS/lib/64:/opt/MVS/lib/32:/opt/MVS/lib/64:/opt/MVS/lib/32:/opt/MVS/lib/64:/opt/MVS/lib/32 /usr/bin/cmake --build /home/zjq/MY_CODE/detectArmor_ros/DetectArmor-ros-/build/armor_tracker -- -j22 -l22
[17.442s] DEBUG:colcon.colcon_core.event_handler.log_command:Invoking command in '/home/zjq/MY_CODE/detectArmor_ros/DetectArmor-ros-/build/armor_tracker': CMAKE_PREFIX_PATH=/home/zjq/MY_CODE/detectArmor_ros/DetectArmor-ros-/install/armor_interfaces:/home/zjq/MY_CODE/detectArmor_ros/DetectArmor-ros-/install/video_reader:/home/zjq/MY_CODE/detectArmor_ros/DetectArmor-ros-/install/image_subscriber:/home/zjq/MY_CODE/detectArmor_ros/DetectArmor-ros-/install/armor_detect:/home/zjq/MY_CODE/detectArmor_ros/DetectArmor-ros-/install/hik_camera:/home/zjq/MY_CODE/detectArmor_ros/DetectArmor-ros-/install/armor_tracker:/opt/ros/humble LD_LIBRARY_PATH=/home/zjq/MY_CODE/detectArmor_ros/DetectArmor-ros-/install/armor_interfaces/lib:/home/zjq/MY_CODE/detectArmor_ros/DetectArmor-ros-/install/armor_detect/lib:/home/zjq/MY_CODE/detectArmor_ros/DetectArmor-ros-/install/hik_camera/lib:/home/zjq/MY_CODE/detectArmor_ros/DetectArmor-ros-/install/armor_tracker/lib:/opt/MVS/lib/64:/opt/MVS/lib/32:/opt/MVS/lib/64:/opt/MVS/lib/32:/opt/MVS/lib/64:/opt/MVS/lib/32:/opt/ros/humble/opt/rviz_ogre_vendor/lib:/opt/ros/humble/lib/x86_64-linux-gnu:/opt/ros/humble/lib:/opt/MVS/lib/64:/opt/MVS/lib/32:/opt/MVS/lib/64:/opt/MVS/lib/32:/opt/MVS/lib/64:/opt/MVS/lib/32 /usr/bin/cmake --install /home/zjq/MY_CODE/detectArmor_ros/DetectArmor-ros-/build/armor_tracker
[17.453s] Level 1:colcon.colcon_core.environment:create_environment_scripts_only(armor_tracker)
[17.454s] Level 1:colcon.colcon_core.environment:checking '/home/zjq/MY_CODE/detectArmor_ros/DetectArmor-ros-/install/armor_tracker' for CMake module files
[17.454s] DEBUG:colcon.colcon_core.event_handler.log_command:Invoked command in '/home/zjq/MY_CODE/detectArmor_ros/DetectArmor-ros-/build/armor_tracker' returned '0': CMAKE_PREFIX_PATH=/home/zjq/MY_CODE/detectArmor_ros/DetectArmor-ros-/install/armor_interfaces:/home/zjq/MY_CODE/detectArmor_ros/DetectArmor-ros-/install/video_reader:/home/zjq/MY_CODE/detectArmor_ros/DetectArmor-ros-/install/image_subscriber:/home/zjq/MY_CODE/detectArmor_ros/DetectArmor-ros-/install/armor_detect:/home/zjq/MY_CODE/detectArmor_ros/DetectArmor-ros-/install/hik_camera:/home/zjq/MY_CODE/detectArmor_ros/DetectArmor-ros-/install/armor_tracker:/opt/ros/humble LD_LIBRARY_PATH=/home/zjq/MY_CODE/detectArmor_ros/DetectArmor-ros-/install/armor_interfaces/lib:/home/zjq/MY_CODE/detectArmor_ros/DetectArmor-ros-/install/armor_detect/lib:/home/zjq/MY_CODE/detectArmor_ros/DetectArmor-ros-/install/hik_camera/lib:/home/zjq/MY_CODE/detectArmor_ros/DetectArmor-ros-/install/armor_tracker/lib:/opt/MVS/lib/64:/opt/MVS/lib/32:/opt/MVS/lib/64:/opt/MVS/lib/32:/opt/MVS/lib/64:/opt/MVS/lib/32:/opt/ros/humble/opt/rviz_ogre_vendor/lib:/opt/ros/humble/lib/x86_64-linux-gnu:/opt/ros/humble/lib:/opt/MVS/lib/64:/opt/MVS/lib/32:/opt/MVS/lib/64:/opt/MVS/lib/32:/opt/MVS/lib/64:/opt/MVS/lib/32 /usr/bin/cmake --install /home/zjq/MY_CODE/detectArmor_ros/DetectArmor-ros-/build/armor_tracker
[17.454s] Level 1:colcon.colcon_core.environment:checking '/home/zjq/MY_CODE/detectArmor_ros/DetectArmor-ros-/install/armor_tracker' for CMake config files
[17.454s] Level 1:colcon.colcon_core.shell:create_environment_hook('armor_tracker', 'cmake_prefix_path')
[17.454s] INFO:colcon.colcon_core.shell:Creating environment hook '/home/zjq/MY_CODE/detectArmor_ros/DetectArmor-ros-/install/armor_tracker/share/armor_tracker/hook/cmake_prefix_path.ps1'
[17.455s] INFO:colcon.colcon_core.shell:Creating environment descriptor '/home/zjq/MY_CODE/detectArmor_ros/DetectArmor-ros-/install/armor_tracker/share/armor_tracker/hook/cmake_prefix_path.dsv'
[17.455s] INFO:colcon.colcon_core.shell:Creating environment hook '/home/zjq/MY_CODE/detectArmor_ros/DetectArmor-ros-/install/armor_tracker/share/armor_tracker/hook/cmake_prefix_path.sh'
[17.456s] Level 1:colcon.colcon_core.environment:checking '/home/zjq/MY_CODE/detectArmor_ros/DetectArmor-ros-/install/armor_tracker/lib'
[17.456s] Level 1:colcon.colcon_core.shell:create_environment_hook('armor_tracker', 'ld_library_path_lib')
[17.457s] INFO:colcon.colcon_core.shell:Creating environment hook '/home/zjq/MY_CODE/detectArmor_ros/DetectArmor-ros-/install/armor_tracker/share/armor_tracker/hook/ld_library_path_lib.ps1'
[17.457s] INFO:colcon.colcon_core.shell:Creating environment descriptor '/home/zjq/MY_CODE/detectArmor_ros/DetectArmor-ros-/install/armor_tracker/share/armor_tracker/hook/ld_library_path_lib.dsv'
[17.458s] INFO:colcon.colcon_core.shell:Creating environment hook '/home/zjq/MY_CODE/detectArmor_ros/DetectArmor-ros-/install/armor_tracker/share/armor_tracker/hook/ld_library_path_lib.sh'
[17.458s] Level 1:colcon.colcon_core.environment:checking '/home/zjq/MY_CODE/detectArmor_ros/DetectArmor-ros-/install/armor_tracker/bin'
[17.458s] Level 1:colcon.colcon_core.environment:checking '/home/zjq/MY_CODE/detectArmor_ros/DetectArmor-ros-/install/armor_tracker/lib/pkgconfig/armor_tracker.pc'
[17.458s] Level 1:colcon.colcon_core.environment:checking '/home/zjq/MY_CODE/detectArmor_ros/DetectArmor-ros-/install/armor_tracker/lib/python3.10/site-packages'
[17.458s] Level 1:colcon.colcon_core.environment:checking '/home/zjq/MY_CODE/detectArmor_ros/DetectArmor-ros-/install/armor_tracker/bin'
[17.458s] INFO:colcon.colcon_core.shell:Creating package script '/home/zjq/MY_CODE/detectArmor_ros/DetectArmor-ros-/install/armor_tracker/share/armor_tracker/package.ps1'
[17.459s] INFO:colcon.colcon_core.shell:Creating package descriptor '/home/zjq/MY_CODE/detectArmor_ros/DetectArmor-ros-/install/armor_tracker/share/armor_tracker/package.dsv'
[17.459s] INFO:colcon.colcon_core.shell:Creating package script '/home/zjq/MY_CODE/detectArmor_ros/DetectArmor-ros-/install/armor_tracker/share/armor_tracker/package.sh'
[17.459s] INFO:colcon.colcon_core.shell:Creating package script '/home/zjq/MY_CODE/detectArmor_ros/DetectArmor-ros-/install/armor_tracker/share/armor_tracker/package.bash'
[17.459s] INFO:colcon.colcon_core.shell:Creating package script '/home/zjq/MY_CODE/detectArmor_ros/DetectArmor-ros-/install/armor_tracker/share/armor_tracker/package.zsh'
[17.459s] Level 1:colcon.colcon_core.environment:create_file_with_runtime_dependencies(/home/zjq/MY_CODE/detectArmor_ros/DetectArmor-ros-/install/armor_tracker/share/colcon-core/packages/armor_tracker)
[17.460s] Level 1:colcon.colcon_core.environment:create_environment_scripts_only(armor_tracker)
[17.460s] Level 1:colcon.colcon_core.environment:checking '/home/zjq/MY_CODE/detectArmor_ros/DetectArmor-ros-/install/armor_tracker' for CMake module files
[17.460s] Level 1:colcon.colcon_core.environment:checking '/home/zjq/MY_CODE/detectArmor_ros/DetectArmor-ros-/install/armor_tracker' for CMake config files
[17.460s] Level 1:colcon.colcon_core.shell:create_environment_hook('armor_tracker', 'cmake_prefix_path')
[17.460s] INFO:colcon.colcon_core.shell:Creating environment hook '/home/zjq/MY_CODE/detectArmor_ros/DetectArmor-ros-/install/armor_tracker/share/armor_tracker/hook/cmake_prefix_path.ps1'
[17.461s] INFO:colcon.colcon_core.shell:Creating environment descriptor '/home/zjq/MY_CODE/detectArmor_ros/DetectArmor-ros-/install/armor_tracker/share/armor_tracker/hook/cmake_prefix_path.dsv'
[17.461s] INFO:colcon.colcon_core.shell:Creating environment hook '/home/zjq/MY_CODE/detectArmor_ros/DetectArmor-ros-/install/armor_tracker/share/armor_tracker/hook/cmake_prefix_path.sh'
[17.461s] Level 1:colcon.colcon_core.environment:checking '/home/zjq/MY_CODE/detectArmor_ros/DetectArmor-ros-/install/armor_tracker/lib'
[17.461s] Level 1:colcon.colcon_core.shell:create_environment_hook('armor_tracker', 'ld_library_path_lib')
[17.461s] INFO:colcon.colcon_core.shell:Creating environment hook '/home/zjq/MY_CODE/detectArmor_ros/DetectArmor-ros-/install/armor_tracker/share/armor_tracker/hook/ld_library_path_lib.ps1'
[17.461s] INFO:colcon.colcon_core.shell:Creating environment descriptor '/home/zjq/MY_CODE/detectArmor_ros/DetectArmor-ros-/install/armor_tracker/share/armor_tracker/hook/ld_library_path_lib.dsv'
[17.461s] INFO:colcon.colcon_core.shell:Creating environment hook '/home/zjq/MY_CODE/detectArmor_ros/DetectArmor-ros-/install/armor_tracker/share/armor_tracker/hook/ld_library_path_lib.sh'
[17.462s] Level 1:colcon.colcon_core.environment:checking '/home/zjq/MY_CODE/detectArmor_ros/DetectArmor-ros-/install/armor_tracker/bin'
[17.462s] Level 1:colcon.colcon_core.environment:checking '/home/zjq/MY_CODE/detectArmor_ros/DetectArmor-ros-/install/armor_tracker/lib/pkgconfig/armor_tracker.pc'
[17.462s] Level 1:colcon.colcon_core.environment:checking '/home/zjq/MY_CODE/detectArmor_ros/DetectArmor-ros-/install/armor_tracker/lib/python3.10/site-packages'
[17.462s] Level 1:colcon.colcon_core.environment:checking '/home/zjq/MY_CODE/detectArmor_ros/DetectArmor-ros-/install/armor_tracker/bin'
[17.462s] INFO:colcon.colcon_core.shell:Creating package script '/home/zjq/MY_CODE/detectArmor_ros/DetectArmor-ros-/install/armor_tracker/share/armor_tracker/package.ps1'
[17.462s] INFO:colcon.colcon_core.shell:Creating package descriptor '/home/zjq/MY_CODE/detectArmor_ros/DetectArmor-ros-/install/armor_tracker/share/armor_tracker/package.dsv'
[17.462s] INFO:colcon.colcon_core.shell:Creating package script '/home/zjq/MY_CODE/detectArmor_ros/DetectArmor-ros-/install/armor_tracker/share/armor_tracker/package.sh'
[17.463s] INFO:colcon.colcon_core.shell:Creating package script '/home/zjq/MY_CODE/detectArmor_ros/DetectArmor-ros-/install/armor_tracker/share/armor_tracker/package.bash'
[17.463s] INFO:colcon.colcon_core.shell:Creating package script '/home/zjq/MY_CODE/detectArmor_ros/DetectArmor-ros-/install/armor_tracker/share/armor_tracker/package.zsh'
[17.463s] Level 1:colcon.colcon_core.environment:create_file_with_runtime_dependencies(/home/zjq/MY_CODE/detectArmor_ros/DetectArmor-ros-/install/armor_tracker/share/colcon-core/packages/armor_tracker)
[17.463s] DEBUG:colcon.colcon_parallel_executor.executor.parallel:closing loop
[17.463s] DEBUG:colcon.colcon_parallel_executor.executor.parallel:loop closed
[17.463s] DEBUG:colcon.colcon_parallel_executor.executor.parallel:run_until_complete finished with '0'
[17.463s] DEBUG:colcon.colcon_core.event_reactor:joining thread
[17.467s] INFO:colcon.colcon_core.plugin_system:Skipping extension 'colcon_notification.desktop_notification.terminal_notifier': Not used on non-Darwin systems
[17.467s] INFO:colcon.colcon_core.plugin_system:Skipping extension 'colcon_notification.desktop_notification.win32': Not used on non-Windows systems
[17.467s] INFO:colcon.colcon_notification.desktop_notification:Sending desktop notification using 'notify2'
[17.478s] DEBUG:colcon.colcon_core.event_reactor:joined thread
[17.478s] INFO:colcon.colcon_core.shell:Creating prefix script '/home/zjq/MY_CODE/detectArmor_ros/DetectArmor-ros-/install/local_setup.ps1'
[17.479s] INFO:colcon.colcon_core.shell:Creating prefix util module '/home/zjq/MY_CODE/detectArmor_ros/DetectArmor-ros-/install/_local_setup_util_ps1.py'
[17.480s] INFO:colcon.colcon_core.shell:Creating prefix chain script '/home/zjq/MY_CODE/detectArmor_ros/DetectArmor-ros-/install/setup.ps1'
[17.480s] INFO:colcon.colcon_core.shell:Creating prefix script '/home/zjq/MY_CODE/detectArmor_ros/DetectArmor-ros-/install/local_setup.sh'
[17.481s] INFO:colcon.colcon_core.shell:Creating prefix util module '/home/zjq/MY_CODE/detectArmor_ros/DetectArmor-ros-/install/_local_setup_util_sh.py'
[17.481s] INFO:colcon.colcon_core.shell:Creating prefix chain script '/home/zjq/MY_CODE/detectArmor_ros/DetectArmor-ros-/install/setup.sh'
[17.481s] INFO:colcon.colcon_core.shell:Creating prefix script '/home/zjq/MY_CODE/detectArmor_ros/DetectArmor-ros-/install/local_setup.bash'
[17.482s] INFO:colcon.colcon_core.shell:Creating prefix chain script '/home/zjq/MY_CODE/detectArmor_ros/DetectArmor-ros-/install/setup.bash'
[17.482s] INFO:colcon.colcon_core.shell:Creating prefix script '/home/zjq/MY_CODE/detectArmor_ros/DetectArmor-ros-/install/local_setup.zsh'
[17.482s] INFO:colcon.colcon_core.shell:Creating prefix chain script '/home/zjq/MY_CODE/detectArmor_ros/DetectArmor-ros-/install/setup.zsh'
