[0.053s] DEBUG:colcon:Command line arguments: ['/usr/bin/colcon', 'build']
[0.053s] DEBUG:colcon:Parsed command line arguments: Namespace(log_base=None, log_level=None, verb_name='build', build_base='build', install_base='install', merge_install=False, symlink_install=False, test_result_base=None, continue_on_error=False, executor='parallel', parallel_workers=22, event_handlers=None, ignore_user_meta=False, metas=['./colcon.meta'], base_paths=['.'], packages_ignore=None, packages_ignore_regex=None, paths=None, packages_up_to=None, packages_up_to_regex=None, packages_above=None, packages_above_and_dependencies=None, packages_above_depth=None, packages_select_by_dep=None, packages_skip_by_dep=None, packages_skip_up_to=None, packages_select_build_failed=False, packages_skip_build_finished=False, packages_select_test_failures=False, packages_skip_test_passed=False, packages_select=None, packages_skip=None, packages_select_regex=None, packages_skip_regex=None, packages_start=None, packages_end=None, allow_overriding=[], cmake_args=None, cmake_target=None, cmake_target_skip_unavailable=False, cmake_clean_cache=False, cmake_clean_first=False, cmake_force_configure=False, ament_cmake_args=None, catkin_cmake_args=None, catkin_skip_building_tests=False, verb_parser=<colcon_defaults.argument_parser.defaults.DefaultArgumentsDecorator object at 0x79e42ae3c460>, verb_extension=<colcon_core.verb.build.BuildVerb object at 0x79e42afb9ab0>, main=<bound method BuildVerb.main of <colcon_core.verb.build.BuildVerb object at 0x79e42afb9ab0>>)
[0.130s] Level 1:colcon.colcon_core.package_discovery:discover_packages(colcon_meta) check parameters
[0.130s] Level 1:colcon.colcon_core.package_discovery:discover_packages(recursive) check parameters
[0.130s] Level 1:colcon.colcon_core.package_discovery:discover_packages(ignore) check parameters
[0.130s] Level 1:colcon.colcon_core.package_discovery:discover_packages(path) check parameters
[0.130s] Level 1:colcon.colcon_core.package_discovery:discover_packages(colcon_meta) discover
[0.130s] Level 1:colcon.colcon_core.package_discovery:discover_packages(recursive) discover
[0.130s] INFO:colcon.colcon_core.package_discovery:Crawling recursively for packages in '/home/zjq/MY_CODE/detectArmor_ros/DetectArmor-ros-'
[0.130s] Level 1:colcon.colcon_core.package_identification:_identify(.) by extensions ['ignore', 'ignore_ament_install']
[0.130s] Level 1:colcon.colcon_core.package_identification:_identify(.) by extension 'ignore'
[0.130s] Level 1:colcon.colcon_core.package_identification:_identify(.) by extension 'ignore_ament_install'
[0.130s] Level 1:colcon.colcon_core.package_identification:_identify(.) by extensions ['colcon_pkg']
[0.130s] Level 1:colcon.colcon_core.package_identification:_identify(.) by extension 'colcon_pkg'
[0.130s] Level 1:colcon.colcon_core.package_identification:_identify(.) by extensions ['colcon_meta']
[0.130s] Level 1:colcon.colcon_core.package_identification:_identify(.) by extension 'colcon_meta'
[0.130s] Level 1:colcon.colcon_core.package_identification:_identify(.) by extensions ['ros']
[0.130s] Level 1:colcon.colcon_core.package_identification:_identify(.) by extension 'ros'
[0.137s] Level 1:colcon.colcon_core.package_identification:_identify(.) by extensions ['cmake', 'python']
[0.137s] Level 1:colcon.colcon_core.package_identification:_identify(.) by extension 'cmake'
[0.137s] Level 1:colcon.colcon_core.package_identification:_identify(.) by extension 'python'
[0.137s] Level 1:colcon.colcon_core.package_identification:_identify(.) by extensions ['python_setup_py']
[0.137s] Level 1:colcon.colcon_core.package_identification:_identify(.) by extension 'python_setup_py'
[0.137s] Level 1:colcon.colcon_core.package_identification:_identify(MvFGSdkLog) by extensions ['ignore', 'ignore_ament_install']
[0.137s] Level 1:colcon.colcon_core.package_identification:_identify(MvFGSdkLog) by extension 'ignore'
[0.137s] Level 1:colcon.colcon_core.package_identification:_identify(MvFGSdkLog) by extension 'ignore_ament_install'
[0.137s] Level 1:colcon.colcon_core.package_identification:_identify(MvFGSdkLog) by extensions ['colcon_pkg']
[0.137s] Level 1:colcon.colcon_core.package_identification:_identify(MvFGSdkLog) by extension 'colcon_pkg'
[0.137s] Level 1:colcon.colcon_core.package_identification:_identify(MvFGSdkLog) by extensions ['colcon_meta']
[0.137s] Level 1:colcon.colcon_core.package_identification:_identify(MvFGSdkLog) by extension 'colcon_meta'
[0.137s] Level 1:colcon.colcon_core.package_identification:_identify(MvFGSdkLog) by extensions ['ros']
[0.137s] Level 1:colcon.colcon_core.package_identification:_identify(MvFGSdkLog) by extension 'ros'
[0.137s] Level 1:colcon.colcon_core.package_identification:_identify(MvFGSdkLog) by extensions ['cmake', 'python']
[0.137s] Level 1:colcon.colcon_core.package_identification:_identify(MvFGSdkLog) by extension 'cmake'
[0.137s] Level 1:colcon.colcon_core.package_identification:_identify(MvFGSdkLog) by extension 'python'
[0.137s] Level 1:colcon.colcon_core.package_identification:_identify(MvFGSdkLog) by extensions ['python_setup_py']
[0.137s] Level 1:colcon.colcon_core.package_identification:_identify(MvFGSdkLog) by extension 'python_setup_py'
[0.137s] Level 1:colcon.colcon_core.package_identification:_identify(build) by extensions ['ignore', 'ignore_ament_install']
[0.137s] Level 1:colcon.colcon_core.package_identification:_identify(build) by extension 'ignore'
[0.137s] Level 1:colcon.colcon_core.package_identification:_identify(build) ignored
[0.137s] Level 1:colcon.colcon_core.package_identification:_identify(install) by extensions ['ignore', 'ignore_ament_install']
[0.137s] Level 1:colcon.colcon_core.package_identification:_identify(install) by extension 'ignore'
[0.137s] Level 1:colcon.colcon_core.package_identification:_identify(install) ignored
[0.137s] Level 1:colcon.colcon_core.package_identification:_identify(log) by extensions ['ignore', 'ignore_ament_install']
[0.137s] Level 1:colcon.colcon_core.package_identification:_identify(log) by extension 'ignore'
[0.137s] Level 1:colcon.colcon_core.package_identification:_identify(log) ignored
[0.137s] Level 1:colcon.colcon_core.package_identification:_identify(src) by extensions ['ignore', 'ignore_ament_install']
[0.137s] Level 1:colcon.colcon_core.package_identification:_identify(src) by extension 'ignore'
[0.137s] Level 1:colcon.colcon_core.package_identification:_identify(src) by extension 'ignore_ament_install'
[0.138s] Level 1:colcon.colcon_core.package_identification:_identify(src) by extensions ['colcon_pkg']
[0.138s] Level 1:colcon.colcon_core.package_identification:_identify(src) by extension 'colcon_pkg'
[0.138s] Level 1:colcon.colcon_core.package_identification:_identify(src) by extensions ['colcon_meta']
[0.138s] Level 1:colcon.colcon_core.package_identification:_identify(src) by extension 'colcon_meta'
[0.138s] Level 1:colcon.colcon_core.package_identification:_identify(src) by extensions ['ros']
[0.138s] Level 1:colcon.colcon_core.package_identification:_identify(src) by extension 'ros'
[0.138s] Level 1:colcon.colcon_core.package_identification:_identify(src) by extensions ['cmake', 'python']
[0.138s] Level 1:colcon.colcon_core.package_identification:_identify(src) by extension 'cmake'
[0.138s] Level 1:colcon.colcon_core.package_identification:_identify(src) by extension 'python'
[0.138s] Level 1:colcon.colcon_core.package_identification:_identify(src) by extensions ['python_setup_py']
[0.138s] Level 1:colcon.colcon_core.package_identification:_identify(src) by extension 'python_setup_py'
[0.138s] Level 1:colcon.colcon_core.package_identification:_identify(src/ArmorDetect) by extensions ['ignore', 'ignore_ament_install']
[0.138s] Level 1:colcon.colcon_core.package_identification:_identify(src/ArmorDetect) by extension 'ignore'
[0.138s] Level 1:colcon.colcon_core.package_identification:_identify(src/ArmorDetect) by extension 'ignore_ament_install'
[0.138s] Level 1:colcon.colcon_core.package_identification:_identify(src/ArmorDetect) by extensions ['colcon_pkg']
[0.138s] Level 1:colcon.colcon_core.package_identification:_identify(src/ArmorDetect) by extension 'colcon_pkg'
[0.138s] Level 1:colcon.colcon_core.package_identification:_identify(src/ArmorDetect) by extensions ['colcon_meta']
[0.138s] Level 1:colcon.colcon_core.package_identification:_identify(src/ArmorDetect) by extension 'colcon_meta'
[0.138s] Level 1:colcon.colcon_core.package_identification:_identify(src/ArmorDetect) by extensions ['ros']
[0.138s] Level 1:colcon.colcon_core.package_identification:_identify(src/ArmorDetect) by extension 'ros'
[0.140s] DEBUG:colcon.colcon_core.package_identification:Package 'src/ArmorDetect' with type 'ros.ament_cmake' and name 'armor_detect'
[0.140s] Level 1:colcon.colcon_core.package_identification:_identify(src/ArmorTracker) by extensions ['ignore', 'ignore_ament_install']
[0.140s] Level 1:colcon.colcon_core.package_identification:_identify(src/ArmorTracker) by extension 'ignore'
[0.140s] Level 1:colcon.colcon_core.package_identification:_identify(src/ArmorTracker) by extension 'ignore_ament_install'
[0.140s] Level 1:colcon.colcon_core.package_identification:_identify(src/ArmorTracker) by extensions ['colcon_pkg']
[0.140s] Level 1:colcon.colcon_core.package_identification:_identify(src/ArmorTracker) by extension 'colcon_pkg'
[0.140s] Level 1:colcon.colcon_core.package_identification:_identify(src/ArmorTracker) by extensions ['colcon_meta']
[0.140s] Level 1:colcon.colcon_core.package_identification:_identify(src/ArmorTracker) by extension 'colcon_meta'
[0.140s] Level 1:colcon.colcon_core.package_identification:_identify(src/ArmorTracker) by extensions ['ros']
[0.140s] Level 1:colcon.colcon_core.package_identification:_identify(src/ArmorTracker) by extension 'ros'
[0.141s] DEBUG:colcon.colcon_core.package_identification:Package 'src/ArmorTracker' with type 'ros.ament_cmake' and name 'armor_tracker'
[0.141s] Level 1:colcon.colcon_core.package_identification:_identify(src/armor_interfaces) by extensions ['ignore', 'ignore_ament_install']
[0.141s] Level 1:colcon.colcon_core.package_identification:_identify(src/armor_interfaces) by extension 'ignore'
[0.141s] Level 1:colcon.colcon_core.package_identification:_identify(src/armor_interfaces) by extension 'ignore_ament_install'
[0.141s] Level 1:colcon.colcon_core.package_identification:_identify(src/armor_interfaces) by extensions ['colcon_pkg']
[0.141s] Level 1:colcon.colcon_core.package_identification:_identify(src/armor_interfaces) by extension 'colcon_pkg'
[0.141s] Level 1:colcon.colcon_core.package_identification:_identify(src/armor_interfaces) by extensions ['colcon_meta']
[0.141s] Level 1:colcon.colcon_core.package_identification:_identify(src/armor_interfaces) by extension 'colcon_meta'
[0.141s] Level 1:colcon.colcon_core.package_identification:_identify(src/armor_interfaces) by extensions ['ros']
[0.141s] Level 1:colcon.colcon_core.package_identification:_identify(src/armor_interfaces) by extension 'ros'
[0.142s] DEBUG:colcon.colcon_core.package_identification:Package 'src/armor_interfaces' with type 'ros.ament_cmake' and name 'armor_interfaces'
[0.142s] Level 1:colcon.colcon_core.package_identification:_identify(src/hik_camera) by extensions ['ignore', 'ignore_ament_install']
[0.142s] Level 1:colcon.colcon_core.package_identification:_identify(src/hik_camera) by extension 'ignore'
[0.142s] Level 1:colcon.colcon_core.package_identification:_identify(src/hik_camera) by extension 'ignore_ament_install'
[0.142s] Level 1:colcon.colcon_core.package_identification:_identify(src/hik_camera) by extensions ['colcon_pkg']
[0.142s] Level 1:colcon.colcon_core.package_identification:_identify(src/hik_camera) by extension 'colcon_pkg'
[0.142s] Level 1:colcon.colcon_core.package_identification:_identify(src/hik_camera) by extensions ['colcon_meta']
[0.142s] Level 1:colcon.colcon_core.package_identification:_identify(src/hik_camera) by extension 'colcon_meta'
[0.142s] Level 1:colcon.colcon_core.package_identification:_identify(src/hik_camera) by extensions ['ros']
[0.142s] Level 1:colcon.colcon_core.package_identification:_identify(src/hik_camera) by extension 'ros'
[0.142s] DEBUG:colcon.colcon_core.package_identification:Package 'src/hik_camera' with type 'ros.ament_cmake' and name 'hik_camera'
[0.142s] Level 1:colcon.colcon_core.package_discovery:discover_packages(recursive) using defaults
[0.142s] Level 1:colcon.colcon_core.package_discovery:discover_packages(ignore) discover
[0.142s] Level 1:colcon.colcon_core.package_discovery:discover_packages(ignore) using defaults
[0.142s] Level 1:colcon.colcon_core.package_discovery:discover_packages(path) discover
[0.142s] Level 1:colcon.colcon_core.package_discovery:discover_packages(path) using defaults
[0.153s] Level 1:colcon.colcon_core.package_discovery:discover_packages(prefix_path) check parameters
[0.153s] Level 1:colcon.colcon_core.package_discovery:discover_packages(prefix_path) discover
[0.154s] WARNING:colcon.colcon_ros.prefix_path.ament:The path '/home/zjq/MY_CODE/detectArmor_ros/DetectArmor-ros-/install/armor_detect' in the environment variable AMENT_PREFIX_PATH doesn't exist
[0.154s] WARNING:colcon.colcon_ros.prefix_path.ament:The path '/home/zjq/MY_CODE/detectArmor_ros/DetectArmor-ros-/install/hik_camera' in the environment variable AMENT_PREFIX_PATH doesn't exist
[0.154s] WARNING:colcon.colcon_ros.prefix_path.ament:The path '/home/zjq/MY_CODE/detectArmor_ros/DetectArmor-ros-/install/armor_tracker' in the environment variable AMENT_PREFIX_PATH doesn't exist
[0.154s] WARNING:colcon.colcon_ros.prefix_path.ament:The path '/home/zjq/MY_CODE/detectArmor_ros/DetectArmor-ros-/install/armor_interfaces' in the environment variable AMENT_PREFIX_PATH doesn't exist
[0.154s] WARNING:colcon.colcon_ros.prefix_path.catkin:The path '/home/zjq/MY_CODE/detectArmor_ros/DetectArmor-ros-/install/armor_detect' in the environment variable CMAKE_PREFIX_PATH doesn't exist
[0.154s] WARNING:colcon.colcon_ros.prefix_path.catkin:The path '/home/zjq/MY_CODE/detectArmor_ros/DetectArmor-ros-/install/hik_camera' in the environment variable CMAKE_PREFIX_PATH doesn't exist
[0.154s] WARNING:colcon.colcon_ros.prefix_path.catkin:The path '/home/zjq/MY_CODE/detectArmor_ros/DetectArmor-ros-/install/armor_tracker' in the environment variable CMAKE_PREFIX_PATH doesn't exist
[0.154s] WARNING:colcon.colcon_ros.prefix_path.catkin:The path '/home/zjq/MY_CODE/detectArmor_ros/DetectArmor-ros-/install/armor_interfaces' in the environment variable CMAKE_PREFIX_PATH doesn't exist
[0.154s] DEBUG:colcon.colcon_installed_package_information.package_discovery:Found 0 installed packages in /home/zjq/MY_CODE/detectArmor_ros/DetectArmor-ros-/install
[0.155s] DEBUG:colcon.colcon_installed_package_information.package_discovery:Found 276 installed packages in /opt/ros/humble
[0.156s] Level 1:colcon.colcon_core.package_discovery:discover_packages(prefix_path) using defaults
[0.180s] Level 5:colcon.colcon_core.verb:set package 'armor_interfaces' build argument 'cmake_args' from command line to 'None'
[0.180s] Level 5:colcon.colcon_core.verb:set package 'armor_interfaces' build argument 'cmake_target' from command line to 'None'
[0.180s] Level 5:colcon.colcon_core.verb:set package 'armor_interfaces' build argument 'cmake_target_skip_unavailable' from command line to 'False'
[0.180s] Level 5:colcon.colcon_core.verb:set package 'armor_interfaces' build argument 'cmake_clean_cache' from command line to 'False'
[0.180s] Level 5:colcon.colcon_core.verb:set package 'armor_interfaces' build argument 'cmake_clean_first' from command line to 'False'
[0.180s] Level 5:colcon.colcon_core.verb:set package 'armor_interfaces' build argument 'cmake_force_configure' from command line to 'False'
[0.180s] Level 5:colcon.colcon_core.verb:set package 'armor_interfaces' build argument 'ament_cmake_args' from command line to 'None'
[0.180s] Level 5:colcon.colcon_core.verb:set package 'armor_interfaces' build argument 'catkin_cmake_args' from command line to 'None'
[0.180s] Level 5:colcon.colcon_core.verb:set package 'armor_interfaces' build argument 'catkin_skip_building_tests' from command line to 'False'
[0.180s] DEBUG:colcon.colcon_core.verb:Building package 'armor_interfaces' with the following arguments: {'ament_cmake_args': None, 'build_base': '/home/zjq/MY_CODE/detectArmor_ros/DetectArmor-ros-/build/armor_interfaces', 'catkin_cmake_args': None, 'catkin_skip_building_tests': False, 'cmake_args': None, 'cmake_clean_cache': False, 'cmake_clean_first': False, 'cmake_force_configure': False, 'cmake_target': None, 'cmake_target_skip_unavailable': False, 'install_base': '/home/zjq/MY_CODE/detectArmor_ros/DetectArmor-ros-/install/armor_interfaces', 'merge_install': False, 'path': '/home/zjq/MY_CODE/detectArmor_ros/DetectArmor-ros-/src/armor_interfaces', 'symlink_install': False, 'test_result_base': None}
[0.180s] Level 5:colcon.colcon_core.verb:set package 'hik_camera' build argument 'cmake_args' from command line to 'None'
[0.180s] Level 5:colcon.colcon_core.verb:set package 'hik_camera' build argument 'cmake_target' from command line to 'None'
[0.180s] Level 5:colcon.colcon_core.verb:set package 'hik_camera' build argument 'cmake_target_skip_unavailable' from command line to 'False'
[0.180s] Level 5:colcon.colcon_core.verb:set package 'hik_camera' build argument 'cmake_clean_cache' from command line to 'False'
[0.180s] Level 5:colcon.colcon_core.verb:set package 'hik_camera' build argument 'cmake_clean_first' from command line to 'False'
[0.180s] Level 5:colcon.colcon_core.verb:set package 'hik_camera' build argument 'cmake_force_configure' from command line to 'False'
[0.180s] Level 5:colcon.colcon_core.verb:set package 'hik_camera' build argument 'ament_cmake_args' from command line to 'None'
[0.180s] Level 5:colcon.colcon_core.verb:set package 'hik_camera' build argument 'catkin_cmake_args' from command line to 'None'
[0.180s] Level 5:colcon.colcon_core.verb:set package 'hik_camera' build argument 'catkin_skip_building_tests' from command line to 'False'
[0.180s] DEBUG:colcon.colcon_core.verb:Building package 'hik_camera' with the following arguments: {'ament_cmake_args': None, 'build_base': '/home/zjq/MY_CODE/detectArmor_ros/DetectArmor-ros-/build/hik_camera', 'catkin_cmake_args': None, 'catkin_skip_building_tests': False, 'cmake_args': None, 'cmake_clean_cache': False, 'cmake_clean_first': False, 'cmake_force_configure': False, 'cmake_target': None, 'cmake_target_skip_unavailable': False, 'install_base': '/home/zjq/MY_CODE/detectArmor_ros/DetectArmor-ros-/install/hik_camera', 'merge_install': False, 'path': '/home/zjq/MY_CODE/detectArmor_ros/DetectArmor-ros-/src/hik_camera', 'symlink_install': False, 'test_result_base': None}
[0.180s] Level 5:colcon.colcon_core.verb:set package 'armor_detect' build argument 'cmake_args' from command line to 'None'
[0.180s] Level 5:colcon.colcon_core.verb:set package 'armor_detect' build argument 'cmake_target' from command line to 'None'
[0.180s] Level 5:colcon.colcon_core.verb:set package 'armor_detect' build argument 'cmake_target_skip_unavailable' from command line to 'False'
[0.180s] Level 5:colcon.colcon_core.verb:set package 'armor_detect' build argument 'cmake_clean_cache' from command line to 'False'
[0.180s] Level 5:colcon.colcon_core.verb:set package 'armor_detect' build argument 'cmake_clean_first' from command line to 'False'
[0.180s] Level 5:colcon.colcon_core.verb:set package 'armor_detect' build argument 'cmake_force_configure' from command line to 'False'
[0.180s] Level 5:colcon.colcon_core.verb:set package 'armor_detect' build argument 'ament_cmake_args' from command line to 'None'
[0.180s] Level 5:colcon.colcon_core.verb:set package 'armor_detect' build argument 'catkin_cmake_args' from command line to 'None'
[0.180s] Level 5:colcon.colcon_core.verb:set package 'armor_detect' build argument 'catkin_skip_building_tests' from command line to 'False'
[0.180s] DEBUG:colcon.colcon_core.verb:Building package 'armor_detect' with the following arguments: {'ament_cmake_args': None, 'build_base': '/home/zjq/MY_CODE/detectArmor_ros/DetectArmor-ros-/build/armor_detect', 'catkin_cmake_args': None, 'catkin_skip_building_tests': False, 'cmake_args': None, 'cmake_clean_cache': False, 'cmake_clean_first': False, 'cmake_force_configure': False, 'cmake_target': None, 'cmake_target_skip_unavailable': False, 'install_base': '/home/zjq/MY_CODE/detectArmor_ros/DetectArmor-ros-/install/armor_detect', 'merge_install': False, 'path': '/home/zjq/MY_CODE/detectArmor_ros/DetectArmor-ros-/src/ArmorDetect', 'symlink_install': False, 'test_result_base': None}
[0.181s] Level 5:colcon.colcon_core.verb:set package 'armor_tracker' build argument 'cmake_args' from command line to 'None'
[0.181s] Level 5:colcon.colcon_core.verb:set package 'armor_tracker' build argument 'cmake_target' from command line to 'None'
[0.181s] Level 5:colcon.colcon_core.verb:set package 'armor_tracker' build argument 'cmake_target_skip_unavailable' from command line to 'False'
[0.181s] Level 5:colcon.colcon_core.verb:set package 'armor_tracker' build argument 'cmake_clean_cache' from command line to 'False'
[0.181s] Level 5:colcon.colcon_core.verb:set package 'armor_tracker' build argument 'cmake_clean_first' from command line to 'False'
[0.181s] Level 5:colcon.colcon_core.verb:set package 'armor_tracker' build argument 'cmake_force_configure' from command line to 'False'
[0.181s] Level 5:colcon.colcon_core.verb:set package 'armor_tracker' build argument 'ament_cmake_args' from command line to 'None'
[0.181s] Level 5:colcon.colcon_core.verb:set package 'armor_tracker' build argument 'catkin_cmake_args' from command line to 'None'
[0.181s] Level 5:colcon.colcon_core.verb:set package 'armor_tracker' build argument 'catkin_skip_building_tests' from command line to 'False'
[0.181s] DEBUG:colcon.colcon_core.verb:Building package 'armor_tracker' with the following arguments: {'ament_cmake_args': None, 'build_base': '/home/zjq/MY_CODE/detectArmor_ros/DetectArmor-ros-/build/armor_tracker', 'catkin_cmake_args': None, 'catkin_skip_building_tests': False, 'cmake_args': None, 'cmake_clean_cache': False, 'cmake_clean_first': False, 'cmake_force_configure': False, 'cmake_target': None, 'cmake_target_skip_unavailable': False, 'install_base': '/home/zjq/MY_CODE/detectArmor_ros/DetectArmor-ros-/install/armor_tracker', 'merge_install': False, 'path': '/home/zjq/MY_CODE/detectArmor_ros/DetectArmor-ros-/src/ArmorTracker', 'symlink_install': False, 'test_result_base': None}
[0.181s] INFO:colcon.colcon_core.executor:Executing jobs using 'parallel' executor
[0.182s] DEBUG:colcon.colcon_parallel_executor.executor.parallel:run_until_complete
[0.183s] INFO:colcon.colcon_ros.task.ament_cmake.build:Building ROS package in '/home/zjq/MY_CODE/detectArmor_ros/DetectArmor-ros-/src/armor_interfaces' with build type 'ament_cmake'
[0.183s] INFO:colcon.colcon_cmake.task.cmake.build:Building CMake package in '/home/zjq/MY_CODE/detectArmor_ros/DetectArmor-ros-/src/armor_interfaces'
[0.184s] INFO:colcon.colcon_core.plugin_system:Skipping extension 'colcon_core.shell.bat': Not used on non-Windows systems
[0.184s] INFO:colcon.colcon_core.shell:Skip shell extension 'powershell' for command environment: Not usable outside of PowerShell
[0.184s] DEBUG:colcon.colcon_core.shell:Skip shell extension 'dsv' for command environment
[0.186s] INFO:colcon.colcon_ros.task.ament_cmake.build:Building ROS package in '/home/zjq/MY_CODE/detectArmor_ros/DetectArmor-ros-/src/hik_camera' with build type 'ament_cmake'
[0.186s] INFO:colcon.colcon_cmake.task.cmake.build:Building CMake package in '/home/zjq/MY_CODE/detectArmor_ros/DetectArmor-ros-/src/hik_camera'
[0.187s] INFO:colcon.colcon_core.shell:Skip shell extension 'powershell' for command environment: Not usable outside of PowerShell
[0.187s] DEBUG:colcon.colcon_core.shell:Skip shell extension 'dsv' for command environment
[0.192s] DEBUG:colcon.colcon_core.event_handler.log_command:Invoking command in '/home/zjq/MY_CODE/detectArmor_ros/DetectArmor-ros-/build/armor_interfaces': CMAKE_PREFIX_PATH=${CMAKE_PREFIX_PATH}:/opt/ros/humble /usr/bin/cmake /home/zjq/MY_CODE/detectArmor_ros/DetectArmor-ros-/src/armor_interfaces -DCMAKE_INSTALL_PREFIX=/home/zjq/MY_CODE/detectArmor_ros/DetectArmor-ros-/install/armor_interfaces
[0.194s] DEBUG:colcon.colcon_core.event_handler.log_command:Invoking command in '/home/zjq/MY_CODE/detectArmor_ros/DetectArmor-ros-/build/hik_camera': CMAKE_PREFIX_PATH=${CMAKE_PREFIX_PATH}:/opt/ros/humble /usr/bin/cmake /home/zjq/MY_CODE/detectArmor_ros/DetectArmor-ros-/src/hik_camera -DCMAKE_INSTALL_PREFIX=/home/zjq/MY_CODE/detectArmor_ros/DetectArmor-ros-/install/hik_camera
[1.043s] DEBUG:colcon.colcon_core.event_handler.log_command:Invoked command in '/home/zjq/MY_CODE/detectArmor_ros/DetectArmor-ros-/build/hik_camera' returned '0': CMAKE_PREFIX_PATH=${CMAKE_PREFIX_PATH}:/opt/ros/humble /usr/bin/cmake /home/zjq/MY_CODE/detectArmor_ros/DetectArmor-ros-/src/hik_camera -DCMAKE_INSTALL_PREFIX=/home/zjq/MY_CODE/detectArmor_ros/DetectArmor-ros-/install/hik_camera
[1.045s] DEBUG:colcon.colcon_core.event_handler.log_command:Invoking command in '/home/zjq/MY_CODE/detectArmor_ros/DetectArmor-ros-/build/hik_camera': CMAKE_PREFIX_PATH=${CMAKE_PREFIX_PATH}:/opt/ros/humble /usr/bin/cmake --build /home/zjq/MY_CODE/detectArmor_ros/DetectArmor-ros-/build/hik_camera -- -j22 -l22
[1.294s] DEBUG:colcon.colcon_core.event_handler.log_command:Invoked command in '/home/zjq/MY_CODE/detectArmor_ros/DetectArmor-ros-/build/armor_interfaces' returned '0': CMAKE_PREFIX_PATH=${CMAKE_PREFIX_PATH}:/opt/ros/humble /usr/bin/cmake /home/zjq/MY_CODE/detectArmor_ros/DetectArmor-ros-/src/armor_interfaces -DCMAKE_INSTALL_PREFIX=/home/zjq/MY_CODE/detectArmor_ros/DetectArmor-ros-/install/armor_interfaces
[1.295s] DEBUG:colcon.colcon_core.event_handler.log_command:Invoking command in '/home/zjq/MY_CODE/detectArmor_ros/DetectArmor-ros-/build/armor_interfaces': CMAKE_PREFIX_PATH=${CMAKE_PREFIX_PATH}:/opt/ros/humble /usr/bin/cmake --build /home/zjq/MY_CODE/detectArmor_ros/DetectArmor-ros-/build/armor_interfaces -- -j22 -l22
[2.937s] DEBUG:colcon.colcon_core.event_handler.log_command:Invoked command in '/home/zjq/MY_CODE/detectArmor_ros/DetectArmor-ros-/build/armor_interfaces' returned '0': CMAKE_PREFIX_PATH=${CMAKE_PREFIX_PATH}:/opt/ros/humble /usr/bin/cmake --build /home/zjq/MY_CODE/detectArmor_ros/DetectArmor-ros-/build/armor_interfaces -- -j22 -l22
[2.944s] DEBUG:colcon.colcon_core.event_handler.log_command:Invoking command in '/home/zjq/MY_CODE/detectArmor_ros/DetectArmor-ros-/build/armor_interfaces': CMAKE_PREFIX_PATH=${CMAKE_PREFIX_PATH}:/opt/ros/humble /usr/bin/cmake --install /home/zjq/MY_CODE/detectArmor_ros/DetectArmor-ros-/build/armor_interfaces
[2.986s] Level 1:colcon.colcon_core.environment:create_environment_scripts_only(armor_interfaces)
[2.987s] DEBUG:colcon.colcon_core.event_handler.log_command:Invoked command in '/home/zjq/MY_CODE/detectArmor_ros/DetectArmor-ros-/build/armor_interfaces' returned '0': CMAKE_PREFIX_PATH=${CMAKE_PREFIX_PATH}:/opt/ros/humble /usr/bin/cmake --install /home/zjq/MY_CODE/detectArmor_ros/DetectArmor-ros-/build/armor_interfaces
[2.988s] Level 1:colcon.colcon_core.environment:checking '/home/zjq/MY_CODE/detectArmor_ros/DetectArmor-ros-/install/armor_interfaces' for CMake module files
[2.988s] Level 1:colcon.colcon_core.environment:checking '/home/zjq/MY_CODE/detectArmor_ros/DetectArmor-ros-/install/armor_interfaces' for CMake config files
[2.989s] Level 1:colcon.colcon_core.shell:create_environment_hook('armor_interfaces', 'cmake_prefix_path')
[2.989s] INFO:colcon.colcon_core.shell:Creating environment hook '/home/zjq/MY_CODE/detectArmor_ros/DetectArmor-ros-/install/armor_interfaces/share/armor_interfaces/hook/cmake_prefix_path.ps1'
[2.989s] INFO:colcon.colcon_core.shell:Creating environment descriptor '/home/zjq/MY_CODE/detectArmor_ros/DetectArmor-ros-/install/armor_interfaces/share/armor_interfaces/hook/cmake_prefix_path.dsv'
[2.989s] INFO:colcon.colcon_core.shell:Creating environment hook '/home/zjq/MY_CODE/detectArmor_ros/DetectArmor-ros-/install/armor_interfaces/share/armor_interfaces/hook/cmake_prefix_path.sh'
[2.990s] Level 1:colcon.colcon_core.environment:checking '/home/zjq/MY_CODE/detectArmor_ros/DetectArmor-ros-/install/armor_interfaces/lib'
[2.990s] Level 1:colcon.colcon_core.shell:create_environment_hook('armor_interfaces', 'ld_library_path_lib')
[2.990s] INFO:colcon.colcon_core.shell:Creating environment hook '/home/zjq/MY_CODE/detectArmor_ros/DetectArmor-ros-/install/armor_interfaces/share/armor_interfaces/hook/ld_library_path_lib.ps1'
[2.990s] INFO:colcon.colcon_core.shell:Creating environment descriptor '/home/zjq/MY_CODE/detectArmor_ros/DetectArmor-ros-/install/armor_interfaces/share/armor_interfaces/hook/ld_library_path_lib.dsv'
[2.990s] INFO:colcon.colcon_core.shell:Creating environment hook '/home/zjq/MY_CODE/detectArmor_ros/DetectArmor-ros-/install/armor_interfaces/share/armor_interfaces/hook/ld_library_path_lib.sh'
[2.991s] Level 1:colcon.colcon_core.environment:checking '/home/zjq/MY_CODE/detectArmor_ros/DetectArmor-ros-/install/armor_interfaces/bin'
[2.991s] Level 1:colcon.colcon_core.environment:checking '/home/zjq/MY_CODE/detectArmor_ros/DetectArmor-ros-/install/armor_interfaces/lib/pkgconfig/armor_interfaces.pc'
[2.991s] Level 1:colcon.colcon_core.environment:checking '/home/zjq/MY_CODE/detectArmor_ros/DetectArmor-ros-/install/armor_interfaces/lib/python3.10/site-packages'
[2.991s] Level 1:colcon.colcon_core.environment:checking '/home/zjq/MY_CODE/detectArmor_ros/DetectArmor-ros-/install/armor_interfaces/bin'
[2.991s] INFO:colcon.colcon_core.shell:Creating package script '/home/zjq/MY_CODE/detectArmor_ros/DetectArmor-ros-/install/armor_interfaces/share/armor_interfaces/package.ps1'
[2.992s] INFO:colcon.colcon_core.shell:Creating package descriptor '/home/zjq/MY_CODE/detectArmor_ros/DetectArmor-ros-/install/armor_interfaces/share/armor_interfaces/package.dsv'
[2.992s] INFO:colcon.colcon_core.shell:Creating package script '/home/zjq/MY_CODE/detectArmor_ros/DetectArmor-ros-/install/armor_interfaces/share/armor_interfaces/package.sh'
[2.992s] INFO:colcon.colcon_core.shell:Creating package script '/home/zjq/MY_CODE/detectArmor_ros/DetectArmor-ros-/install/armor_interfaces/share/armor_interfaces/package.bash'
[2.993s] INFO:colcon.colcon_core.shell:Creating package script '/home/zjq/MY_CODE/detectArmor_ros/DetectArmor-ros-/install/armor_interfaces/share/armor_interfaces/package.zsh'
[2.993s] Level 1:colcon.colcon_core.environment:create_file_with_runtime_dependencies(/home/zjq/MY_CODE/detectArmor_ros/DetectArmor-ros-/install/armor_interfaces/share/colcon-core/packages/armor_interfaces)
[2.993s] Level 1:colcon.colcon_core.environment:create_environment_scripts_only(armor_interfaces)
[2.994s] Level 1:colcon.colcon_core.environment:checking '/home/zjq/MY_CODE/detectArmor_ros/DetectArmor-ros-/install/armor_interfaces' for CMake module files
[2.994s] Level 1:colcon.colcon_core.environment:checking '/home/zjq/MY_CODE/detectArmor_ros/DetectArmor-ros-/install/armor_interfaces' for CMake config files
[2.994s] Level 1:colcon.colcon_core.shell:create_environment_hook('armor_interfaces', 'cmake_prefix_path')
[2.994s] INFO:colcon.colcon_core.shell:Creating environment hook '/home/zjq/MY_CODE/detectArmor_ros/DetectArmor-ros-/install/armor_interfaces/share/armor_interfaces/hook/cmake_prefix_path.ps1'
[2.994s] INFO:colcon.colcon_core.shell:Creating environment descriptor '/home/zjq/MY_CODE/detectArmor_ros/DetectArmor-ros-/install/armor_interfaces/share/armor_interfaces/hook/cmake_prefix_path.dsv'
[2.995s] INFO:colcon.colcon_core.shell:Creating environment hook '/home/zjq/MY_CODE/detectArmor_ros/DetectArmor-ros-/install/armor_interfaces/share/armor_interfaces/hook/cmake_prefix_path.sh'
[2.995s] Level 1:colcon.colcon_core.environment:checking '/home/zjq/MY_CODE/detectArmor_ros/DetectArmor-ros-/install/armor_interfaces/lib'
[2.995s] Level 1:colcon.colcon_core.shell:create_environment_hook('armor_interfaces', 'ld_library_path_lib')
[2.995s] INFO:colcon.colcon_core.shell:Creating environment hook '/home/zjq/MY_CODE/detectArmor_ros/DetectArmor-ros-/install/armor_interfaces/share/armor_interfaces/hook/ld_library_path_lib.ps1'
[2.995s] INFO:colcon.colcon_core.shell:Creating environment descriptor '/home/zjq/MY_CODE/detectArmor_ros/DetectArmor-ros-/install/armor_interfaces/share/armor_interfaces/hook/ld_library_path_lib.dsv'
[2.995s] INFO:colcon.colcon_core.shell:Creating environment hook '/home/zjq/MY_CODE/detectArmor_ros/DetectArmor-ros-/install/armor_interfaces/share/armor_interfaces/hook/ld_library_path_lib.sh'
[2.996s] Level 1:colcon.colcon_core.environment:checking '/home/zjq/MY_CODE/detectArmor_ros/DetectArmor-ros-/install/armor_interfaces/bin'
[2.996s] Level 1:colcon.colcon_core.environment:checking '/home/zjq/MY_CODE/detectArmor_ros/DetectArmor-ros-/install/armor_interfaces/lib/pkgconfig/armor_interfaces.pc'
[2.996s] Level 1:colcon.colcon_core.environment:checking '/home/zjq/MY_CODE/detectArmor_ros/DetectArmor-ros-/install/armor_interfaces/lib/python3.10/site-packages'
[2.996s] Level 1:colcon.colcon_core.environment:checking '/home/zjq/MY_CODE/detectArmor_ros/DetectArmor-ros-/install/armor_interfaces/bin'
[2.996s] INFO:colcon.colcon_core.shell:Creating package script '/home/zjq/MY_CODE/detectArmor_ros/DetectArmor-ros-/install/armor_interfaces/share/armor_interfaces/package.ps1'
[2.996s] INFO:colcon.colcon_core.shell:Creating package descriptor '/home/zjq/MY_CODE/detectArmor_ros/DetectArmor-ros-/install/armor_interfaces/share/armor_interfaces/package.dsv'
[2.997s] INFO:colcon.colcon_core.shell:Creating package script '/home/zjq/MY_CODE/detectArmor_ros/DetectArmor-ros-/install/armor_interfaces/share/armor_interfaces/package.sh'
[2.997s] INFO:colcon.colcon_core.shell:Creating package script '/home/zjq/MY_CODE/detectArmor_ros/DetectArmor-ros-/install/armor_interfaces/share/armor_interfaces/package.bash'
[2.997s] INFO:colcon.colcon_core.shell:Creating package script '/home/zjq/MY_CODE/detectArmor_ros/DetectArmor-ros-/install/armor_interfaces/share/armor_interfaces/package.zsh'
[2.997s] Level 1:colcon.colcon_core.environment:create_file_with_runtime_dependencies(/home/zjq/MY_CODE/detectArmor_ros/DetectArmor-ros-/install/armor_interfaces/share/colcon-core/packages/armor_interfaces)
[2.998s] INFO:colcon.colcon_ros.task.ament_cmake.build:Building ROS package in '/home/zjq/MY_CODE/detectArmor_ros/DetectArmor-ros-/src/ArmorTracker' with build type 'ament_cmake'
[2.998s] INFO:colcon.colcon_cmake.task.cmake.build:Building CMake package in '/home/zjq/MY_CODE/detectArmor_ros/DetectArmor-ros-/src/ArmorTracker'
[2.998s] INFO:colcon.colcon_core.shell:Skip shell extension 'powershell' for command environment: Not usable outside of PowerShell
[2.998s] DEBUG:colcon.colcon_core.shell:Skip shell extension 'dsv' for command environment
[3.008s] DEBUG:colcon.colcon_core.event_handler.log_command:Invoking command in '/home/zjq/MY_CODE/detectArmor_ros/DetectArmor-ros-/build/armor_tracker': CMAKE_PREFIX_PATH=/home/zjq/MY_CODE/detectArmor_ros/DetectArmor-ros-/install/armor_interfaces:/home/zjq/MY_CODE/detectArmor_ros/DetectArmor-ros-/install/armor_detect:/home/zjq/MY_CODE/detectArmor_ros/DetectArmor-ros-/install/hik_camera:/home/zjq/MY_CODE/detectArmor_ros/DetectArmor-ros-/install/armor_tracker:/opt/ros/humble LD_LIBRARY_PATH=/home/zjq/MY_CODE/detectArmor_ros/DetectArmor-ros-/install/armor_interfaces/lib:/home/zjq/MY_CODE/detectArmor_ros/DetectArmor-ros-/install/armor_detect/lib:/home/zjq/MY_CODE/detectArmor_ros/DetectArmor-ros-/install/hik_camera/lib:/home/zjq/MY_CODE/detectArmor_ros/DetectArmor-ros-/install/armor_tracker/lib:/opt/MVS/lib/64:/opt/MVS/lib/32:/opt/MVS/lib/64:/opt/MVS/lib/32:/opt/MVS/lib/64:/opt/MVS/lib/32:/opt/ros/humble/opt/rviz_ogre_vendor/lib:/opt/ros/humble/lib/x86_64-linux-gnu:/opt/ros/humble/lib:/opt/MVS/lib/64:/opt/MVS/lib/32:/opt/MVS/lib/64:/opt/MVS/lib/32:/opt/MVS/lib/64:/opt/MVS/lib/32 /usr/bin/cmake /home/zjq/MY_CODE/detectArmor_ros/DetectArmor-ros-/src/ArmorTracker -DCMAKE_INSTALL_PREFIX=/home/zjq/MY_CODE/detectArmor_ros/DetectArmor-ros-/install/armor_tracker
[3.613s] DEBUG:colcon.colcon_core.event_handler.log_command:Invoked command in '/home/zjq/MY_CODE/detectArmor_ros/DetectArmor-ros-/build/hik_camera' returned '0': CMAKE_PREFIX_PATH=${CMAKE_PREFIX_PATH}:/opt/ros/humble /usr/bin/cmake --build /home/zjq/MY_CODE/detectArmor_ros/DetectArmor-ros-/build/hik_camera -- -j22 -l22
[3.615s] DEBUG:colcon.colcon_core.event_handler.log_command:Invoking command in '/home/zjq/MY_CODE/detectArmor_ros/DetectArmor-ros-/build/hik_camera': CMAKE_PREFIX_PATH=${CMAKE_PREFIX_PATH}:/opt/ros/humble /usr/bin/cmake --install /home/zjq/MY_CODE/detectArmor_ros/DetectArmor-ros-/build/hik_camera
[3.650s] Level 1:colcon.colcon_core.environment:create_environment_scripts_only(hik_camera)
[3.651s] Level 1:colcon.colcon_core.environment:checking '/home/zjq/MY_CODE/detectArmor_ros/DetectArmor-ros-/install/hik_camera' for CMake module files
[3.651s] DEBUG:colcon.colcon_core.event_handler.log_command:Invoked command in '/home/zjq/MY_CODE/detectArmor_ros/DetectArmor-ros-/build/hik_camera' returned '0': CMAKE_PREFIX_PATH=${CMAKE_PREFIX_PATH}:/opt/ros/humble /usr/bin/cmake --install /home/zjq/MY_CODE/detectArmor_ros/DetectArmor-ros-/build/hik_camera
[3.651s] Level 1:colcon.colcon_core.environment:checking '/home/zjq/MY_CODE/detectArmor_ros/DetectArmor-ros-/install/hik_camera' for CMake config files
[3.651s] Level 1:colcon.colcon_core.shell:create_environment_hook('hik_camera', 'cmake_prefix_path')
[3.651s] INFO:colcon.colcon_core.shell:Creating environment hook '/home/zjq/MY_CODE/detectArmor_ros/DetectArmor-ros-/install/hik_camera/share/hik_camera/hook/cmake_prefix_path.ps1'
[3.652s] INFO:colcon.colcon_core.shell:Creating environment descriptor '/home/zjq/MY_CODE/detectArmor_ros/DetectArmor-ros-/install/hik_camera/share/hik_camera/hook/cmake_prefix_path.dsv'
[3.652s] INFO:colcon.colcon_core.shell:Creating environment hook '/home/zjq/MY_CODE/detectArmor_ros/DetectArmor-ros-/install/hik_camera/share/hik_camera/hook/cmake_prefix_path.sh'
[3.652s] Level 1:colcon.colcon_core.environment:checking '/home/zjq/MY_CODE/detectArmor_ros/DetectArmor-ros-/install/hik_camera/lib'
[3.652s] Level 1:colcon.colcon_core.shell:create_environment_hook('hik_camera', 'ld_library_path_lib')
[3.652s] INFO:colcon.colcon_core.shell:Creating environment hook '/home/zjq/MY_CODE/detectArmor_ros/DetectArmor-ros-/install/hik_camera/share/hik_camera/hook/ld_library_path_lib.ps1'
[3.653s] INFO:colcon.colcon_core.shell:Creating environment descriptor '/home/zjq/MY_CODE/detectArmor_ros/DetectArmor-ros-/install/hik_camera/share/hik_camera/hook/ld_library_path_lib.dsv'
[3.653s] INFO:colcon.colcon_core.shell:Creating environment hook '/home/zjq/MY_CODE/detectArmor_ros/DetectArmor-ros-/install/hik_camera/share/hik_camera/hook/ld_library_path_lib.sh'
[3.653s] Level 1:colcon.colcon_core.environment:checking '/home/zjq/MY_CODE/detectArmor_ros/DetectArmor-ros-/install/hik_camera/bin'
[3.653s] Level 1:colcon.colcon_core.environment:checking '/home/zjq/MY_CODE/detectArmor_ros/DetectArmor-ros-/install/hik_camera/lib/pkgconfig/hik_camera.pc'
[3.653s] Level 1:colcon.colcon_core.environment:checking '/home/zjq/MY_CODE/detectArmor_ros/DetectArmor-ros-/install/hik_camera/lib/python3.10/site-packages'
[3.653s] Level 1:colcon.colcon_core.environment:checking '/home/zjq/MY_CODE/detectArmor_ros/DetectArmor-ros-/install/hik_camera/bin'
[3.653s] INFO:colcon.colcon_core.shell:Creating package script '/home/zjq/MY_CODE/detectArmor_ros/DetectArmor-ros-/install/hik_camera/share/hik_camera/package.ps1'
[3.654s] INFO:colcon.colcon_core.shell:Creating package descriptor '/home/zjq/MY_CODE/detectArmor_ros/DetectArmor-ros-/install/hik_camera/share/hik_camera/package.dsv'
[3.654s] INFO:colcon.colcon_core.shell:Creating package script '/home/zjq/MY_CODE/detectArmor_ros/DetectArmor-ros-/install/hik_camera/share/hik_camera/package.sh'
[3.654s] INFO:colcon.colcon_core.shell:Creating package script '/home/zjq/MY_CODE/detectArmor_ros/DetectArmor-ros-/install/hik_camera/share/hik_camera/package.bash'
[3.654s] INFO:colcon.colcon_core.shell:Creating package script '/home/zjq/MY_CODE/detectArmor_ros/DetectArmor-ros-/install/hik_camera/share/hik_camera/package.zsh'
[3.654s] Level 1:colcon.colcon_core.environment:create_file_with_runtime_dependencies(/home/zjq/MY_CODE/detectArmor_ros/DetectArmor-ros-/install/hik_camera/share/colcon-core/packages/hik_camera)
[3.655s] Level 1:colcon.colcon_core.environment:create_environment_scripts_only(hik_camera)
[3.655s] Level 1:colcon.colcon_core.environment:checking '/home/zjq/MY_CODE/detectArmor_ros/DetectArmor-ros-/install/hik_camera' for CMake module files
[3.655s] Level 1:colcon.colcon_core.environment:checking '/home/zjq/MY_CODE/detectArmor_ros/DetectArmor-ros-/install/hik_camera' for CMake config files
[3.655s] Level 1:colcon.colcon_core.shell:create_environment_hook('hik_camera', 'cmake_prefix_path')
[3.655s] INFO:colcon.colcon_core.shell:Creating environment hook '/home/zjq/MY_CODE/detectArmor_ros/DetectArmor-ros-/install/hik_camera/share/hik_camera/hook/cmake_prefix_path.ps1'
[3.656s] INFO:colcon.colcon_core.shell:Creating environment descriptor '/home/zjq/MY_CODE/detectArmor_ros/DetectArmor-ros-/install/hik_camera/share/hik_camera/hook/cmake_prefix_path.dsv'
[3.656s] INFO:colcon.colcon_core.shell:Creating environment hook '/home/zjq/MY_CODE/detectArmor_ros/DetectArmor-ros-/install/hik_camera/share/hik_camera/hook/cmake_prefix_path.sh'
[3.656s] Level 1:colcon.colcon_core.environment:checking '/home/zjq/MY_CODE/detectArmor_ros/DetectArmor-ros-/install/hik_camera/lib'
[3.656s] Level 1:colcon.colcon_core.shell:create_environment_hook('hik_camera', 'ld_library_path_lib')
[3.656s] INFO:colcon.colcon_core.shell:Creating environment hook '/home/zjq/MY_CODE/detectArmor_ros/DetectArmor-ros-/install/hik_camera/share/hik_camera/hook/ld_library_path_lib.ps1'
[3.656s] INFO:colcon.colcon_core.shell:Creating environment descriptor '/home/zjq/MY_CODE/detectArmor_ros/DetectArmor-ros-/install/hik_camera/share/hik_camera/hook/ld_library_path_lib.dsv'
[3.657s] INFO:colcon.colcon_core.shell:Creating environment hook '/home/zjq/MY_CODE/detectArmor_ros/DetectArmor-ros-/install/hik_camera/share/hik_camera/hook/ld_library_path_lib.sh'
[3.657s] Level 1:colcon.colcon_core.environment:checking '/home/zjq/MY_CODE/detectArmor_ros/DetectArmor-ros-/install/hik_camera/bin'
[3.657s] Level 1:colcon.colcon_core.environment:checking '/home/zjq/MY_CODE/detectArmor_ros/DetectArmor-ros-/install/hik_camera/lib/pkgconfig/hik_camera.pc'
[3.657s] Level 1:colcon.colcon_core.environment:checking '/home/zjq/MY_CODE/detectArmor_ros/DetectArmor-ros-/install/hik_camera/lib/python3.10/site-packages'
[3.657s] Level 1:colcon.colcon_core.environment:checking '/home/zjq/MY_CODE/detectArmor_ros/DetectArmor-ros-/install/hik_camera/bin'
[3.657s] INFO:colcon.colcon_core.shell:Creating package script '/home/zjq/MY_CODE/detectArmor_ros/DetectArmor-ros-/install/hik_camera/share/hik_camera/package.ps1'
[3.657s] INFO:colcon.colcon_core.shell:Creating package descriptor '/home/zjq/MY_CODE/detectArmor_ros/DetectArmor-ros-/install/hik_camera/share/hik_camera/package.dsv'
[3.658s] INFO:colcon.colcon_core.shell:Creating package script '/home/zjq/MY_CODE/detectArmor_ros/DetectArmor-ros-/install/hik_camera/share/hik_camera/package.sh'
[3.658s] INFO:colcon.colcon_core.shell:Creating package script '/home/zjq/MY_CODE/detectArmor_ros/DetectArmor-ros-/install/hik_camera/share/hik_camera/package.bash'
[3.658s] INFO:colcon.colcon_core.shell:Creating package script '/home/zjq/MY_CODE/detectArmor_ros/DetectArmor-ros-/install/hik_camera/share/hik_camera/package.zsh'
[3.658s] Level 1:colcon.colcon_core.environment:create_file_with_runtime_dependencies(/home/zjq/MY_CODE/detectArmor_ros/DetectArmor-ros-/install/hik_camera/share/colcon-core/packages/hik_camera)
[3.659s] INFO:colcon.colcon_ros.task.ament_cmake.build:Building ROS package in '/home/zjq/MY_CODE/detectArmor_ros/DetectArmor-ros-/src/ArmorDetect' with build type 'ament_cmake'
[3.659s] INFO:colcon.colcon_cmake.task.cmake.build:Building CMake package in '/home/zjq/MY_CODE/detectArmor_ros/DetectArmor-ros-/src/ArmorDetect'
[3.659s] INFO:colcon.colcon_core.shell:Skip shell extension 'powershell' for command environment: Not usable outside of PowerShell
[3.659s] DEBUG:colcon.colcon_core.shell:Skip shell extension 'dsv' for command environment
[3.669s] DEBUG:colcon.colcon_core.event_handler.log_command:Invoking command in '/home/zjq/MY_CODE/detectArmor_ros/DetectArmor-ros-/build/armor_detect': CMAKE_PREFIX_PATH=/home/zjq/MY_CODE/detectArmor_ros/DetectArmor-ros-/install/hik_camera:/home/zjq/MY_CODE/detectArmor_ros/DetectArmor-ros-/install/armor_interfaces:/home/zjq/MY_CODE/detectArmor_ros/DetectArmor-ros-/install/armor_detect:/home/zjq/MY_CODE/detectArmor_ros/DetectArmor-ros-/install/armor_tracker:/opt/ros/humble LD_LIBRARY_PATH=/home/zjq/MY_CODE/detectArmor_ros/DetectArmor-ros-/install/hik_camera/lib:/home/zjq/MY_CODE/detectArmor_ros/DetectArmor-ros-/install/armor_interfaces/lib:/home/zjq/MY_CODE/detectArmor_ros/DetectArmor-ros-/install/armor_detect/lib:/home/zjq/MY_CODE/detectArmor_ros/DetectArmor-ros-/install/armor_tracker/lib:/opt/MVS/lib/64:/opt/MVS/lib/32:/opt/MVS/lib/64:/opt/MVS/lib/32:/opt/MVS/lib/64:/opt/MVS/lib/32:/opt/ros/humble/opt/rviz_ogre_vendor/lib:/opt/ros/humble/lib/x86_64-linux-gnu:/opt/ros/humble/lib:/opt/MVS/lib/64:/opt/MVS/lib/32:/opt/MVS/lib/64:/opt/MVS/lib/32:/opt/MVS/lib/64:/opt/MVS/lib/32 /usr/bin/cmake /home/zjq/MY_CODE/detectArmor_ros/DetectArmor-ros-/src/ArmorDetect -DCMAKE_INSTALL_PREFIX=/home/zjq/MY_CODE/detectArmor_ros/DetectArmor-ros-/install/armor_detect
[3.923s] DEBUG:colcon.colcon_core.event_handler.log_command:Invoked command in '/home/zjq/MY_CODE/detectArmor_ros/DetectArmor-ros-/build/armor_tracker' returned '0': CMAKE_PREFIX_PATH=/home/zjq/MY_CODE/detectArmor_ros/DetectArmor-ros-/install/armor_interfaces:/home/zjq/MY_CODE/detectArmor_ros/DetectArmor-ros-/install/armor_detect:/home/zjq/MY_CODE/detectArmor_ros/DetectArmor-ros-/install/hik_camera:/home/zjq/MY_CODE/detectArmor_ros/DetectArmor-ros-/install/armor_tracker:/opt/ros/humble LD_LIBRARY_PATH=/home/zjq/MY_CODE/detectArmor_ros/DetectArmor-ros-/install/armor_interfaces/lib:/home/zjq/MY_CODE/detectArmor_ros/DetectArmor-ros-/install/armor_detect/lib:/home/zjq/MY_CODE/detectArmor_ros/DetectArmor-ros-/install/hik_camera/lib:/home/zjq/MY_CODE/detectArmor_ros/DetectArmor-ros-/install/armor_tracker/lib:/opt/MVS/lib/64:/opt/MVS/lib/32:/opt/MVS/lib/64:/opt/MVS/lib/32:/opt/MVS/lib/64:/opt/MVS/lib/32:/opt/ros/humble/opt/rviz_ogre_vendor/lib:/opt/ros/humble/lib/x86_64-linux-gnu:/opt/ros/humble/lib:/opt/MVS/lib/64:/opt/MVS/lib/32:/opt/MVS/lib/64:/opt/MVS/lib/32:/opt/MVS/lib/64:/opt/MVS/lib/32 /usr/bin/cmake /home/zjq/MY_CODE/detectArmor_ros/DetectArmor-ros-/src/ArmorTracker -DCMAKE_INSTALL_PREFIX=/home/zjq/MY_CODE/detectArmor_ros/DetectArmor-ros-/install/armor_tracker
[3.923s] DEBUG:colcon.colcon_core.event_handler.log_command:Invoking command in '/home/zjq/MY_CODE/detectArmor_ros/DetectArmor-ros-/build/armor_tracker': CMAKE_PREFIX_PATH=/home/zjq/MY_CODE/detectArmor_ros/DetectArmor-ros-/install/armor_interfaces:/home/zjq/MY_CODE/detectArmor_ros/DetectArmor-ros-/install/armor_detect:/home/zjq/MY_CODE/detectArmor_ros/DetectArmor-ros-/install/hik_camera:/home/zjq/MY_CODE/detectArmor_ros/DetectArmor-ros-/install/armor_tracker:/opt/ros/humble LD_LIBRARY_PATH=/home/zjq/MY_CODE/detectArmor_ros/DetectArmor-ros-/install/armor_interfaces/lib:/home/zjq/MY_CODE/detectArmor_ros/DetectArmor-ros-/install/armor_detect/lib:/home/zjq/MY_CODE/detectArmor_ros/DetectArmor-ros-/install/hik_camera/lib:/home/zjq/MY_CODE/detectArmor_ros/DetectArmor-ros-/install/armor_tracker/lib:/opt/MVS/lib/64:/opt/MVS/lib/32:/opt/MVS/lib/64:/opt/MVS/lib/32:/opt/MVS/lib/64:/opt/MVS/lib/32:/opt/ros/humble/opt/rviz_ogre_vendor/lib:/opt/ros/humble/lib/x86_64-linux-gnu:/opt/ros/humble/lib:/opt/MVS/lib/64:/opt/MVS/lib/32:/opt/MVS/lib/64:/opt/MVS/lib/32:/opt/MVS/lib/64:/opt/MVS/lib/32 /usr/bin/cmake --build /home/zjq/MY_CODE/detectArmor_ros/DetectArmor-ros-/build/armor_tracker -- -j22 -l22
[4.638s] DEBUG:colcon.colcon_core.event_handler.log_command:Invoked command in '/home/zjq/MY_CODE/detectArmor_ros/DetectArmor-ros-/build/armor_detect' returned '0': CMAKE_PREFIX_PATH=/home/zjq/MY_CODE/detectArmor_ros/DetectArmor-ros-/install/hik_camera:/home/zjq/MY_CODE/detectArmor_ros/DetectArmor-ros-/install/armor_interfaces:/home/zjq/MY_CODE/detectArmor_ros/DetectArmor-ros-/install/armor_detect:/home/zjq/MY_CODE/detectArmor_ros/DetectArmor-ros-/install/armor_tracker:/opt/ros/humble LD_LIBRARY_PATH=/home/zjq/MY_CODE/detectArmor_ros/DetectArmor-ros-/install/hik_camera/lib:/home/zjq/MY_CODE/detectArmor_ros/DetectArmor-ros-/install/armor_interfaces/lib:/home/zjq/MY_CODE/detectArmor_ros/DetectArmor-ros-/install/armor_detect/lib:/home/zjq/MY_CODE/detectArmor_ros/DetectArmor-ros-/install/armor_tracker/lib:/opt/MVS/lib/64:/opt/MVS/lib/32:/opt/MVS/lib/64:/opt/MVS/lib/32:/opt/MVS/lib/64:/opt/MVS/lib/32:/opt/ros/humble/opt/rviz_ogre_vendor/lib:/opt/ros/humble/lib/x86_64-linux-gnu:/opt/ros/humble/lib:/opt/MVS/lib/64:/opt/MVS/lib/32:/opt/MVS/lib/64:/opt/MVS/lib/32:/opt/MVS/lib/64:/opt/MVS/lib/32 /usr/bin/cmake /home/zjq/MY_CODE/detectArmor_ros/DetectArmor-ros-/src/ArmorDetect -DCMAKE_INSTALL_PREFIX=/home/zjq/MY_CODE/detectArmor_ros/DetectArmor-ros-/install/armor_detect
[4.640s] DEBUG:colcon.colcon_core.event_handler.log_command:Invoking command in '/home/zjq/MY_CODE/detectArmor_ros/DetectArmor-ros-/build/armor_detect': CMAKE_PREFIX_PATH=/home/zjq/MY_CODE/detectArmor_ros/DetectArmor-ros-/install/hik_camera:/home/zjq/MY_CODE/detectArmor_ros/DetectArmor-ros-/install/armor_interfaces:/home/zjq/MY_CODE/detectArmor_ros/DetectArmor-ros-/install/armor_detect:/home/zjq/MY_CODE/detectArmor_ros/DetectArmor-ros-/install/armor_tracker:/opt/ros/humble LD_LIBRARY_PATH=/home/zjq/MY_CODE/detectArmor_ros/DetectArmor-ros-/install/hik_camera/lib:/home/zjq/MY_CODE/detectArmor_ros/DetectArmor-ros-/install/armor_interfaces/lib:/home/zjq/MY_CODE/detectArmor_ros/DetectArmor-ros-/install/armor_detect/lib:/home/zjq/MY_CODE/detectArmor_ros/DetectArmor-ros-/install/armor_tracker/lib:/opt/MVS/lib/64:/opt/MVS/lib/32:/opt/MVS/lib/64:/opt/MVS/lib/32:/opt/MVS/lib/64:/opt/MVS/lib/32:/opt/ros/humble/opt/rviz_ogre_vendor/lib:/opt/ros/humble/lib/x86_64-linux-gnu:/opt/ros/humble/lib:/opt/MVS/lib/64:/opt/MVS/lib/32:/opt/MVS/lib/64:/opt/MVS/lib/32:/opt/MVS/lib/64:/opt/MVS/lib/32 /usr/bin/cmake --build /home/zjq/MY_CODE/detectArmor_ros/DetectArmor-ros-/build/armor_detect -- -j22 -l22
[15.858s] DEBUG:colcon.colcon_core.event_handler.log_command:Invoked command in '/home/zjq/MY_CODE/detectArmor_ros/DetectArmor-ros-/build/armor_detect' returned '0': CMAKE_PREFIX_PATH=/home/zjq/MY_CODE/detectArmor_ros/DetectArmor-ros-/install/hik_camera:/home/zjq/MY_CODE/detectArmor_ros/DetectArmor-ros-/install/armor_interfaces:/home/zjq/MY_CODE/detectArmor_ros/DetectArmor-ros-/install/armor_detect:/home/zjq/MY_CODE/detectArmor_ros/DetectArmor-ros-/install/armor_tracker:/opt/ros/humble LD_LIBRARY_PATH=/home/zjq/MY_CODE/detectArmor_ros/DetectArmor-ros-/install/hik_camera/lib:/home/zjq/MY_CODE/detectArmor_ros/DetectArmor-ros-/install/armor_interfaces/lib:/home/zjq/MY_CODE/detectArmor_ros/DetectArmor-ros-/install/armor_detect/lib:/home/zjq/MY_CODE/detectArmor_ros/DetectArmor-ros-/install/armor_tracker/lib:/opt/MVS/lib/64:/opt/MVS/lib/32:/opt/MVS/lib/64:/opt/MVS/lib/32:/opt/MVS/lib/64:/opt/MVS/lib/32:/opt/ros/humble/opt/rviz_ogre_vendor/lib:/opt/ros/humble/lib/x86_64-linux-gnu:/opt/ros/humble/lib:/opt/MVS/lib/64:/opt/MVS/lib/32:/opt/MVS/lib/64:/opt/MVS/lib/32:/opt/MVS/lib/64:/opt/MVS/lib/32 /usr/bin/cmake --build /home/zjq/MY_CODE/detectArmor_ros/DetectArmor-ros-/build/armor_detect -- -j22 -l22
[15.860s] DEBUG:colcon.colcon_core.event_handler.log_command:Invoking command in '/home/zjq/MY_CODE/detectArmor_ros/DetectArmor-ros-/build/armor_detect': CMAKE_PREFIX_PATH=/home/zjq/MY_CODE/detectArmor_ros/DetectArmor-ros-/install/hik_camera:/home/zjq/MY_CODE/detectArmor_ros/DetectArmor-ros-/install/armor_interfaces:/home/zjq/MY_CODE/detectArmor_ros/DetectArmor-ros-/install/armor_detect:/home/zjq/MY_CODE/detectArmor_ros/DetectArmor-ros-/install/armor_tracker:/opt/ros/humble LD_LIBRARY_PATH=/home/zjq/MY_CODE/detectArmor_ros/DetectArmor-ros-/install/hik_camera/lib:/home/zjq/MY_CODE/detectArmor_ros/DetectArmor-ros-/install/armor_interfaces/lib:/home/zjq/MY_CODE/detectArmor_ros/DetectArmor-ros-/install/armor_detect/lib:/home/zjq/MY_CODE/detectArmor_ros/DetectArmor-ros-/install/armor_tracker/lib:/opt/MVS/lib/64:/opt/MVS/lib/32:/opt/MVS/lib/64:/opt/MVS/lib/32:/opt/MVS/lib/64:/opt/MVS/lib/32:/opt/ros/humble/opt/rviz_ogre_vendor/lib:/opt/ros/humble/lib/x86_64-linux-gnu:/opt/ros/humble/lib:/opt/MVS/lib/64:/opt/MVS/lib/32:/opt/MVS/lib/64:/opt/MVS/lib/32:/opt/MVS/lib/64:/opt/MVS/lib/32 /usr/bin/cmake --install /home/zjq/MY_CODE/detectArmor_ros/DetectArmor-ros-/build/armor_detect
[15.870s] Level 1:colcon.colcon_core.environment:create_environment_scripts_only(armor_detect)
[15.870s] Level 1:colcon.colcon_core.environment:checking '/home/zjq/MY_CODE/detectArmor_ros/DetectArmor-ros-/install/armor_detect' for CMake module files
[15.870s] DEBUG:colcon.colcon_core.event_handler.log_command:Invoked command in '/home/zjq/MY_CODE/detectArmor_ros/DetectArmor-ros-/build/armor_detect' returned '0': CMAKE_PREFIX_PATH=/home/zjq/MY_CODE/detectArmor_ros/DetectArmor-ros-/install/hik_camera:/home/zjq/MY_CODE/detectArmor_ros/DetectArmor-ros-/install/armor_interfaces:/home/zjq/MY_CODE/detectArmor_ros/DetectArmor-ros-/install/armor_detect:/home/zjq/MY_CODE/detectArmor_ros/DetectArmor-ros-/install/armor_tracker:/opt/ros/humble LD_LIBRARY_PATH=/home/zjq/MY_CODE/detectArmor_ros/DetectArmor-ros-/install/hik_camera/lib:/home/zjq/MY_CODE/detectArmor_ros/DetectArmor-ros-/install/armor_interfaces/lib:/home/zjq/MY_CODE/detectArmor_ros/DetectArmor-ros-/install/armor_detect/lib:/home/zjq/MY_CODE/detectArmor_ros/DetectArmor-ros-/install/armor_tracker/lib:/opt/MVS/lib/64:/opt/MVS/lib/32:/opt/MVS/lib/64:/opt/MVS/lib/32:/opt/MVS/lib/64:/opt/MVS/lib/32:/opt/ros/humble/opt/rviz_ogre_vendor/lib:/opt/ros/humble/lib/x86_64-linux-gnu:/opt/ros/humble/lib:/opt/MVS/lib/64:/opt/MVS/lib/32:/opt/MVS/lib/64:/opt/MVS/lib/32:/opt/MVS/lib/64:/opt/MVS/lib/32 /usr/bin/cmake --install /home/zjq/MY_CODE/detectArmor_ros/DetectArmor-ros-/build/armor_detect
[15.871s] Level 1:colcon.colcon_core.environment:checking '/home/zjq/MY_CODE/detectArmor_ros/DetectArmor-ros-/install/armor_detect' for CMake config files
[15.871s] Level 1:colcon.colcon_core.shell:create_environment_hook('armor_detect', 'cmake_prefix_path')
[15.871s] INFO:colcon.colcon_core.shell:Creating environment hook '/home/zjq/MY_CODE/detectArmor_ros/DetectArmor-ros-/install/armor_detect/share/armor_detect/hook/cmake_prefix_path.ps1'
[15.871s] INFO:colcon.colcon_core.shell:Creating environment descriptor '/home/zjq/MY_CODE/detectArmor_ros/DetectArmor-ros-/install/armor_detect/share/armor_detect/hook/cmake_prefix_path.dsv'
[15.872s] INFO:colcon.colcon_core.shell:Creating environment hook '/home/zjq/MY_CODE/detectArmor_ros/DetectArmor-ros-/install/armor_detect/share/armor_detect/hook/cmake_prefix_path.sh'
[15.872s] Level 1:colcon.colcon_core.environment:checking '/home/zjq/MY_CODE/detectArmor_ros/DetectArmor-ros-/install/armor_detect/lib'
[15.872s] Level 1:colcon.colcon_core.shell:create_environment_hook('armor_detect', 'ld_library_path_lib')
[15.872s] INFO:colcon.colcon_core.shell:Creating environment hook '/home/zjq/MY_CODE/detectArmor_ros/DetectArmor-ros-/install/armor_detect/share/armor_detect/hook/ld_library_path_lib.ps1'
[15.872s] INFO:colcon.colcon_core.shell:Creating environment descriptor '/home/zjq/MY_CODE/detectArmor_ros/DetectArmor-ros-/install/armor_detect/share/armor_detect/hook/ld_library_path_lib.dsv'
[15.872s] INFO:colcon.colcon_core.shell:Creating environment hook '/home/zjq/MY_CODE/detectArmor_ros/DetectArmor-ros-/install/armor_detect/share/armor_detect/hook/ld_library_path_lib.sh'
[15.873s] Level 1:colcon.colcon_core.environment:checking '/home/zjq/MY_CODE/detectArmor_ros/DetectArmor-ros-/install/armor_detect/bin'
[15.873s] Level 1:colcon.colcon_core.environment:checking '/home/zjq/MY_CODE/detectArmor_ros/DetectArmor-ros-/install/armor_detect/lib/pkgconfig/armor_detect.pc'
[15.873s] Level 1:colcon.colcon_core.environment:checking '/home/zjq/MY_CODE/detectArmor_ros/DetectArmor-ros-/install/armor_detect/lib/python3.10/site-packages'
[15.873s] Level 1:colcon.colcon_core.environment:checking '/home/zjq/MY_CODE/detectArmor_ros/DetectArmor-ros-/install/armor_detect/bin'
[15.873s] INFO:colcon.colcon_core.shell:Creating package script '/home/zjq/MY_CODE/detectArmor_ros/DetectArmor-ros-/install/armor_detect/share/armor_detect/package.ps1'
[15.873s] INFO:colcon.colcon_core.shell:Creating package descriptor '/home/zjq/MY_CODE/detectArmor_ros/DetectArmor-ros-/install/armor_detect/share/armor_detect/package.dsv'
[15.874s] INFO:colcon.colcon_core.shell:Creating package script '/home/zjq/MY_CODE/detectArmor_ros/DetectArmor-ros-/install/armor_detect/share/armor_detect/package.sh'
[15.874s] INFO:colcon.colcon_core.shell:Creating package script '/home/zjq/MY_CODE/detectArmor_ros/DetectArmor-ros-/install/armor_detect/share/armor_detect/package.bash'
[15.874s] INFO:colcon.colcon_core.shell:Creating package script '/home/zjq/MY_CODE/detectArmor_ros/DetectArmor-ros-/install/armor_detect/share/armor_detect/package.zsh'
[15.874s] Level 1:colcon.colcon_core.environment:create_file_with_runtime_dependencies(/home/zjq/MY_CODE/detectArmor_ros/DetectArmor-ros-/install/armor_detect/share/colcon-core/packages/armor_detect)
[15.874s] Level 1:colcon.colcon_core.environment:create_environment_scripts_only(armor_detect)
[15.875s] Level 1:colcon.colcon_core.environment:checking '/home/zjq/MY_CODE/detectArmor_ros/DetectArmor-ros-/install/armor_detect' for CMake module files
[15.875s] Level 1:colcon.colcon_core.environment:checking '/home/zjq/MY_CODE/detectArmor_ros/DetectArmor-ros-/install/armor_detect' for CMake config files
[15.875s] Level 1:colcon.colcon_core.shell:create_environment_hook('armor_detect', 'cmake_prefix_path')
[15.875s] INFO:colcon.colcon_core.shell:Creating environment hook '/home/zjq/MY_CODE/detectArmor_ros/DetectArmor-ros-/install/armor_detect/share/armor_detect/hook/cmake_prefix_path.ps1'
[15.875s] INFO:colcon.colcon_core.shell:Creating environment descriptor '/home/zjq/MY_CODE/detectArmor_ros/DetectArmor-ros-/install/armor_detect/share/armor_detect/hook/cmake_prefix_path.dsv'
[15.875s] INFO:colcon.colcon_core.shell:Creating environment hook '/home/zjq/MY_CODE/detectArmor_ros/DetectArmor-ros-/install/armor_detect/share/armor_detect/hook/cmake_prefix_path.sh'
[15.876s] Level 1:colcon.colcon_core.environment:checking '/home/zjq/MY_CODE/detectArmor_ros/DetectArmor-ros-/install/armor_detect/lib'
[15.876s] Level 1:colcon.colcon_core.shell:create_environment_hook('armor_detect', 'ld_library_path_lib')
[15.876s] INFO:colcon.colcon_core.shell:Creating environment hook '/home/zjq/MY_CODE/detectArmor_ros/DetectArmor-ros-/install/armor_detect/share/armor_detect/hook/ld_library_path_lib.ps1'
[15.876s] INFO:colcon.colcon_core.shell:Creating environment descriptor '/home/zjq/MY_CODE/detectArmor_ros/DetectArmor-ros-/install/armor_detect/share/armor_detect/hook/ld_library_path_lib.dsv'
[15.876s] INFO:colcon.colcon_core.shell:Creating environment hook '/home/zjq/MY_CODE/detectArmor_ros/DetectArmor-ros-/install/armor_detect/share/armor_detect/hook/ld_library_path_lib.sh'
[15.877s] Level 1:colcon.colcon_core.environment:checking '/home/zjq/MY_CODE/detectArmor_ros/DetectArmor-ros-/install/armor_detect/bin'
[15.877s] Level 1:colcon.colcon_core.environment:checking '/home/zjq/MY_CODE/detectArmor_ros/DetectArmor-ros-/install/armor_detect/lib/pkgconfig/armor_detect.pc'
[15.877s] Level 1:colcon.colcon_core.environment:checking '/home/zjq/MY_CODE/detectArmor_ros/DetectArmor-ros-/install/armor_detect/lib/python3.10/site-packages'
[15.877s] Level 1:colcon.colcon_core.environment:checking '/home/zjq/MY_CODE/detectArmor_ros/DetectArmor-ros-/install/armor_detect/bin'
[15.877s] INFO:colcon.colcon_core.shell:Creating package script '/home/zjq/MY_CODE/detectArmor_ros/DetectArmor-ros-/install/armor_detect/share/armor_detect/package.ps1'
[15.877s] INFO:colcon.colcon_core.shell:Creating package descriptor '/home/zjq/MY_CODE/detectArmor_ros/DetectArmor-ros-/install/armor_detect/share/armor_detect/package.dsv'
[15.877s] INFO:colcon.colcon_core.shell:Creating package script '/home/zjq/MY_CODE/detectArmor_ros/DetectArmor-ros-/install/armor_detect/share/armor_detect/package.sh'
[15.878s] INFO:colcon.colcon_core.shell:Creating package script '/home/zjq/MY_CODE/detectArmor_ros/DetectArmor-ros-/install/armor_detect/share/armor_detect/package.bash'
[15.878s] INFO:colcon.colcon_core.shell:Creating package script '/home/zjq/MY_CODE/detectArmor_ros/DetectArmor-ros-/install/armor_detect/share/armor_detect/package.zsh'
[15.878s] Level 1:colcon.colcon_core.environment:create_file_with_runtime_dependencies(/home/zjq/MY_CODE/detectArmor_ros/DetectArmor-ros-/install/armor_detect/share/colcon-core/packages/armor_detect)
[17.292s] DEBUG:colcon.colcon_core.event_handler.log_command:Invoked command in '/home/zjq/MY_CODE/detectArmor_ros/DetectArmor-ros-/build/armor_tracker' returned '0': CMAKE_PREFIX_PATH=/home/zjq/MY_CODE/detectArmor_ros/DetectArmor-ros-/install/armor_interfaces:/home/zjq/MY_CODE/detectArmor_ros/DetectArmor-ros-/install/armor_detect:/home/zjq/MY_CODE/detectArmor_ros/DetectArmor-ros-/install/hik_camera:/home/zjq/MY_CODE/detectArmor_ros/DetectArmor-ros-/install/armor_tracker:/opt/ros/humble LD_LIBRARY_PATH=/home/zjq/MY_CODE/detectArmor_ros/DetectArmor-ros-/install/armor_interfaces/lib:/home/zjq/MY_CODE/detectArmor_ros/DetectArmor-ros-/install/armor_detect/lib:/home/zjq/MY_CODE/detectArmor_ros/DetectArmor-ros-/install/hik_camera/lib:/home/zjq/MY_CODE/detectArmor_ros/DetectArmor-ros-/install/armor_tracker/lib:/opt/MVS/lib/64:/opt/MVS/lib/32:/opt/MVS/lib/64:/opt/MVS/lib/32:/opt/MVS/lib/64:/opt/MVS/lib/32:/opt/ros/humble/opt/rviz_ogre_vendor/lib:/opt/ros/humble/lib/x86_64-linux-gnu:/opt/ros/humble/lib:/opt/MVS/lib/64:/opt/MVS/lib/32:/opt/MVS/lib/64:/opt/MVS/lib/32:/opt/MVS/lib/64:/opt/MVS/lib/32 /usr/bin/cmake --build /home/zjq/MY_CODE/detectArmor_ros/DetectArmor-ros-/build/armor_tracker -- -j22 -l22
[17.293s] DEBUG:colcon.colcon_core.event_handler.log_command:Invoking command in '/home/zjq/MY_CODE/detectArmor_ros/DetectArmor-ros-/build/armor_tracker': CMAKE_PREFIX_PATH=/home/zjq/MY_CODE/detectArmor_ros/DetectArmor-ros-/install/armor_interfaces:/home/zjq/MY_CODE/detectArmor_ros/DetectArmor-ros-/install/armor_detect:/home/zjq/MY_CODE/detectArmor_ros/DetectArmor-ros-/install/hik_camera:/home/zjq/MY_CODE/detectArmor_ros/DetectArmor-ros-/install/armor_tracker:/opt/ros/humble LD_LIBRARY_PATH=/home/zjq/MY_CODE/detectArmor_ros/DetectArmor-ros-/install/armor_interfaces/lib:/home/zjq/MY_CODE/detectArmor_ros/DetectArmor-ros-/install/armor_detect/lib:/home/zjq/MY_CODE/detectArmor_ros/DetectArmor-ros-/install/hik_camera/lib:/home/zjq/MY_CODE/detectArmor_ros/DetectArmor-ros-/install/armor_tracker/lib:/opt/MVS/lib/64:/opt/MVS/lib/32:/opt/MVS/lib/64:/opt/MVS/lib/32:/opt/MVS/lib/64:/opt/MVS/lib/32:/opt/ros/humble/opt/rviz_ogre_vendor/lib:/opt/ros/humble/lib/x86_64-linux-gnu:/opt/ros/humble/lib:/opt/MVS/lib/64:/opt/MVS/lib/32:/opt/MVS/lib/64:/opt/MVS/lib/32:/opt/MVS/lib/64:/opt/MVS/lib/32 /usr/bin/cmake --install /home/zjq/MY_CODE/detectArmor_ros/DetectArmor-ros-/build/armor_tracker
[17.299s] Level 1:colcon.colcon_core.environment:create_environment_scripts_only(armor_tracker)
[17.299s] Level 1:colcon.colcon_core.environment:checking '/home/zjq/MY_CODE/detectArmor_ros/DetectArmor-ros-/install/armor_tracker' for CMake module files
[17.300s] DEBUG:colcon.colcon_core.event_handler.log_command:Invoked command in '/home/zjq/MY_CODE/detectArmor_ros/DetectArmor-ros-/build/armor_tracker' returned '0': CMAKE_PREFIX_PATH=/home/zjq/MY_CODE/detectArmor_ros/DetectArmor-ros-/install/armor_interfaces:/home/zjq/MY_CODE/detectArmor_ros/DetectArmor-ros-/install/armor_detect:/home/zjq/MY_CODE/detectArmor_ros/DetectArmor-ros-/install/hik_camera:/home/zjq/MY_CODE/detectArmor_ros/DetectArmor-ros-/install/armor_tracker:/opt/ros/humble LD_LIBRARY_PATH=/home/zjq/MY_CODE/detectArmor_ros/DetectArmor-ros-/install/armor_interfaces/lib:/home/zjq/MY_CODE/detectArmor_ros/DetectArmor-ros-/install/armor_detect/lib:/home/zjq/MY_CODE/detectArmor_ros/DetectArmor-ros-/install/hik_camera/lib:/home/zjq/MY_CODE/detectArmor_ros/DetectArmor-ros-/install/armor_tracker/lib:/opt/MVS/lib/64:/opt/MVS/lib/32:/opt/MVS/lib/64:/opt/MVS/lib/32:/opt/MVS/lib/64:/opt/MVS/lib/32:/opt/ros/humble/opt/rviz_ogre_vendor/lib:/opt/ros/humble/lib/x86_64-linux-gnu:/opt/ros/humble/lib:/opt/MVS/lib/64:/opt/MVS/lib/32:/opt/MVS/lib/64:/opt/MVS/lib/32:/opt/MVS/lib/64:/opt/MVS/lib/32 /usr/bin/cmake --install /home/zjq/MY_CODE/detectArmor_ros/DetectArmor-ros-/build/armor_tracker
[17.300s] Level 1:colcon.colcon_core.environment:checking '/home/zjq/MY_CODE/detectArmor_ros/DetectArmor-ros-/install/armor_tracker' for CMake config files
[17.300s] Level 1:colcon.colcon_core.shell:create_environment_hook('armor_tracker', 'cmake_prefix_path')
[17.300s] INFO:colcon.colcon_core.shell:Creating environment hook '/home/zjq/MY_CODE/detectArmor_ros/DetectArmor-ros-/install/armor_tracker/share/armor_tracker/hook/cmake_prefix_path.ps1'
[17.300s] INFO:colcon.colcon_core.shell:Creating environment descriptor '/home/zjq/MY_CODE/detectArmor_ros/DetectArmor-ros-/install/armor_tracker/share/armor_tracker/hook/cmake_prefix_path.dsv'
[17.300s] INFO:colcon.colcon_core.shell:Creating environment hook '/home/zjq/MY_CODE/detectArmor_ros/DetectArmor-ros-/install/armor_tracker/share/armor_tracker/hook/cmake_prefix_path.sh'
[17.301s] Level 1:colcon.colcon_core.environment:checking '/home/zjq/MY_CODE/detectArmor_ros/DetectArmor-ros-/install/armor_tracker/lib'
[17.301s] Level 1:colcon.colcon_core.shell:create_environment_hook('armor_tracker', 'ld_library_path_lib')
[17.301s] INFO:colcon.colcon_core.shell:Creating environment hook '/home/zjq/MY_CODE/detectArmor_ros/DetectArmor-ros-/install/armor_tracker/share/armor_tracker/hook/ld_library_path_lib.ps1'
[17.301s] INFO:colcon.colcon_core.shell:Creating environment descriptor '/home/zjq/MY_CODE/detectArmor_ros/DetectArmor-ros-/install/armor_tracker/share/armor_tracker/hook/ld_library_path_lib.dsv'
[17.301s] INFO:colcon.colcon_core.shell:Creating environment hook '/home/zjq/MY_CODE/detectArmor_ros/DetectArmor-ros-/install/armor_tracker/share/armor_tracker/hook/ld_library_path_lib.sh'
[17.301s] Level 1:colcon.colcon_core.environment:checking '/home/zjq/MY_CODE/detectArmor_ros/DetectArmor-ros-/install/armor_tracker/bin'
[17.301s] Level 1:colcon.colcon_core.environment:checking '/home/zjq/MY_CODE/detectArmor_ros/DetectArmor-ros-/install/armor_tracker/lib/pkgconfig/armor_tracker.pc'
[17.302s] Level 1:colcon.colcon_core.environment:checking '/home/zjq/MY_CODE/detectArmor_ros/DetectArmor-ros-/install/armor_tracker/lib/python3.10/site-packages'
[17.302s] Level 1:colcon.colcon_core.environment:checking '/home/zjq/MY_CODE/detectArmor_ros/DetectArmor-ros-/install/armor_tracker/bin'
[17.302s] INFO:colcon.colcon_core.shell:Creating package script '/home/zjq/MY_CODE/detectArmor_ros/DetectArmor-ros-/install/armor_tracker/share/armor_tracker/package.ps1'
[17.302s] INFO:colcon.colcon_core.shell:Creating package descriptor '/home/zjq/MY_CODE/detectArmor_ros/DetectArmor-ros-/install/armor_tracker/share/armor_tracker/package.dsv'
[17.302s] INFO:colcon.colcon_core.shell:Creating package script '/home/zjq/MY_CODE/detectArmor_ros/DetectArmor-ros-/install/armor_tracker/share/armor_tracker/package.sh'
[17.303s] INFO:colcon.colcon_core.shell:Creating package script '/home/zjq/MY_CODE/detectArmor_ros/DetectArmor-ros-/install/armor_tracker/share/armor_tracker/package.bash'
[17.303s] INFO:colcon.colcon_core.shell:Creating package script '/home/zjq/MY_CODE/detectArmor_ros/DetectArmor-ros-/install/armor_tracker/share/armor_tracker/package.zsh'
[17.303s] Level 1:colcon.colcon_core.environment:create_file_with_runtime_dependencies(/home/zjq/MY_CODE/detectArmor_ros/DetectArmor-ros-/install/armor_tracker/share/colcon-core/packages/armor_tracker)
[17.303s] Level 1:colcon.colcon_core.environment:create_environment_scripts_only(armor_tracker)
[17.303s] Level 1:colcon.colcon_core.environment:checking '/home/zjq/MY_CODE/detectArmor_ros/DetectArmor-ros-/install/armor_tracker' for CMake module files
[17.304s] Level 1:colcon.colcon_core.environment:checking '/home/zjq/MY_CODE/detectArmor_ros/DetectArmor-ros-/install/armor_tracker' for CMake config files
[17.304s] Level 1:colcon.colcon_core.shell:create_environment_hook('armor_tracker', 'cmake_prefix_path')
[17.304s] INFO:colcon.colcon_core.shell:Creating environment hook '/home/zjq/MY_CODE/detectArmor_ros/DetectArmor-ros-/install/armor_tracker/share/armor_tracker/hook/cmake_prefix_path.ps1'
[17.304s] INFO:colcon.colcon_core.shell:Creating environment descriptor '/home/zjq/MY_CODE/detectArmor_ros/DetectArmor-ros-/install/armor_tracker/share/armor_tracker/hook/cmake_prefix_path.dsv'
[17.304s] INFO:colcon.colcon_core.shell:Creating environment hook '/home/zjq/MY_CODE/detectArmor_ros/DetectArmor-ros-/install/armor_tracker/share/armor_tracker/hook/cmake_prefix_path.sh'
[17.304s] Level 1:colcon.colcon_core.environment:checking '/home/zjq/MY_CODE/detectArmor_ros/DetectArmor-ros-/install/armor_tracker/lib'
[17.304s] Level 1:colcon.colcon_core.shell:create_environment_hook('armor_tracker', 'ld_library_path_lib')
[17.305s] INFO:colcon.colcon_core.shell:Creating environment hook '/home/zjq/MY_CODE/detectArmor_ros/DetectArmor-ros-/install/armor_tracker/share/armor_tracker/hook/ld_library_path_lib.ps1'
[17.305s] INFO:colcon.colcon_core.shell:Creating environment descriptor '/home/zjq/MY_CODE/detectArmor_ros/DetectArmor-ros-/install/armor_tracker/share/armor_tracker/hook/ld_library_path_lib.dsv'
[17.305s] INFO:colcon.colcon_core.shell:Creating environment hook '/home/zjq/MY_CODE/detectArmor_ros/DetectArmor-ros-/install/armor_tracker/share/armor_tracker/hook/ld_library_path_lib.sh'
[17.305s] Level 1:colcon.colcon_core.environment:checking '/home/zjq/MY_CODE/detectArmor_ros/DetectArmor-ros-/install/armor_tracker/bin'
[17.305s] Level 1:colcon.colcon_core.environment:checking '/home/zjq/MY_CODE/detectArmor_ros/DetectArmor-ros-/install/armor_tracker/lib/pkgconfig/armor_tracker.pc'
[17.305s] Level 1:colcon.colcon_core.environment:checking '/home/zjq/MY_CODE/detectArmor_ros/DetectArmor-ros-/install/armor_tracker/lib/python3.10/site-packages'
[17.305s] Level 1:colcon.colcon_core.environment:checking '/home/zjq/MY_CODE/detectArmor_ros/DetectArmor-ros-/install/armor_tracker/bin'
[17.305s] INFO:colcon.colcon_core.shell:Creating package script '/home/zjq/MY_CODE/detectArmor_ros/DetectArmor-ros-/install/armor_tracker/share/armor_tracker/package.ps1'
[17.306s] INFO:colcon.colcon_core.shell:Creating package descriptor '/home/zjq/MY_CODE/detectArmor_ros/DetectArmor-ros-/install/armor_tracker/share/armor_tracker/package.dsv'
[17.306s] INFO:colcon.colcon_core.shell:Creating package script '/home/zjq/MY_CODE/detectArmor_ros/DetectArmor-ros-/install/armor_tracker/share/armor_tracker/package.sh'
[17.306s] INFO:colcon.colcon_core.shell:Creating package script '/home/zjq/MY_CODE/detectArmor_ros/DetectArmor-ros-/install/armor_tracker/share/armor_tracker/package.bash'
[17.306s] INFO:colcon.colcon_core.shell:Creating package script '/home/zjq/MY_CODE/detectArmor_ros/DetectArmor-ros-/install/armor_tracker/share/armor_tracker/package.zsh'
[17.307s] Level 1:colcon.colcon_core.environment:create_file_with_runtime_dependencies(/home/zjq/MY_CODE/detectArmor_ros/DetectArmor-ros-/install/armor_tracker/share/colcon-core/packages/armor_tracker)
[17.307s] DEBUG:colcon.colcon_parallel_executor.executor.parallel:closing loop
[17.307s] DEBUG:colcon.colcon_parallel_executor.executor.parallel:loop closed
[17.307s] DEBUG:colcon.colcon_parallel_executor.executor.parallel:run_until_complete finished with '0'
[17.307s] DEBUG:colcon.colcon_core.event_reactor:joining thread
[17.311s] INFO:colcon.colcon_core.plugin_system:Skipping extension 'colcon_notification.desktop_notification.terminal_notifier': Not used on non-Darwin systems
[17.311s] INFO:colcon.colcon_core.plugin_system:Skipping extension 'colcon_notification.desktop_notification.win32': Not used on non-Windows systems
[17.311s] INFO:colcon.colcon_notification.desktop_notification:Sending desktop notification using 'notify2'
[17.322s] DEBUG:colcon.colcon_core.event_reactor:joined thread
[17.323s] INFO:colcon.colcon_core.shell:Creating prefix script '/home/zjq/MY_CODE/detectArmor_ros/DetectArmor-ros-/install/local_setup.ps1'
[17.323s] INFO:colcon.colcon_core.shell:Creating prefix util module '/home/zjq/MY_CODE/detectArmor_ros/DetectArmor-ros-/install/_local_setup_util_ps1.py'
[17.324s] INFO:colcon.colcon_core.shell:Creating prefix chain script '/home/zjq/MY_CODE/detectArmor_ros/DetectArmor-ros-/install/setup.ps1'
[17.325s] INFO:colcon.colcon_core.shell:Creating prefix script '/home/zjq/MY_CODE/detectArmor_ros/DetectArmor-ros-/install/local_setup.sh'
[17.325s] INFO:colcon.colcon_core.shell:Creating prefix util module '/home/zjq/MY_CODE/detectArmor_ros/DetectArmor-ros-/install/_local_setup_util_sh.py'
[17.325s] INFO:colcon.colcon_core.shell:Creating prefix chain script '/home/zjq/MY_CODE/detectArmor_ros/DetectArmor-ros-/install/setup.sh'
[17.326s] INFO:colcon.colcon_core.shell:Creating prefix script '/home/zjq/MY_CODE/detectArmor_ros/DetectArmor-ros-/install/local_setup.bash'
[17.326s] INFO:colcon.colcon_core.shell:Creating prefix chain script '/home/zjq/MY_CODE/detectArmor_ros/DetectArmor-ros-/install/setup.bash'
[17.326s] INFO:colcon.colcon_core.shell:Creating prefix script '/home/zjq/MY_CODE/detectArmor_ros/DetectArmor-ros-/install/local_setup.zsh'
[17.327s] INFO:colcon.colcon_core.shell:Creating prefix chain script '/home/zjq/MY_CODE/detectArmor_ros/DetectArmor-ros-/install/setup.zsh'
